{"contracts/Controller.sol":{"l":{"12":0,"13":0,"14":0,"15":0,"21":0,"22":0,"23":0,"27":0,"28":0,"29":0,"34":0,"35":0,"36":0,"41":0,"42":0,"47":0,"48":0,"49":0,"53":0,"54":0,"58":0,"62":0,"66":0,"70":0},"path":"/home/tally/Repositories/Tellor/tellorX/contracts/Controller.sol","s":{"1":0,"2":0,"3":0,"4":0,"5":0,"6":0,"7":0,"8":0,"9":0,"10":0,"11":0,"12":0,"13":0,"14":0,"15":0,"16":0,"17":0,"18":0,"19":0,"20":0,"21":0,"22":0,"23":0},"b":{"1":[0,0],"2":[0,0],"3":[0,0],"4":[0,0],"5":[0,0],"6":[0,0],"7":[0,0],"8":[0,0],"9":[0,0],"10":[0,0],"11":[0,0],"12":[0,0]},"f":{"1":0,"2":0,"3":0,"4":0,"5":0,"6":0,"7":0,"8":0,"9":0},"fnMap":{"1":{"name":"changeControllerContract","line":11,"loc":{"start":{"line":11,"column":4},"end":{"line":18,"column":4}}},"2":{"name":"changeGovernanceContract","line":20,"loc":{"start":{"line":20,"column":4},"end":{"line":24,"column":4}}},"3":{"name":"changeOracleContract","line":26,"loc":{"start":{"line":26,"column":4},"end":{"line":31,"column":4}}},"4":{"name":"changeTreasuryContract","line":33,"loc":{"start":{"line":33,"column":4},"end":{"line":38,"column":4}}},"5":{"name":"changeUint","line":40,"loc":{"start":{"line":40,"column":4},"end":{"line":43,"column":4}}},"6":{"name":"migrate","line":46,"loc":{"start":{"line":46,"column":4},"end":{"line":50,"column":4}}},"7":{"name":"mint","line":52,"loc":{"start":{"line":52,"column":4},"end":{"line":55,"column":4}}},"8":{"name":"verify","line":57,"loc":{"start":{"line":57,"column":4},"end":{"line":59,"column":4}}},"9":{"name":"_isValid","line":61,"loc":{"start":{"line":61,"column":4},"end":{"line":71,"column":4}}}},"statementMap":{"1":{"start":{"line":12,"column":8},"end":{"line":12,"column":61}},"2":{"start":{"line":13,"column":8},"end":{"line":13,"column":40}},"3":{"start":{"line":14,"column":8},"end":{"line":14,"column":51}},"4":{"start":{"line":21,"column":8},"end":{"line":21,"column":61}},"5":{"start":{"line":22,"column":8},"end":{"line":22,"column":40}},"6":{"start":{"line":23,"column":8},"end":{"line":23,"column":55}},"7":{"start":{"line":27,"column":8},"end":{"line":27,"column":61}},"8":{"start":{"line":28,"column":8},"end":{"line":28,"column":36}},"9":{"start":{"line":29,"column":8},"end":{"line":29,"column":47}},"10":{"start":{"line":34,"column":8},"end":{"line":34,"column":61}},"11":{"start":{"line":35,"column":8},"end":{"line":35,"column":38}},"12":{"start":{"line":36,"column":8},"end":{"line":36,"column":51}},"13":{"start":{"line":41,"column":8},"end":{"line":41,"column":61}},"14":{"start":{"line":42,"column":8},"end":{"line":42,"column":31}},"15":{"start":{"line":47,"column":8},"end":{"line":47,"column":57}},"16":{"start":{"line":48,"column":8},"end":{"line":48,"column":85}},"17":{"start":{"line":49,"column":8},"end":{"line":49,"column":34}},"18":{"start":{"line":53,"column":8},"end":{"line":53,"column":125}},"19":{"start":{"line":54,"column":8},"end":{"line":54,"column":34}},"20":{"start":{"line":58,"column":8},"end":{"line":58,"column":19}},"21":{"start":{"line":62,"column":8},"end":{"line":62,"column":2159}},"22":{"start":{"line":66,"column":8},"end":{"line":66,"column":2332}},"23":{"start":{"line":70,"column":8},"end":{"line":70,"column":19}}},"branchMap":{"1":{"line":12,"type":"if","locations":[{"start":{"line":12,"column":8},"end":{"line":12,"column":8}},{"start":{"line":12,"column":8},"end":{"line":12,"column":8}}]},"2":{"line":13,"type":"if","locations":[{"start":{"line":13,"column":8},"end":{"line":13,"column":8}},{"start":{"line":13,"column":8},"end":{"line":13,"column":8}}]},"3":{"line":21,"type":"if","locations":[{"start":{"line":21,"column":8},"end":{"line":21,"column":8}},{"start":{"line":21,"column":8},"end":{"line":21,"column":8}}]},"4":{"line":22,"type":"if","locations":[{"start":{"line":22,"column":8},"end":{"line":22,"column":8}},{"start":{"line":22,"column":8},"end":{"line":22,"column":8}}]},"5":{"line":27,"type":"if","locations":[{"start":{"line":27,"column":8},"end":{"line":27,"column":8}},{"start":{"line":27,"column":8},"end":{"line":27,"column":8}}]},"6":{"line":28,"type":"if","locations":[{"start":{"line":28,"column":8},"end":{"line":28,"column":8}},{"start":{"line":28,"column":8},"end":{"line":28,"column":8}}]},"7":{"line":34,"type":"if","locations":[{"start":{"line":34,"column":8},"end":{"line":34,"column":8}},{"start":{"line":34,"column":8},"end":{"line":34,"column":8}}]},"8":{"line":35,"type":"if","locations":[{"start":{"line":35,"column":8},"end":{"line":35,"column":8}},{"start":{"line":35,"column":8},"end":{"line":35,"column":8}}]},"9":{"line":41,"type":"if","locations":[{"start":{"line":41,"column":8},"end":{"line":41,"column":8}},{"start":{"line":41,"column":8},"end":{"line":41,"column":8}}]},"10":{"line":47,"type":"if","locations":[{"start":{"line":47,"column":8},"end":{"line":47,"column":8}},{"start":{"line":47,"column":8},"end":{"line":47,"column":8}}]},"11":{"line":53,"type":"if","locations":[{"start":{"line":53,"column":8},"end":{"line":53,"column":8}},{"start":{"line":53,"column":8},"end":{"line":53,"column":8}}]},"12":{"line":66,"type":"if","locations":[{"start":{"line":66,"column":8},"end":{"line":66,"column":8}},{"start":{"line":66,"column":8},"end":{"line":66,"column":8}}]}}},"contracts/Governance.sol":{"l":{"62":0,"75":0,"76":0,"78":0,"88":0,"89":0,"90":0,"91":0,"92":0,"93":0,"94":0,"95":0,"96":0,"97":0,"99":0,"101":0,"102":0,"103":0,"104":0,"105":0,"106":0,"107":0,"108":0,"109":0,"110":0,"111":0,"112":0,"113":0,"114":0,"115":0,"116":0,"117":0,"120":0,"122":0,"123":0,"124":0,"125":0,"126":0,"130":0,"131":0,"135":0,"142":0,"144":0,"159":0,"160":0,"163":0,"165":0,"166":0,"168":0,"169":0,"170":0,"171":0,"172":0,"173":0,"175":0,"177":0,"180":0,"185":0,"186":0,"187":0,"188":0,"189":0,"190":0,"191":0,"192":0,"193":0,"194":0,"195":0,"196":0,"197":0,"199":0,"201":0,"202":0,"203":0,"204":0,"205":0,"206":0,"207":0,"208":0,"209":0,"210":0,"212":0,"215":0,"216":0,"217":0,"218":0,"220":0,"222":0,"223":0,"224":0,"225":0,"227":0,"229":0,"230":0,"235":0,"236":0,"237":0,"238":0,"239":0,"241":0,"242":0,"243":0,"244":0,"245":0,"247":0,"248":0,"251":0,"252":0,"253":0,"254":0,"255":0,"256":0,"257":0,"258":0,"259":0,"260":0,"265":0,"266":0,"270":0,"271":0,"279":0,"280":0,"281":0,"282":0,"283":0,"284":0,"285":0,"286":0,"288":0,"292":0,"293":0,"296":0,"297":0,"298":0,"299":0,"300":0,"301":0,"306":0,"308":0,"309":0,"317":0,"318":0,"319":0,"320":0,"321":0,"322":0,"324":0,"325":0,"328":0,"333":0,"338":0,"339":0,"343":0,"344":0,"345":0,"351":0,"355":0,"359":0,"360":0,"364":0,"368":0,"372":0,"373":0,"380":0,"384":0,"389":0,"390":0,"391":0,"392":0,"394":0,"395":0,"396":0,"397":0,"398":0,"399":0,"400":0,"401":0,"402":0,"403":0,"404":0,"405":0,"406":0,"407":0,"408":0,"410":0,"412":0,"414":0,"418":0},"path":"/home/tally/Repositories/Tellor/tellorX/contracts/Governance.sol","s":{"1":0,"2":0,"3":0,"4":0,"5":0,"6":0,"7":0,"8":0,"9":0,"10":0,"11":0,"12":0,"13":0,"14":0,"15":0,"16":0,"17":0,"18":0,"19":0,"20":0,"21":0,"22":0,"23":0,"24":0,"25":0,"26":0,"27":0,"28":0,"29":0,"30":0,"31":0,"32":0,"33":0,"34":0,"35":0,"36":0,"37":0,"38":0,"39":0,"40":0,"41":0,"42":0,"43":0,"44":0,"45":0,"46":0,"47":0,"48":0,"49":0,"50":0,"51":0,"52":0,"53":0,"54":0,"55":0,"56":0,"57":0,"58":0,"59":0,"60":0,"61":0,"62":0,"63":0,"64":0,"65":0,"66":0,"67":0,"68":0,"69":0,"70":0,"71":0,"72":0,"73":0,"74":0,"75":0,"76":0,"77":0,"78":0,"79":0,"80":0,"81":0,"82":0,"83":0,"84":0,"85":0,"86":0,"87":0,"88":0,"89":0,"90":0,"91":0,"92":0,"93":0,"94":0,"95":0,"96":0,"97":0,"98":0,"99":0,"100":0,"101":0,"102":0,"103":0,"104":0,"105":0,"106":0,"107":0,"108":0,"109":0,"110":0,"111":0,"112":0,"113":0,"114":0,"115":0,"116":0,"117":0,"118":0,"119":0,"120":0,"121":0,"122":0,"123":0,"124":0,"125":0,"126":0,"127":0,"128":0,"129":0,"130":0,"131":0,"132":0,"133":0,"134":0,"135":0,"136":0,"137":0,"138":0,"139":0,"140":0,"141":0,"142":0,"143":0,"144":0,"145":0,"146":0,"147":0,"148":0,"149":0,"150":0,"151":0,"152":0,"153":0,"154":0,"155":0,"156":0,"157":0,"158":0,"159":0,"160":0,"161":0,"162":0,"163":0,"164":0,"165":0,"166":0,"167":0,"168":0,"169":0,"170":0,"171":0,"172":0,"173":0,"174":0,"175":0,"176":0,"177":0,"178":0,"179":0,"180":0,"181":0,"182":0,"183":0,"184":0,"185":0,"186":0,"187":0,"188":0,"189":0},"b":{"1":[0,0],"2":[0,0],"3":[0,0],"4":[0,0],"5":[0,0],"6":[0,0],"7":[0,0],"8":[0,0],"9":[0,0],"10":[0,0],"11":[0,0],"12":[0,0],"13":[0,0],"14":[0,0],"15":[0,0],"16":[0,0],"17":[0,0],"18":[0,0],"19":[0,0],"20":[0,0],"21":[0,0],"22":[0,0],"23":[0,0],"24":[0,0],"25":[0,0],"26":[0,0],"27":[0,0],"28":[0,0],"29":[0,0],"30":[0,0],"31":[0,0],"32":[0,0],"33":[0,0],"34":[0,0],"35":[0,0],"36":[0,0],"37":[0,0],"38":[0,0],"39":[0,0],"40":[0,0],"41":[0,0],"42":[0,0],"43":[0,0],"44":[0,0],"45":[0,0],"46":[0,0],"47":[0,0],"48":[0,0],"49":[0,0],"50":[0,0]},"f":{"1":0,"2":0,"3":0,"4":0,"5":0,"6":0,"7":0,"8":0,"9":0,"10":0,"11":0,"12":0,"13":0,"14":0,"15":0,"16":0,"17":0,"18":0,"19":0,"20":0,"21":0,"22":0},"fnMap":{"1":{"name":"constructor","line":61,"loc":{"start":{"line":61,"column":4},"end":{"line":79,"column":4}}},"2":{"name":"beginDispute","line":87,"loc":{"start":{"line":87,"column":4},"end":{"line":127,"column":4}}},"3":{"name":"delegate","line":129,"loc":{"start":{"line":129,"column":4},"end":{"line":146,"column":4}}},"4":{"name":"delegateOfAt","line":154,"loc":{"start":{"line":154,"column":4},"end":{"line":182,"column":4}}},"5":{"name":"executeVote","line":184,"loc":{"start":{"line":184,"column":4},"end":{"line":232,"column":4}}},"6":{"name":"proposeVote","line":234,"loc":{"start":{"line":234,"column":3},"end":{"line":267,"column":4}}},"7":{"name":"setApprovedFunction","line":269,"loc":{"start":{"line":269,"column":4},"end":{"line":272,"column":4}}},"8":{"name":"tallyVotes","line":278,"loc":{"start":{"line":278,"column":4},"end":{"line":310,"column":4}}},"9":{"name":"updateMinDisputeFee","line":316,"loc":{"start":{"line":316,"column":4},"end":{"line":330,"column":4}}},"10":{"name":"verify","line":332,"loc":{"start":{"line":332,"column":4},"end":{"line":334,"column":4}}},"11":{"name":"vote","line":337,"loc":{"start":{"line":337,"column":4},"end":{"line":340,"column":4}}},"12":{"name":"voteFor","line":342,"loc":{"start":{"line":342,"column":4},"end":{"line":347,"column":4}}},"13":{"name":"didVote","line":350,"loc":{"start":{"line":350,"column":4},"end":{"line":352,"column":4}}},"14":{"name":"getDelegateInfo","line":354,"loc":{"start":{"line":354,"column":4},"end":{"line":356,"column":4}}},"15":{"name":"getDisputeInfo","line":358,"loc":{"start":{"line":358,"column":4},"end":{"line":361,"column":4}}},"16":{"name":"getOpenDisputesOnId","line":363,"loc":{"start":{"line":363,"column":4},"end":{"line":365,"column":4}}},"17":{"name":"getVoteCount","line":367,"loc":{"start":{"line":367,"column":4},"end":{"line":369,"column":4}}},"18":{"name":"getVoteInfo","line":370,"loc":{"start":{"line":370,"column":4},"end":{"line":376,"column":4}}},"19":{"name":"getVoteRounds","line":379,"loc":{"start":{"line":379,"column":4},"end":{"line":381,"column":4}}},"20":{"name":"isFunctionApproved","line":383,"loc":{"start":{"line":383,"column":4},"end":{"line":385,"column":4}}},"21":{"name":"_vote","line":388,"loc":{"start":{"line":388,"column":4},"end":{"line":415,"column":4}}},"22":{"name":"_min","line":417,"loc":{"start":{"line":417,"column":4},"end":{"line":419,"column":4}}}},"statementMap":{"1":{"start":{"line":62,"column":8},"end":{"line":62,"column":2184}},"2":{"start":{"line":75,"column":8},"end":{"line":75,"column":2880}},"3":{"start":{"line":76,"column":12},"end":{"line":76,"column":46}},"4":{"start":{"line":78,"column":8},"end":{"line":78,"column":28}},"5":{"start":{"line":88,"column":8},"end":{"line":88,"column":81}},"6":{"start":{"line":89,"column":8},"end":{"line":89,"column":107}},"7":{"start":{"line":90,"column":8},"end":{"line":90,"column":90}},"8":{"start":{"line":91,"column":8},"end":{"line":91,"column":75}},"9":{"start":{"line":93,"column":8},"end":{"line":93,"column":31}},"10":{"start":{"line":94,"column":8},"end":{"line":94,"column":34}},"11":{"start":{"line":95,"column":8},"end":{"line":95,"column":3894}},"12":{"start":{"line":96,"column":12},"end":{"line":96,"column":77}},"13":{"start":{"line":97,"column":12},"end":{"line":97,"column":124}},"14":{"start":{"line":99,"column":12},"end":{"line":99,"column":154}},"15":{"start":{"line":101,"column":8},"end":{"line":101,"column":46}},"16":{"start":{"line":102,"column":8},"end":{"line":102,"column":55}},"17":{"start":{"line":103,"column":8},"end":{"line":103,"column":39}},"18":{"start":{"line":104,"column":8},"end":{"line":104,"column":42}},"19":{"start":{"line":105,"column":8},"end":{"line":105,"column":42}},"20":{"start":{"line":106,"column":8},"end":{"line":106,"column":88}},"21":{"start":{"line":107,"column":8},"end":{"line":107,"column":45}},"22":{"start":{"line":108,"column":8},"end":{"line":108,"column":39}},"23":{"start":{"line":109,"column":8},"end":{"line":109,"column":43}},"24":{"start":{"line":110,"column":8},"end":{"line":110,"column":44}},"25":{"start":{"line":111,"column":8},"end":{"line":111,"column":53}},"26":{"start":{"line":112,"column":8},"end":{"line":112,"column":33}},"27":{"start":{"line":114,"column":8},"end":{"line":114,"column":20}},"28":{"start":{"line":115,"column":8},"end":{"line":115,"column":5013}},"29":{"start":{"line":116,"column":12},"end":{"line":116,"column":68}},"30":{"start":{"line":117,"column":12},"end":{"line":117,"column":62}},"31":{"start":{"line":120,"column":12},"end":{"line":120,"column":64}},"32":{"start":{"line":122,"column":8},"end":{"line":122,"column":36}},"33":{"start":{"line":123,"column":8},"end":{"line":123,"column":99}},"34":{"start":{"line":124,"column":8},"end":{"line":124,"column":50}},"35":{"start":{"line":125,"column":8},"end":{"line":125,"column":67}},"36":{"start":{"line":126,"column":8},"end":{"line":126,"column":63}},"37":{"start":{"line":130,"column":8},"end":{"line":130,"column":67}},"38":{"start":{"line":131,"column":8},"end":{"line":131,"column":5863}},"39":{"start":{"line":135,"column":12},"end":{"line":135,"column":6013}},"40":{"start":{"line":142,"column":12},"end":{"line":142,"column":6263}},"41":{"start":{"line":144,"column":12},"end":{"line":144,"column":45}},"42":{"start":{"line":159,"column":8},"end":{"line":159,"column":62}},"43":{"start":{"line":160,"column":8},"end":{"line":160,"column":6868}},"44":{"start":{"line":163,"column":12},"end":{"line":163,"column":29}},"45":{"start":{"line":165,"column":12},"end":{"line":165,"column":7088}},"46":{"start":{"line":166,"column":16},"end":{"line":166,"column":67}},"47":{"start":{"line":168,"column":12},"end":{"line":168,"column":27}},"48":{"start":{"line":169,"column":12},"end":{"line":169,"column":48}},"49":{"start":{"line":170,"column":12},"end":{"line":170,"column":7320}},"50":{"start":{"line":171,"column":16},"end":{"line":171,"column":49}},"51":{"start":{"line":172,"column":16},"end":{"line":172,"column":7413}},"52":{"start":{"line":173,"column":20},"end":{"line":173,"column":52}},"53":{"start":{"line":174,"column":23},"end":{"line":174,"column":7542}},"54":{"start":{"line":175,"column":20},"end":{"line":175,"column":28}},"55":{"start":{"line":177,"column":20},"end":{"line":177,"column":32}},"56":{"start":{"line":180,"column":12},"end":{"line":180,"column":44}},"57":{"start":{"line":185,"column":8},"end":{"line":185,"column":46}},"58":{"start":{"line":186,"column":8},"end":{"line":186,"column":57}},"59":{"start":{"line":187,"column":8},"end":{"line":187,"column":61}},"60":{"start":{"line":188,"column":8},"end":{"line":188,"column":63}},"61":{"start":{"line":189,"column":8},"end":{"line":189,"column":108}},"62":{"start":{"line":190,"column":8},"end":{"line":190,"column":131}},"63":{"start":{"line":191,"column":8},"end":{"line":191,"column":32}},"64":{"start":{"line":192,"column":8},"end":{"line":192,"column":8361}},"65":{"start":{"line":193,"column":12},"end":{"line":193,"column":8404}},"66":{"start":{"line":194,"column":16},"end":{"line":194,"column":60}},"67":{"start":{"line":195,"column":16},"end":{"line":195,"column":26}},"68":{"start":{"line":196,"column":16},"end":{"line":196,"column":33}},"69":{"start":{"line":197,"column":16},"end":{"line":197,"column":105}},"70":{"start":{"line":199,"column":12},"end":{"line":199,"column":52}},"71":{"start":{"line":201,"column":12},"end":{"line":201,"column":59}},"72":{"start":{"line":202,"column":12},"end":{"line":202,"column":65}},"73":{"start":{"line":203,"column":12},"end":{"line":203,"column":22}},"74":{"start":{"line":204,"column":12},"end":{"line":204,"column":27}},"75":{"start":{"line":205,"column":12},"end":{"line":205,"column":8997}},"76":{"start":{"line":206,"column":16},"end":{"line":206,"column":9061}},"77":{"start":{"line":207,"column":20},"end":{"line":207,"column":71}},"78":{"start":{"line":208,"column":20},"end":{"line":208,"column":48}},"79":{"start":{"line":209,"column":20},"end":{"line":209,"column":9276}},"80":{"start":{"line":210,"column":24},"end":{"line":210,"column":94}},"81":{"start":{"line":212,"column":20},"end":{"line":212,"column":74}},"82":{"start":{"line":214,"column":18},"end":{"line":214,"column":9518}},"83":{"start":{"line":215,"column":16},"end":{"line":215,"column":9583}},"84":{"start":{"line":216,"column":20},"end":{"line":216,"column":71}},"85":{"start":{"line":217,"column":20},"end":{"line":217,"column":48}},"86":{"start":{"line":218,"column":19},"end":{"line":218,"column":73}},"87":{"start":{"line":220,"column":16},"end":{"line":220,"column":76}},"88":{"start":{"line":221,"column":18},"end":{"line":221,"column":9964}},"89":{"start":{"line":222,"column":16},"end":{"line":222,"column":10028}},"90":{"start":{"line":223,"column":20},"end":{"line":223,"column":71}},"91":{"start":{"line":224,"column":20},"end":{"line":224,"column":48}},"92":{"start":{"line":225,"column":20},"end":{"line":225,"column":81}},"93":{"start":{"line":227,"column":16},"end":{"line":227,"column":76}},"94":{"start":{"line":230,"column":12},"end":{"line":230,"column":52}},"95":{"start":{"line":236,"column":8},"end":{"line":236,"column":31}},"96":{"start":{"line":237,"column":8},"end":{"line":237,"column":46}},"97":{"start":{"line":238,"column":8},"end":{"line":238,"column":10769}},"98":{"start":{"line":239,"column":12},"end":{"line":239,"column":39}},"99":{"start":{"line":241,"column":8},"end":{"line":241,"column":89}},"100":{"start":{"line":242,"column":8},"end":{"line":242,"column":34}},"101":{"start":{"line":243,"column":8},"end":{"line":243,"column":10983}},"102":{"start":{"line":244,"column":12},"end":{"line":244,"column":77}},"103":{"start":{"line":245,"column":12},"end":{"line":245,"column":74}},"104":{"start":{"line":247,"column":8},"end":{"line":247,"column":39}},"105":{"start":{"line":248,"column":8},"end":{"line":248,"column":64}},"106":{"start":{"line":251,"column":8},"end":{"line":251,"column":119}},"107":{"start":{"line":252,"column":8},"end":{"line":252,"column":53}},"108":{"start":{"line":253,"column":8},"end":{"line":253,"column":44}},"109":{"start":{"line":254,"column":8},"end":{"line":254,"column":43}},"110":{"start":{"line":255,"column":8},"end":{"line":255,"column":27}},"111":{"start":{"line":256,"column":8},"end":{"line":256,"column":29}},"112":{"start":{"line":257,"column":8},"end":{"line":257,"column":41}},"113":{"start":{"line":258,"column":8},"end":{"line":258,"column":40}},"114":{"start":{"line":259,"column":8},"end":{"line":259,"column":39}},"115":{"start":{"line":260,"column":8},"end":{"line":260,"column":11976}},"116":{"start":{"line":265,"column":8},"end":{"line":265,"column":72}},"117":{"start":{"line":266,"column":8},"end":{"line":266,"column":47}},"118":{"start":{"line":270,"column":8},"end":{"line":270,"column":43}},"119":{"start":{"line":271,"column":8},"end":{"line":271,"column":37}},"120":{"start":{"line":279,"column":8},"end":{"line":279,"column":46}},"121":{"start":{"line":280,"column":8},"end":{"line":280,"column":72}},"122":{"start":{"line":281,"column":8},"end":{"line":281,"column":78}},"123":{"start":{"line":282,"column":8},"end":{"line":282,"column":34}},"124":{"start":{"line":283,"column":8},"end":{"line":283,"column":27}},"125":{"start":{"line":284,"column":8},"end":{"line":284,"column":13080}},"126":{"start":{"line":285,"column":12},"end":{"line":285,"column":29}},"127":{"start":{"line":286,"column":12},"end":{"line":286,"column":22}},"128":{"start":{"line":288,"column":8},"end":{"line":288,"column":13185}},"129":{"start":{"line":292,"column":8},"end":{"line":292,"column":13325}},"130":{"start":{"line":293,"column":12},"end":{"line":293,"column":48}},"131":{"start":{"line":295,"column":13},"end":{"line":295,"column":13525}},"132":{"start":{"line":296,"column":16},"end":{"line":296,"column":13595}},"133":{"start":{"line":297,"column":16},"end":{"line":297,"column":51}},"134":{"start":{"line":298,"column":16},"end":{"line":298,"column":63}},"135":{"start":{"line":299,"column":16},"end":{"line":299,"column":106}},"136":{"start":{"line":300,"column":16},"end":{"line":300,"column":13947}},"137":{"start":{"line":301,"column":24},"end":{"line":301,"column":100}},"138":{"start":{"line":306,"column":12},"end":{"line":306,"column":47}},"139":{"start":{"line":308,"column":8},"end":{"line":308,"column":44}},"140":{"start":{"line":309,"column":8},"end":{"line":309,"column":47}},"141":{"start":{"line":317,"column":8},"end":{"line":317,"column":76}},"142":{"start":{"line":318,"column":8},"end":{"line":318,"column":79}},"143":{"start":{"line":319,"column":8},"end":{"line":319,"column":77}},"144":{"start":{"line":320,"column":8},"end":{"line":320,"column":24}},"145":{"start":{"line":321,"column":8},"end":{"line":321,"column":14768}},"146":{"start":{"line":322,"column":12},"end":{"line":322,"column":92}},"147":{"start":{"line":324,"column":8},"end":{"line":324,"column":14905}},"148":{"start":{"line":325,"column":12},"end":{"line":325,"column":29}},"149":{"start":{"line":328,"column":12},"end":{"line":328,"column":44}},"150":{"start":{"line":333,"column":8},"end":{"line":333,"column":19}},"151":{"start":{"line":338,"column":8},"end":{"line":338,"column":117}},"152":{"start":{"line":339,"column":8},"end":{"line":339,"column":52}},"153":{"start":{"line":343,"column":8},"end":{"line":343,"column":15524}},"154":{"start":{"line":344,"column":12},"end":{"line":344,"column":83}},"155":{"start":{"line":345,"column":12},"end":{"line":345,"column":56}},"156":{"start":{"line":351,"column":8},"end":{"line":351,"column":42}},"157":{"start":{"line":355,"column":8},"end":{"line":355,"column":116}},"158":{"start":{"line":359,"column":8},"end":{"line":359,"column":45}},"159":{"start":{"line":360,"column":8},"end":{"line":360,"column":68}},"160":{"start":{"line":364,"column":8},"end":{"line":364,"column":36}},"161":{"start":{"line":368,"column":8},"end":{"line":368,"column":24}},"162":{"start":{"line":372,"column":8},"end":{"line":372,"column":39}},"163":{"start":{"line":373,"column":8},"end":{"line":373,"column":16867}},"164":{"start":{"line":380,"column":8},"end":{"line":380,"column":32}},"165":{"start":{"line":384,"column":8},"end":{"line":384,"column":38}},"166":{"start":{"line":389,"column":8},"end":{"line":389,"column":55}},"167":{"start":{"line":390,"column":8},"end":{"line":390,"column":46}},"168":{"start":{"line":391,"column":8},"end":{"line":391,"column":17551}},"169":{"start":{"line":392,"column":12},"end":{"line":392,"column":76}},"170":{"start":{"line":394,"column":8},"end":{"line":394,"column":77}},"171":{"start":{"line":395,"column":8},"end":{"line":395,"column":61}},"172":{"start":{"line":396,"column":8},"end":{"line":396,"column":82}},"173":{"start":{"line":397,"column":8},"end":{"line":397,"column":74}},"174":{"start":{"line":398,"column":8},"end":{"line":398,"column":82}},"175":{"start":{"line":399,"column":8},"end":{"line":399,"column":61}},"176":{"start":{"line":400,"column":8},"end":{"line":400,"column":73}},"177":{"start":{"line":401,"column":8},"end":{"line":401,"column":50}},"178":{"start":{"line":402,"column":8},"end":{"line":402,"column":62}},"179":{"start":{"line":403,"column":8},"end":{"line":403,"column":61}},"180":{"start":{"line":404,"column":8},"end":{"line":404,"column":68}},"181":{"start":{"line":405,"column":8},"end":{"line":405,"column":51}},"182":{"start":{"line":406,"column":8},"end":{"line":406,"column":37}},"183":{"start":{"line":407,"column":8},"end":{"line":407,"column":18563}},"184":{"start":{"line":408,"column":12},"end":{"line":408,"column":47}},"185":{"start":{"line":409,"column":15},"end":{"line":409,"column":18672}},"186":{"start":{"line":410,"column":12},"end":{"line":410,"column":46}},"187":{"start":{"line":412,"column":12},"end":{"line":412,"column":42}},"188":{"start":{"line":414,"column":8},"end":{"line":414,"column":68}},"189":{"start":{"line":418,"column":8},"end":{"line":418,"column":28}}},"branchMap":{"1":{"line":89,"type":"if","locations":[{"start":{"line":89,"column":8},"end":{"line":89,"column":8}},{"start":{"line":89,"column":8},"end":{"line":89,"column":8}}]},"2":{"line":95,"type":"if","locations":[{"start":{"line":95,"column":8},"end":{"line":95,"column":8}},{"start":{"line":95,"column":8},"end":{"line":95,"column":8}}]},"3":{"line":97,"type":"if","locations":[{"start":{"line":97,"column":12},"end":{"line":97,"column":12}},{"start":{"line":97,"column":12},"end":{"line":97,"column":12}}]},"4":{"line":99,"type":"if","locations":[{"start":{"line":99,"column":12},"end":{"line":99,"column":12}},{"start":{"line":99,"column":12},"end":{"line":99,"column":12}}]},"5":{"line":115,"type":"if","locations":[{"start":{"line":115,"column":8},"end":{"line":115,"column":8}},{"start":{"line":115,"column":8},"end":{"line":115,"column":8}}]},"6":{"line":123,"type":"if","locations":[{"start":{"line":123,"column":8},"end":{"line":123,"column":8}},{"start":{"line":123,"column":8},"end":{"line":123,"column":8}}]},"7":{"line":131,"type":"if","locations":[{"start":{"line":131,"column":8},"end":{"line":131,"column":8}},{"start":{"line":131,"column":8},"end":{"line":131,"column":8}}]},"8":{"line":160,"type":"if","locations":[{"start":{"line":160,"column":8},"end":{"line":160,"column":8}},{"start":{"line":160,"column":8},"end":{"line":160,"column":8}}]},"9":{"line":165,"type":"if","locations":[{"start":{"line":165,"column":12},"end":{"line":165,"column":12}},{"start":{"line":165,"column":12},"end":{"line":165,"column":12}}]},"10":{"line":172,"type":"if","locations":[{"start":{"line":172,"column":16},"end":{"line":172,"column":16}},{"start":{"line":172,"column":16},"end":{"line":172,"column":16}}]},"11":{"line":174,"type":"if","locations":[{"start":{"line":174,"column":23},"end":{"line":174,"column":23}},{"start":{"line":174,"column":23},"end":{"line":174,"column":23}}]},"12":{"line":186,"type":"if","locations":[{"start":{"line":186,"column":8},"end":{"line":186,"column":8}},{"start":{"line":186,"column":8},"end":{"line":186,"column":8}}]},"13":{"line":187,"type":"if","locations":[{"start":{"line":187,"column":8},"end":{"line":187,"column":8}},{"start":{"line":187,"column":8},"end":{"line":187,"column":8}}]},"14":{"line":188,"type":"if","locations":[{"start":{"line":188,"column":8},"end":{"line":188,"column":8}},{"start":{"line":188,"column":8},"end":{"line":188,"column":8}}]},"15":{"line":189,"type":"if","locations":[{"start":{"line":189,"column":8},"end":{"line":189,"column":8}},{"start":{"line":189,"column":8},"end":{"line":189,"column":8}}]},"16":{"line":190,"type":"if","locations":[{"start":{"line":190,"column":8},"end":{"line":190,"column":8}},{"start":{"line":190,"column":8},"end":{"line":190,"column":8}}]},"17":{"line":192,"type":"if","locations":[{"start":{"line":192,"column":8},"end":{"line":192,"column":8}},{"start":{"line":192,"column":8},"end":{"line":192,"column":8}}]},"18":{"line":193,"type":"if","locations":[{"start":{"line":193,"column":12},"end":{"line":193,"column":12}},{"start":{"line":193,"column":12},"end":{"line":193,"column":12}}]},"19":{"line":205,"type":"if","locations":[{"start":{"line":205,"column":12},"end":{"line":205,"column":12}},{"start":{"line":205,"column":12},"end":{"line":205,"column":12}}]},"20":{"line":209,"type":"if","locations":[{"start":{"line":209,"column":20},"end":{"line":209,"column":20}},{"start":{"line":209,"column":20},"end":{"line":209,"column":20}}]},"21":{"line":214,"type":"if","locations":[{"start":{"line":214,"column":18},"end":{"line":214,"column":18}},{"start":{"line":214,"column":18},"end":{"line":214,"column":18}}]},"22":{"line":221,"type":"if","locations":[{"start":{"line":221,"column":18},"end":{"line":221,"column":18}},{"start":{"line":221,"column":18},"end":{"line":221,"column":18}}]},"23":{"line":238,"type":"if","locations":[{"start":{"line":238,"column":8},"end":{"line":238,"column":8}},{"start":{"line":238,"column":8},"end":{"line":238,"column":8}}]},"24":{"line":243,"type":"if","locations":[{"start":{"line":243,"column":8},"end":{"line":243,"column":8}},{"start":{"line":243,"column":8},"end":{"line":243,"column":8}}]},"25":{"line":245,"type":"if","locations":[{"start":{"line":245,"column":12},"end":{"line":245,"column":12}},{"start":{"line":245,"column":12},"end":{"line":245,"column":12}}]},"26":{"line":251,"type":"if","locations":[{"start":{"line":251,"column":8},"end":{"line":251,"column":8}},{"start":{"line":251,"column":8},"end":{"line":251,"column":8}}]},"27":{"line":260,"type":"if","locations":[{"start":{"line":260,"column":8},"end":{"line":260,"column":8}},{"start":{"line":260,"column":8},"end":{"line":260,"column":8}}]},"28":{"line":265,"type":"if","locations":[{"start":{"line":265,"column":8},"end":{"line":265,"column":8}},{"start":{"line":265,"column":8},"end":{"line":265,"column":8}}]},"29":{"line":270,"type":"if","locations":[{"start":{"line":270,"column":8},"end":{"line":270,"column":8}},{"start":{"line":270,"column":8},"end":{"line":270,"column":8}}]},"30":{"line":280,"type":"if","locations":[{"start":{"line":280,"column":8},"end":{"line":280,"column":8}},{"start":{"line":280,"column":8},"end":{"line":280,"column":8}}]},"31":{"line":281,"type":"if","locations":[{"start":{"line":281,"column":8},"end":{"line":281,"column":8}},{"start":{"line":281,"column":8},"end":{"line":281,"column":8}}]},"32":{"line":284,"type":"if","locations":[{"start":{"line":284,"column":8},"end":{"line":284,"column":8}},{"start":{"line":284,"column":8},"end":{"line":284,"column":8}}]},"33":{"line":288,"type":"if","locations":[{"start":{"line":288,"column":8},"end":{"line":288,"column":8}},{"start":{"line":288,"column":8},"end":{"line":288,"column":8}}]},"34":{"line":292,"type":"if","locations":[{"start":{"line":292,"column":8},"end":{"line":292,"column":8}},{"start":{"line":292,"column":8},"end":{"line":292,"column":8}}]},"35":{"line":295,"type":"if","locations":[{"start":{"line":295,"column":13},"end":{"line":295,"column":13}},{"start":{"line":295,"column":13},"end":{"line":295,"column":13}}]},"36":{"line":296,"type":"if","locations":[{"start":{"line":296,"column":16},"end":{"line":296,"column":16}},{"start":{"line":296,"column":16},"end":{"line":296,"column":16}}]},"37":{"line":300,"type":"if","locations":[{"start":{"line":300,"column":16},"end":{"line":300,"column":16}},{"start":{"line":300,"column":16},"end":{"line":300,"column":16}}]},"38":{"line":321,"type":"if","locations":[{"start":{"line":321,"column":8},"end":{"line":321,"column":8}},{"start":{"line":321,"column":8},"end":{"line":321,"column":8}}]},"39":{"line":324,"type":"if","locations":[{"start":{"line":324,"column":8},"end":{"line":324,"column":8}},{"start":{"line":324,"column":8},"end":{"line":324,"column":8}}]},"40":{"line":338,"type":"if","locations":[{"start":{"line":338,"column":8},"end":{"line":338,"column":8}},{"start":{"line":338,"column":8},"end":{"line":338,"column":8}}]},"41":{"line":344,"type":"if","locations":[{"start":{"line":344,"column":12},"end":{"line":344,"column":12}},{"start":{"line":344,"column":12},"end":{"line":344,"column":12}}]},"42":{"line":389,"type":"if","locations":[{"start":{"line":389,"column":8},"end":{"line":389,"column":8}},{"start":{"line":389,"column":8},"end":{"line":389,"column":8}}]},"43":{"line":391,"type":"if","locations":[{"start":{"line":391,"column":8},"end":{"line":391,"column":8}},{"start":{"line":391,"column":8},"end":{"line":391,"column":8}}]},"44":{"line":392,"type":"if","locations":[{"start":{"line":392,"column":12},"end":{"line":392,"column":12}},{"start":{"line":392,"column":12},"end":{"line":392,"column":12}}]},"45":{"line":394,"type":"if","locations":[{"start":{"line":394,"column":8},"end":{"line":394,"column":8}},{"start":{"line":394,"column":8},"end":{"line":394,"column":8}}]},"46":{"line":403,"type":"if","locations":[{"start":{"line":403,"column":8},"end":{"line":403,"column":8}},{"start":{"line":403,"column":8},"end":{"line":403,"column":8}}]},"47":{"line":404,"type":"if","locations":[{"start":{"line":404,"column":8},"end":{"line":404,"column":8}},{"start":{"line":404,"column":8},"end":{"line":404,"column":8}}]},"48":{"line":405,"type":"if","locations":[{"start":{"line":405,"column":8},"end":{"line":405,"column":8}},{"start":{"line":405,"column":8},"end":{"line":405,"column":8}}]},"49":{"line":407,"type":"if","locations":[{"start":{"line":407,"column":8},"end":{"line":407,"column":8}},{"start":{"line":407,"column":8},"end":{"line":407,"column":8}}]},"50":{"line":409,"type":"if","locations":[{"start":{"line":409,"column":15},"end":{"line":409,"column":15}},{"start":{"line":409,"column":15},"end":{"line":409,"column":15}}]}}},"contracts/interfaces/IController.sol":{"l":{},"path":"/home/tally/Repositories/Tellor/tellorX/contracts/interfaces/IController.sol","s":{},"b":{},"f":{},"fnMap":{},"statementMap":{},"branchMap":{}},"contracts/interfaces/IGovernance.sol":{"l":{},"path":"/home/tally/Repositories/Tellor/tellorX/contracts/interfaces/IGovernance.sol","s":{},"b":{},"f":{},"fnMap":{},"statementMap":{},"branchMap":{}},"contracts/interfaces/IOracle.sol":{"l":{},"path":"/home/tally/Repositories/Tellor/tellorX/contracts/interfaces/IOracle.sol","s":{},"b":{},"f":{},"fnMap":{},"statementMap":{},"branchMap":{}},"contracts/interfaces/ITellor.sol":{"l":{},"path":"/home/tally/Repositories/Tellor/tellorX/contracts/interfaces/ITellor.sol","s":{},"b":{},"f":{},"fnMap":{},"statementMap":{},"branchMap":{}},"contracts/interfaces/ITreasury.sol":{"l":{},"path":"/home/tally/Repositories/Tellor/tellorX/contracts/interfaces/ITreasury.sol","s":{},"b":{},"f":{},"fnMap":{},"statementMap":{},"branchMap":{}},"contracts/Oracle.sol":{"l":{"36":0,"37":0,"38":0,"39":0,"40":0,"41":0,"42":0,"43":0,"47":0,"48":0,"49":0,"53":0,"54":0,"55":0,"59":0,"60":0,"61":0,"62":0,"63":0,"65":0,"66":0,"67":0,"71":0,"75":0,"76":0,"77":0,"78":0,"80":0,"81":0,"82":0,"83":0,"84":0,"85":0,"86":0,"87":0,"89":0,"90":0,"91":0,"92":0,"93":0,"95":0,"96":0,"97":0,"99":0,"100":0,"101":0,"102":0,"106":0,"111":0,"115":0,"119":0,"123":0,"127":0,"131":0,"135":0,"139":0,"142":0,"146":0,"150":0,"154":0,"158":0},"path":"/home/tally/Repositories/Tellor/tellorX/contracts/Oracle.sol","s":{"1":0,"2":0,"3":0,"4":0,"5":0,"6":0,"7":0,"8":0,"9":0,"10":0,"11":0,"12":0,"13":0,"14":0,"15":0,"16":0,"17":0,"18":0,"19":0,"20":0,"21":0,"22":0,"23":0,"24":0,"25":0,"26":0,"27":0,"28":0,"29":0,"30":0,"31":0,"32":0,"33":0,"34":0,"35":0,"36":0,"37":0,"38":0,"39":0,"40":0,"41":0,"42":0,"43":0,"44":0,"45":0,"46":0,"47":0,"48":0,"49":0,"50":0,"51":0,"52":0,"53":0,"54":0,"55":0,"56":0,"57":0,"58":0,"59":0},"b":{"1":[0,0],"2":[0,0],"3":[0,0],"4":[0,0],"5":[0,0],"6":[0,0],"7":[0,0],"8":[0,0],"9":[0,0],"10":[0,0],"11":[0,0]},"f":{"1":0,"2":0,"3":0,"4":0,"5":0,"6":0,"7":0,"8":0,"9":0,"10":0,"11":0,"12":0,"13":0,"14":0,"15":0,"16":0,"17":0,"18":0,"19":0},"fnMap":{"1":{"name":"addTip","line":35,"loc":{"start":{"line":35,"column":4},"end":{"line":44,"column":4}}},"2":{"name":"changeMiningLock","line":46,"loc":{"start":{"line":46,"column":4},"end":{"line":50,"column":4}}},"3":{"name":"changeTimeBasedReward","line":52,"loc":{"start":{"line":52,"column":4},"end":{"line":56,"column":4}}},"4":{"name":"removeValue","line":58,"loc":{"start":{"line":58,"column":4},"end":{"line":68,"column":4}}},"5":{"name":"submitValue","line":70,"loc":{"start":{"line":70,"column":4},"end":{"line":103,"column":4}}},"6":{"name":"verify","line":105,"loc":{"start":{"line":105,"column":4},"end":{"line":107,"column":4}}},"7":{"name":"getBlockNumberByTimestamp","line":110,"loc":{"start":{"line":110,"column":4},"end":{"line":112,"column":4}}},"8":{"name":"getMiningLock","line":114,"loc":{"start":{"line":114,"column":4},"end":{"line":116,"column":4}}},"9":{"name":"getReporterByTimestamp","line":118,"loc":{"start":{"line":118,"column":4},"end":{"line":120,"column":4}}},"10":{"name":"getReportsSubmittedByAddress","line":122,"loc":{"start":{"line":122,"column":4},"end":{"line":124,"column":4}}},"11":{"name":"getTimestampCountById","line":126,"loc":{"start":{"line":126,"column":4},"end":{"line":128,"column":4}}},"12":{"name":"getReportTimestampByIndex","line":130,"loc":{"start":{"line":130,"column":4},"end":{"line":132,"column":4}}},"13":{"name":"getTimeBasedReward","line":134,"loc":{"start":{"line":134,"column":4},"end":{"line":136,"column":4}}},"14":{"name":"getTimeOfLastNewValue","line":138,"loc":{"start":{"line":138,"column":4},"end":{"line":140,"column":4}}},"15":{"name":"getTimestampIndexByTimestamp","line":141,"loc":{"start":{"line":141,"column":4},"end":{"line":143,"column":4}}},"16":{"name":"getTipsById","line":145,"loc":{"start":{"line":145,"column":4},"end":{"line":147,"column":4}}},"17":{"name":"getTipsByUser","line":149,"loc":{"start":{"line":149,"column":4},"end":{"line":151,"column":4}}},"18":{"name":"getValueByTimestamp","line":153,"loc":{"start":{"line":153,"column":4},"end":{"line":155,"column":4}}},"19":{"name":"getCurrentValue","line":157,"loc":{"start":{"line":157,"column":4},"end":{"line":159,"column":4}}}},"statementMap":{"1":{"start":{"line":36,"column":8},"end":{"line":36,"column":56}},"2":{"start":{"line":37,"column":8},"end":{"line":37,"column":117}},"3":{"start":{"line":38,"column":8},"end":{"line":38,"column":20}},"4":{"start":{"line":39,"column":8},"end":{"line":39,"column":45}},"5":{"start":{"line":40,"column":8},"end":{"line":40,"column":24}},"6":{"start":{"line":41,"column":8},"end":{"line":41,"column":37}},"7":{"start":{"line":42,"column":8},"end":{"line":42,"column":29}},"8":{"start":{"line":43,"column":8},"end":{"line":43,"column":55}},"9":{"start":{"line":47,"column":8},"end":{"line":47,"column":89}},"10":{"start":{"line":48,"column":8},"end":{"line":48,"column":34}},"11":{"start":{"line":49,"column":8},"end":{"line":49,"column":46}},"12":{"start":{"line":53,"column":8},"end":{"line":53,"column":89}},"13":{"start":{"line":54,"column":8},"end":{"line":54,"column":44}},"14":{"start":{"line":55,"column":8},"end":{"line":55,"column":57}},"15":{"start":{"line":59,"column":8},"end":{"line":59,"column":131}},"16":{"start":{"line":60,"column":8},"end":{"line":60,"column":41}},"17":{"start":{"line":61,"column":8},"end":{"line":61,"column":55}},"18":{"start":{"line":62,"column":8},"end":{"line":62,"column":2756}},"19":{"start":{"line":63,"column":12},"end":{"line":63,"column":50}},"20":{"start":{"line":66,"column":8},"end":{"line":66,"column":27}},"21":{"start":{"line":67,"column":8},"end":{"line":67,"column":44}},"22":{"start":{"line":71,"column":8},"end":{"line":71,"column":3107}},"23":{"start":{"line":75,"column":8},"end":{"line":75,"column":58}},"24":{"start":{"line":76,"column":8},"end":{"line":76,"column":57}},"25":{"start":{"line":77,"column":8},"end":{"line":77,"column":62}},"26":{"start":{"line":78,"column":8},"end":{"line":78,"column":60}},"27":{"start":{"line":80,"column":8},"end":{"line":80,"column":122}},"28":{"start":{"line":81,"column":8},"end":{"line":81,"column":41}},"29":{"start":{"line":82,"column":8},"end":{"line":82,"column":104}},"30":{"start":{"line":83,"column":8},"end":{"line":83,"column":66}},"31":{"start":{"line":84,"column":8},"end":{"line":84,"column":43}},"32":{"start":{"line":85,"column":8},"end":{"line":85,"column":62}},"33":{"start":{"line":86,"column":8},"end":{"line":86,"column":53}},"34":{"start":{"line":87,"column":8},"end":{"line":87,"column":60}},"35":{"start":{"line":89,"column":8},"end":{"line":89,"column":64}},"36":{"start":{"line":90,"column":8},"end":{"line":90,"column":32}},"37":{"start":{"line":91,"column":8},"end":{"line":91,"column":61}},"38":{"start":{"line":92,"column":8},"end":{"line":92,"column":4428}},"39":{"start":{"line":93,"column":12},"end":{"line":93,"column":70}},"40":{"start":{"line":95,"column":8},"end":{"line":95,"column":29}},"41":{"start":{"line":96,"column":8},"end":{"line":96,"column":4620}},"42":{"start":{"line":97,"column":12},"end":{"line":97,"column":54}},"43":{"start":{"line":99,"column":8},"end":{"line":99,"column":20}},"44":{"start":{"line":100,"column":8},"end":{"line":100,"column":43}},"45":{"start":{"line":102,"column":8},"end":{"line":102,"column":67}},"46":{"start":{"line":106,"column":8},"end":{"line":106,"column":19}},"47":{"start":{"line":111,"column":8},"end":{"line":111,"column":59}},"48":{"start":{"line":115,"column":8},"end":{"line":115,"column":25}},"49":{"start":{"line":119,"column":8},"end":{"line":119,"column":59}},"50":{"start":{"line":123,"column":8},"end":{"line":123,"column":51}},"51":{"start":{"line":127,"column":8},"end":{"line":127,"column":45}},"52":{"start":{"line":131,"column":8},"end":{"line":131,"column":46}},"53":{"start":{"line":135,"column":8},"end":{"line":135,"column":30}},"54":{"start":{"line":139,"column":8},"end":{"line":139,"column":33}},"55":{"start":{"line":142,"column":8},"end":{"line":142,"column":54}},"56":{"start":{"line":146,"column":8},"end":{"line":146,"column":24}},"57":{"start":{"line":150,"column":8},"end":{"line":150,"column":32}},"58":{"start":{"line":154,"column":8},"end":{"line":154,"column":56}},"59":{"start":{"line":158,"column":9},"end":{"line":158,"column":104}}},"branchMap":{"1":{"line":36,"type":"if","locations":[{"start":{"line":36,"column":8},"end":{"line":36,"column":8}},{"start":{"line":36,"column":8},"end":{"line":36,"column":8}}]},"2":{"line":37,"type":"if","locations":[{"start":{"line":37,"column":8},"end":{"line":37,"column":8}},{"start":{"line":37,"column":8},"end":{"line":37,"column":8}}]},"3":{"line":47,"type":"if","locations":[{"start":{"line":47,"column":8},"end":{"line":47,"column":8}},{"start":{"line":47,"column":8},"end":{"line":47,"column":8}}]},"4":{"line":53,"type":"if","locations":[{"start":{"line":53,"column":8},"end":{"line":53,"column":8}},{"start":{"line":53,"column":8},"end":{"line":53,"column":8}}]},"5":{"line":59,"type":"if","locations":[{"start":{"line":59,"column":8},"end":{"line":59,"column":8}},{"start":{"line":59,"column":8},"end":{"line":59,"column":8}}]},"6":{"line":71,"type":"if","locations":[{"start":{"line":71,"column":8},"end":{"line":71,"column":8}},{"start":{"line":71,"column":8},"end":{"line":71,"column":8}}]},"7":{"line":78,"type":"if","locations":[{"start":{"line":78,"column":8},"end":{"line":78,"column":8}},{"start":{"line":78,"column":8},"end":{"line":78,"column":8}}]},"8":{"line":80,"type":"if","locations":[{"start":{"line":80,"column":8},"end":{"line":80,"column":8}},{"start":{"line":80,"column":8},"end":{"line":80,"column":8}}]},"9":{"line":82,"type":"if","locations":[{"start":{"line":82,"column":8},"end":{"line":82,"column":8}},{"start":{"line":82,"column":8},"end":{"line":82,"column":8}}]},"10":{"line":92,"type":"if","locations":[{"start":{"line":92,"column":8},"end":{"line":92,"column":8}},{"start":{"line":92,"column":8},"end":{"line":92,"column":8}}]},"11":{"line":96,"type":"if","locations":[{"start":{"line":96,"column":8},"end":{"line":96,"column":8}},{"start":{"line":96,"column":8},"end":{"line":96,"column":8}}]}}},"contracts/tellor3/Extension.sol":{"l":{"36":0,"37":0,"46":0,"48":0,"50":0,"53":0,"55":0,"57":0,"58":0,"66":0,"68":0,"70":0,"75":0,"79":0,"80":0,"82":0,"84":0,"86":0,"88":0,"89":0,"92":0,"95":0,"96":0,"97":0,"111":0,"112":0,"113":0,"129":0,"130":0,"132":0,"140":0,"141":0,"142":0,"146":0,"147":0,"148":0,"152":0,"153":0,"154":0,"155":0,"158":0,"166":0,"169":0,"174":0,"178":0,"179":0,"189":0,"196":0,"201":0,"202":0,"206":0},"path":"/home/tally/Repositories/Tellor/tellorX/contracts/tellor3/Extension.sol","s":{"1":0,"2":0,"3":0,"4":0,"5":0,"6":0,"7":0,"8":0,"9":0,"10":0,"11":0,"12":0,"13":0,"14":0,"15":0,"16":0,"17":0,"18":0,"19":0,"20":0,"21":0,"22":0,"23":0,"24":0,"25":0,"26":0,"27":0,"28":0,"29":0,"30":0,"31":0,"32":0,"33":0,"34":0,"35":0,"36":0,"37":0,"38":0,"39":0,"40":0,"41":0,"42":0,"43":0,"44":0,"45":0,"46":0,"47":0,"48":0,"49":0,"50":0,"51":0},"b":{"1":[0,0],"2":[0,0],"3":[0,0],"4":[0,0],"5":[0,0],"6":[0,0],"7":[0,0],"8":[0,0],"9":[0,0],"10":[0,0],"11":[0,0],"12":[0,0],"13":[0,0],"14":[0,0],"15":[0,0],"16":[0,0],"17":[0,0]},"f":{"1":0,"2":0,"3":0,"4":0,"5":0,"6":0,"7":0},"fnMap":{"1":{"name":"depositStake","line":35,"loc":{"start":{"line":35,"column":4},"end":{"line":38,"column":4}}},"2":{"name":"requestStakingWithdraw","line":45,"loc":{"start":{"line":45,"column":4},"end":{"line":59,"column":4}}},"3":{"name":"tallyVotes","line":65,"loc":{"start":{"line":65,"column":4},"end":{"line":104,"column":4}}},"4":{"name":"updateMinDisputeFee","line":110,"loc":{"start":{"line":110,"column":4},"end":{"line":121,"column":4}}},"5":{"name":"updateTellor","line":128,"loc":{"start":{"line":128,"column":4},"end":{"line":159,"column":4}}},"6":{"name":"withdrawStake","line":165,"loc":{"start":{"line":165,"column":4},"end":{"line":180,"column":4}}},"7":{"name":"_newStake","line":188,"loc":{"start":{"line":188,"column":4},"end":{"line":207,"column":4}}}},"statementMap":{"1":{"start":{"line":36,"column":8},"end":{"line":36,"column":28}},"2":{"start":{"line":37,"column":8},"end":{"line":37,"column":28}},"3":{"start":{"line":46,"column":8},"end":{"line":46,"column":60}},"4":{"start":{"line":48,"column":8},"end":{"line":48,"column":64}},"5":{"start":{"line":50,"column":8},"end":{"line":50,"column":31}},"6":{"start":{"line":53,"column":8},"end":{"line":53,"column":69}},"7":{"start":{"line":55,"column":8},"end":{"line":55,"column":31}},"8":{"start":{"line":57,"column":8},"end":{"line":57,"column":28}},"9":{"start":{"line":58,"column":8},"end":{"line":58,"column":47}},"10":{"start":{"line":66,"column":8},"end":{"line":66,"column":55}},"11":{"start":{"line":68,"column":8},"end":{"line":68,"column":75}},"12":{"start":{"line":70,"column":8},"end":{"line":70,"column":2790}},"13":{"start":{"line":75,"column":8},"end":{"line":75,"column":2983}},"14":{"start":{"line":79,"column":8},"end":{"line":79,"column":34}},"15":{"start":{"line":80,"column":8},"end":{"line":80,"column":3137}},"16":{"start":{"line":82,"column":12},"end":{"line":82,"column":3216}},"17":{"start":{"line":84,"column":16},"end":{"line":84,"column":44}},"18":{"start":{"line":86,"column":16},"end":{"line":86,"column":76}},"19":{"start":{"line":88,"column":16},"end":{"line":88,"column":3612}},"20":{"start":{"line":89,"column":20},"end":{"line":89,"column":43}},"21":{"start":{"line":91,"column":19},"end":{"line":91,"column":3724}},"22":{"start":{"line":92,"column":16},"end":{"line":92,"column":44}},"23":{"start":{"line":95,"column":8},"end":{"line":95,"column":58}},"24":{"start":{"line":96,"column":8},"end":{"line":96,"column":27}},"25":{"start":{"line":97,"column":8},"end":{"line":97,"column":3952}},"26":{"start":{"line":111,"column":8},"end":{"line":111,"column":48}},"27":{"start":{"line":112,"column":8},"end":{"line":112,"column":51}},"28":{"start":{"line":113,"column":8},"end":{"line":113,"column":4419}},"29":{"start":{"line":129,"column":8},"end":{"line":129,"column":53}},"30":{"start":{"line":130,"column":8},"end":{"line":130,"column":54}},"31":{"start":{"line":132,"column":8},"end":{"line":132,"column":5155}},"32":{"start":{"line":140,"column":8},"end":{"line":140,"column":65}},"33":{"start":{"line":141,"column":8},"end":{"line":141,"column":58}},"34":{"start":{"line":142,"column":8},"end":{"line":142,"column":5545}},"35":{"start":{"line":146,"column":8},"end":{"line":146,"column":68}},"36":{"start":{"line":147,"column":8},"end":{"line":147,"column":81}},"37":{"start":{"line":148,"column":8},"end":{"line":148,"column":5832}},"38":{"start":{"line":152,"column":8},"end":{"line":152,"column":47}},"39":{"start":{"line":153,"column":8},"end":{"line":153,"column":52}},"40":{"start":{"line":154,"column":8},"end":{"line":154,"column":47}},"41":{"start":{"line":158,"column":8},"end":{"line":158,"column":41}},"42":{"start":{"line":166,"column":8},"end":{"line":166,"column":60}},"43":{"start":{"line":169,"column":8},"end":{"line":169,"column":6650}},"44":{"start":{"line":174,"column":8},"end":{"line":174,"column":6813}},"45":{"start":{"line":178,"column":8},"end":{"line":178,"column":31}},"46":{"start":{"line":179,"column":8},"end":{"line":179,"column":39}},"47":{"start":{"line":189,"column":8},"end":{"line":189,"column":7399}},"48":{"start":{"line":196,"column":8},"end":{"line":196,"column":7745}},"49":{"start":{"line":201,"column":8},"end":{"line":201,"column":31}},"50":{"start":{"line":202,"column":8},"end":{"line":202,"column":7966}},"51":{"start":{"line":206,"column":8},"end":{"line":206,"column":30}}},"branchMap":{"1":{"line":48,"type":"if","locations":[{"start":{"line":48,"column":8},"end":{"line":48,"column":8}},{"start":{"line":48,"column":8},"end":{"line":48,"column":8}}]},"2":{"line":68,"type":"if","locations":[{"start":{"line":68,"column":8},"end":{"line":68,"column":8}},{"start":{"line":68,"column":8},"end":{"line":68,"column":8}}]},"3":{"line":70,"type":"if","locations":[{"start":{"line":70,"column":8},"end":{"line":70,"column":8}},{"start":{"line":70,"column":8},"end":{"line":70,"column":8}}]},"4":{"line":75,"type":"if","locations":[{"start":{"line":75,"column":8},"end":{"line":75,"column":8}},{"start":{"line":75,"column":8},"end":{"line":75,"column":8}}]},"5":{"line":80,"type":"if","locations":[{"start":{"line":80,"column":8},"end":{"line":80,"column":8}},{"start":{"line":80,"column":8},"end":{"line":80,"column":8}}]},"6":{"line":82,"type":"if","locations":[{"start":{"line":82,"column":12},"end":{"line":82,"column":12}},{"start":{"line":82,"column":12},"end":{"line":82,"column":12}}]},"7":{"line":88,"type":"if","locations":[{"start":{"line":88,"column":16},"end":{"line":88,"column":16}},{"start":{"line":88,"column":16},"end":{"line":88,"column":16}}]},"8":{"line":91,"type":"if","locations":[{"start":{"line":91,"column":19},"end":{"line":91,"column":19}},{"start":{"line":91,"column":19},"end":{"line":91,"column":19}}]},"9":{"line":141,"type":"if","locations":[{"start":{"line":141,"column":8},"end":{"line":141,"column":8}},{"start":{"line":141,"column":8},"end":{"line":141,"column":8}}]},"10":{"line":142,"type":"if","locations":[{"start":{"line":142,"column":8},"end":{"line":142,"column":8}},{"start":{"line":142,"column":8},"end":{"line":142,"column":8}}]},"11":{"line":146,"type":"if","locations":[{"start":{"line":146,"column":8},"end":{"line":146,"column":8}},{"start":{"line":146,"column":8},"end":{"line":146,"column":8}}]},"12":{"line":147,"type":"if","locations":[{"start":{"line":147,"column":8},"end":{"line":147,"column":8}},{"start":{"line":147,"column":8},"end":{"line":147,"column":8}}]},"13":{"line":148,"type":"if","locations":[{"start":{"line":148,"column":8},"end":{"line":148,"column":8}},{"start":{"line":148,"column":8},"end":{"line":148,"column":8}}]},"14":{"line":169,"type":"if","locations":[{"start":{"line":169,"column":8},"end":{"line":169,"column":8}},{"start":{"line":169,"column":8},"end":{"line":169,"column":8}}]},"15":{"line":174,"type":"if","locations":[{"start":{"line":174,"column":8},"end":{"line":174,"column":8}},{"start":{"line":174,"column":8},"end":{"line":174,"column":8}}]},"16":{"line":189,"type":"if","locations":[{"start":{"line":189,"column":8},"end":{"line":189,"column":8}},{"start":{"line":189,"column":8},"end":{"line":189,"column":8}}]},"17":{"line":196,"type":"if","locations":[{"start":{"line":196,"column":8},"end":{"line":196,"column":8}},{"start":{"line":196,"column":8},"end":{"line":196,"column":8}}]}}},"contracts/tellor3/ITellor.sol":{"l":{},"path":"/home/tally/Repositories/Tellor/tellorX/contracts/tellor3/ITellor.sol","s":{},"b":{},"f":{},"fnMap":{},"statementMap":{},"branchMap":{}},"contracts/tellor3/SafeMath.sol":{"l":{"11":0,"12":0,"13":0,"17":0,"18":0,"19":0,"21":0,"22":0,"27":0,"31":0,"35":0,"39":0,"40":0,"41":0,"45":0,"46":0,"50":0,"51":0,"52":0,"54":0,"55":0},"path":"/home/tally/Repositories/Tellor/tellorX/contracts/tellor3/SafeMath.sol","s":{"1":0,"2":0,"3":0,"4":0,"5":0,"6":0,"7":0,"8":0,"9":0,"10":0,"11":0,"12":0,"13":0,"14":0,"15":0,"16":0,"17":0,"18":0,"19":0,"20":0,"21":0},"b":{"1":[0,0],"2":[0,0]},"f":{"1":0,"2":0,"3":0,"4":0,"5":0,"6":0,"7":0,"8":0},"fnMap":{"1":{"name":"add","line":10,"loc":{"start":{"line":10,"column":4},"end":{"line":14,"column":4}}},"2":{"name":"add","line":16,"loc":{"start":{"line":16,"column":4},"end":{"line":24,"column":4}}},"3":{"name":"max","line":26,"loc":{"start":{"line":26,"column":4},"end":{"line":28,"column":4}}},"4":{"name":"max","line":30,"loc":{"start":{"line":30,"column":4},"end":{"line":32,"column":4}}},"5":{"name":"min","line":34,"loc":{"start":{"line":34,"column":4},"end":{"line":36,"column":4}}},"6":{"name":"mul","line":38,"loc":{"start":{"line":38,"column":4},"end":{"line":42,"column":4}}},"7":{"name":"sub","line":44,"loc":{"start":{"line":44,"column":4},"end":{"line":47,"column":4}}},"8":{"name":"sub","line":49,"loc":{"start":{"line":49,"column":4},"end":{"line":57,"column":4}}}},"statementMap":{"1":{"start":{"line":11,"column":8},"end":{"line":11,"column":25}},"2":{"start":{"line":12,"column":8},"end":{"line":12,"column":21}},"3":{"start":{"line":13,"column":8},"end":{"line":13,"column":16}},"4":{"start":{"line":17,"column":8},"end":{"line":17,"column":466}},"5":{"start":{"line":18,"column":12},"end":{"line":18,"column":20}},"6":{"start":{"line":19,"column":12},"end":{"line":19,"column":25}},"7":{"start":{"line":21,"column":12},"end":{"line":21,"column":20}},"8":{"start":{"line":22,"column":12},"end":{"line":22,"column":25}},"9":{"start":{"line":27,"column":8},"end":{"line":27,"column":28}},"10":{"start":{"line":31,"column":8},"end":{"line":31,"column":46}},"11":{"start":{"line":35,"column":8},"end":{"line":35,"column":28}},"12":{"start":{"line":39,"column":8},"end":{"line":39,"column":25}},"13":{"start":{"line":40,"column":8},"end":{"line":40,"column":35}},"14":{"start":{"line":41,"column":8},"end":{"line":41,"column":16}},"15":{"start":{"line":45,"column":8},"end":{"line":45,"column":21}},"16":{"start":{"line":46,"column":8},"end":{"line":46,"column":20}},"17":{"start":{"line":50,"column":8},"end":{"line":50,"column":1330}},"18":{"start":{"line":51,"column":12},"end":{"line":51,"column":20}},"19":{"start":{"line":52,"column":12},"end":{"line":52,"column":25}},"20":{"start":{"line":54,"column":12},"end":{"line":54,"column":20}},"21":{"start":{"line":55,"column":12},"end":{"line":55,"column":25}}},"branchMap":{"1":{"line":17,"type":"if","locations":[{"start":{"line":17,"column":8},"end":{"line":17,"column":8}},{"start":{"line":17,"column":8},"end":{"line":17,"column":8}}]},"2":{"line":50,"type":"if","locations":[{"start":{"line":50,"column":8},"end":{"line":50,"column":8}},{"start":{"line":50,"column":8},"end":{"line":50,"column":8}}]}}},"contracts/tellor3/Tellor.sol":{"l":{"60":0,"70":0,"71":0,"72":0,"73":0,"74":0,"76":0,"78":0,"80":0,"81":0,"94":0,"109":0,"110":0,"124":0,"125":0,"130":0,"131":0,"133":0,"134":0,"147":0,"148":0,"149":0,"150":0,"151":0,"152":0,"154":0,"167":0,"168":0,"169":0,"170":0,"171":0,"172":0,"187":0,"188":0,"189":0,"190":0,"191":0,"192":0,"194":0,"205":0,"206":0,"207":0,"223":0,"224":0,"225":0,"238":0,"239":0,"240":0,"241":0,"242":0,"244":0,"245":0,"246":0,"247":0,"248":0,"249":0,"250":0,"251":0,"252":0,"255":0,"258":0,"260":0,"261":0,"262":0,"265":0,"267":0,"268":0,"269":0,"270":0,"272":0,"274":0,"275":0,"276":0,"277":0,"278":0,"280":0,"288":0,"289":0,"294":0,"295":0,"296":0,"297":0,"298":0,"299":0,"302":0,"306":0,"309":0,"310":0,"328":0,"329":0,"330":0,"331":0,"332":0,"333":0,"334":0,"335":0,"336":0,"337":0,"338":0,"354":0,"355":0,"359":0,"363":0,"367":0,"371":0,"375":0,"379":0,"380":0,"381":0,"383":0,"388":0,"390":0,"392":0,"393":0,"394":0,"395":0,"396":0,"397":0,"398":0,"399":0,"400":0,"401":0,"402":0,"403":0,"405":0,"413":0,"415":0,"416":0,"418":0,"428":0,"429":0,"432":0,"439":0,"443":0,"444":0,"445":0,"446":0,"450":0,"451":0,"452":0,"454":0,"455":0,"459":0,"472":0,"503":0,"504":0,"505":0},"path":"/home/tally/Repositories/Tellor/tellorX/contracts/tellor3/Tellor.sol","s":{"1":0,"2":0,"3":0,"4":0,"5":0,"6":0,"7":0,"8":0,"9":0,"10":0,"11":0,"12":0,"13":0,"14":0,"15":0,"16":0,"17":0,"18":0,"19":0,"20":0,"21":0,"22":0,"23":0,"24":0,"25":0,"26":0,"27":0,"28":0,"29":0,"30":0,"31":0,"32":0,"33":0,"34":0,"35":0,"36":0,"37":0,"38":0,"39":0,"40":0,"41":0,"42":0,"43":0,"44":0,"45":0,"46":0,"47":0,"48":0,"49":0,"50":0,"51":0,"52":0,"53":0,"54":0,"55":0,"56":0,"57":0,"58":0,"59":0,"60":0,"61":0,"62":0,"63":0,"64":0,"65":0,"66":0,"67":0,"68":0,"69":0,"70":0,"71":0,"72":0,"73":0,"74":0,"75":0,"76":0,"77":0,"78":0,"79":0,"80":0,"81":0,"82":0,"83":0,"84":0,"85":0,"86":0,"87":0,"88":0,"89":0,"90":0,"91":0,"92":0,"93":0,"94":0,"95":0,"96":0,"97":0,"98":0,"99":0,"100":0,"101":0,"102":0,"103":0,"104":0,"105":0,"106":0,"107":0,"108":0,"109":0,"110":0,"111":0,"112":0,"113":0,"114":0,"115":0,"116":0,"117":0,"118":0,"119":0,"120":0,"121":0,"122":0,"123":0,"124":0,"125":0,"126":0,"127":0,"128":0,"129":0,"130":0,"131":0,"132":0,"133":0,"134":0,"135":0,"136":0,"137":0,"138":0,"139":0,"140":0,"141":0,"142":0},"b":{"1":[0,0],"2":[0,0],"3":[0,0],"4":[0,0],"5":[0,0],"6":[0,0],"7":[0,0],"8":[0,0],"9":[0,0],"10":[0,0],"11":[0,0],"12":[0,0],"13":[0,0],"14":[0,0],"15":[0,0],"16":[0,0],"17":[0,0],"18":[0,0],"19":[0,0],"20":[0,0],"21":[0,0],"22":[0,0],"23":[0,0],"24":[0,0],"25":[0,0],"26":[0,0],"27":[0,0]},"f":{"1":0,"2":0,"3":0,"4":0,"5":0,"6":0,"7":0,"8":0,"9":0,"10":0,"11":0,"12":0,"13":0,"14":0,"15":0,"16":0},"fnMap":{"1":{"name":"constructor","line":59,"loc":{"start":{"line":59,"column":4},"end":{"line":61,"column":4}}},"2":{"name":"addTip","line":69,"loc":{"start":{"line":69,"column":4},"end":{"line":87,"column":4}}},"3":{"name":"migrate","line":93,"loc":{"start":{"line":93,"column":4},"end":{"line":95,"column":4}}},"4":{"name":"migrateFor","line":104,"loc":{"start":{"line":104,"column":4},"end":{"line":111,"column":4}}},"5":{"name":"submitMiningSolution","line":119,"loc":{"start":{"line":119,"column":4},"end":{"line":135,"column":4}}},"6":{"name":"_adjustDifficulty","line":143,"loc":{"start":{"line":143,"column":4},"end":{"line":155,"column":4}}},"7":{"name":"_getMin","line":162,"loc":{"start":{"line":162,"column":4},"end":{"line":175,"column":4}}},"8":{"name":"_getTopRequestIDs","line":182,"loc":{"start":{"line":182,"column":4},"end":{"line":197,"column":4}}},"9":{"name":"_migrate","line":204,"loc":{"start":{"line":204,"column":4},"end":{"line":208,"column":4}}},"10":{"name":"_migrateFor","line":218,"loc":{"start":{"line":218,"column":4},"end":{"line":226,"column":4}}},"11":{"name":"_newBlock","line":235,"loc":{"start":{"line":235,"column":4},"end":{"line":316,"column":4}}},"12":{"name":"_payReward","line":324,"loc":{"start":{"line":324,"column":4},"end":{"line":339,"column":4}}},"13":{"name":"_submitMiningSolution","line":349,"loc":{"start":{"line":349,"column":4},"end":{"line":420,"column":4}}},"14":{"name":"_updateOnDeck","line":427,"loc":{"start":{"line":427,"column":4},"end":{"line":462,"column":4}}},"15":{"name":"_verifyNonce","line":471,"loc":{"start":{"line":471,"column":4},"end":{"line":495,"column":4}}},"16":{"name":null,"line":502,"loc":{"start":{"line":502,"column":4},"end":{"line":516,"column":4}}}},"statementMap":{"1":{"start":{"line":60,"column":8},"end":{"line":60,"column":30}},"2":{"start":{"line":70,"column":8},"end":{"line":70,"column":49}},"3":{"start":{"line":71,"column":8},"end":{"line":71,"column":57}},"4":{"start":{"line":72,"column":8},"end":{"line":72,"column":50}},"5":{"start":{"line":73,"column":8},"end":{"line":73,"column":2243}},"6":{"start":{"line":74,"column":12},"end":{"line":74,"column":41}},"7":{"start":{"line":76,"column":12},"end":{"line":76,"column":75}},"8":{"start":{"line":78,"column":8},"end":{"line":78,"column":32}},"9":{"start":{"line":80,"column":8},"end":{"line":80,"column":38}},"10":{"start":{"line":81,"column":8},"end":{"line":81,"column":2607}},"11":{"start":{"line":94,"column":8},"end":{"line":94,"column":27}},"12":{"start":{"line":109,"column":8},"end":{"line":109,"column":62}},"13":{"start":{"line":110,"column":8},"end":{"line":110,"column":50}},"14":{"start":{"line":124,"column":8},"end":{"line":124,"column":66}},"15":{"start":{"line":125,"column":8},"end":{"line":125,"column":4097}},"16":{"start":{"line":130,"column":8},"end":{"line":130,"column":4294}},"17":{"start":{"line":131,"column":12},"end":{"line":131,"column":31}},"18":{"start":{"line":133,"column":8},"end":{"line":133,"column":46}},"19":{"start":{"line":134,"column":8},"end":{"line":134,"column":58}},"20":{"start":{"line":147,"column":8},"end":{"line":147,"column":75}},"21":{"start":{"line":148,"column":8},"end":{"line":148,"column":61}},"22":{"start":{"line":149,"column":8},"end":{"line":149,"column":49}},"23":{"start":{"line":150,"column":8},"end":{"line":150,"column":73}},"24":{"start":{"line":151,"column":8},"end":{"line":151,"column":5377}},"25":{"start":{"line":152,"column":12},"end":{"line":152,"column":22}},"26":{"start":{"line":154,"column":8},"end":{"line":154,"column":69}},"27":{"start":{"line":167,"column":8},"end":{"line":167,"column":34}},"28":{"start":{"line":168,"column":8},"end":{"line":168,"column":28}},"29":{"start":{"line":169,"column":8},"end":{"line":169,"column":5951}},"30":{"start":{"line":170,"column":12},"end":{"line":170,"column":6016}},"31":{"start":{"line":171,"column":16},"end":{"line":171,"column":29}},"32":{"start":{"line":172,"column":16},"end":{"line":172,"column":27}},"33":{"start":{"line":187,"column":8},"end":{"line":187,"column":30}},"34":{"start":{"line":188,"column":8},"end":{"line":188,"column":32}},"35":{"start":{"line":189,"column":8},"end":{"line":189,"column":42}},"36":{"start":{"line":190,"column":8},"end":{"line":190,"column":6606}},"37":{"start":{"line":191,"column":12},"end":{"line":191,"column":6656}},"38":{"start":{"line":192,"column":16},"end":{"line":192,"column":67}},"39":{"start":{"line":194,"column":16},"end":{"line":194,"column":58}},"40":{"start":{"line":205,"column":8},"end":{"line":205,"column":52}},"41":{"start":{"line":206,"column":8},"end":{"line":206,"column":71}},"42":{"start":{"line":207,"column":8},"end":{"line":207,"column":29}},"43":{"start":{"line":223,"column":8},"end":{"line":223,"column":74}},"44":{"start":{"line":223,"column":22},"end":{"line":223,"column":73}},"45":{"start":{"line":224,"column":8},"end":{"line":224,"column":37}},"46":{"start":{"line":225,"column":8},"end":{"line":225,"column":36}},"47":{"start":{"line":238,"column":8},"end":{"line":238,"column":65}},"48":{"start":{"line":239,"column":8},"end":{"line":239,"column":62}},"49":{"start":{"line":240,"column":8},"end":{"line":240,"column":62}},"50":{"start":{"line":241,"column":8},"end":{"line":241,"column":56}},"51":{"start":{"line":242,"column":8},"end":{"line":242,"column":62}},"52":{"start":{"line":244,"column":8},"end":{"line":244,"column":27}},"53":{"start":{"line":245,"column":8},"end":{"line":245,"column":27}},"54":{"start":{"line":246,"column":8},"end":{"line":246,"column":8990}},"55":{"start":{"line":247,"column":12},"end":{"line":247,"column":9040}},"56":{"start":{"line":248,"column":16},"end":{"line":248,"column":62}},"57":{"start":{"line":249,"column":16},"end":{"line":249,"column":59}},"58":{"start":{"line":250,"column":16},"end":{"line":250,"column":29}},"59":{"start":{"line":251,"column":16},"end":{"line":251,"column":9250}},"60":{"start":{"line":252,"column":20},"end":{"line":252,"column":9343}},"61":{"start":{"line":255,"column":20},"end":{"line":255,"column":9473}},"62":{"start":{"line":260,"column":16},"end":{"line":260,"column":9637}},"63":{"start":{"line":261,"column":20},"end":{"line":261,"column":57}},"64":{"start":{"line":262,"column":20},"end":{"line":262,"column":54}},"65":{"start":{"line":265,"column":12},"end":{"line":265,"column":69}},"66":{"start":{"line":267,"column":12},"end":{"line":267,"column":43}},"67":{"start":{"line":268,"column":12},"end":{"line":268,"column":62}},"68":{"start":{"line":269,"column":12},"end":{"line":269,"column":22}},"69":{"start":{"line":270,"column":12},"end":{"line":270,"column":10161}},"70":{"start":{"line":272,"column":12},"end":{"line":272,"column":10269}},"71":{"start":{"line":276,"column":12},"end":{"line":276,"column":66}},"72":{"start":{"line":277,"column":12},"end":{"line":277,"column":72}},"73":{"start":{"line":278,"column":12},"end":{"line":278,"column":47}},"74":{"start":{"line":280,"column":8},"end":{"line":280,"column":10648}},"75":{"start":{"line":288,"column":8},"end":{"line":288,"column":54}},"76":{"start":{"line":289,"column":8},"end":{"line":289,"column":10948}},"77":{"start":{"line":294,"column":8},"end":{"line":294,"column":40}},"78":{"start":{"line":296,"column":8},"end":{"line":296,"column":54}},"79":{"start":{"line":297,"column":8},"end":{"line":297,"column":11245}},"80":{"start":{"line":298,"column":12},"end":{"line":298,"column":45}},"81":{"start":{"line":299,"column":12},"end":{"line":299,"column":11347}},"82":{"start":{"line":302,"column":12},"end":{"line":302,"column":11459}},"83":{"start":{"line":306,"column":8},"end":{"line":306,"column":11584}},"84":{"start":{"line":309,"column":8},"end":{"line":309,"column":53}},"85":{"start":{"line":310,"column":8},"end":{"line":310,"column":11792}},"86":{"start":{"line":328,"column":8},"end":{"line":328,"column":59}},"87":{"start":{"line":329,"column":8},"end":{"line":329,"column":67}},"88":{"start":{"line":330,"column":8},"end":{"line":330,"column":54}},"89":{"start":{"line":331,"column":8},"end":{"line":331,"column":38}},"90":{"start":{"line":332,"column":8},"end":{"line":332,"column":40}},"91":{"start":{"line":333,"column":8},"end":{"line":333,"column":40}},"92":{"start":{"line":334,"column":8},"end":{"line":334,"column":40}},"93":{"start":{"line":335,"column":8},"end":{"line":335,"column":40}},"94":{"start":{"line":336,"column":8},"end":{"line":336,"column":40}},"95":{"start":{"line":337,"column":8},"end":{"line":337,"column":44}},"96":{"start":{"line":338,"column":8},"end":{"line":338,"column":37}},"97":{"start":{"line":354,"column":8},"end":{"line":354,"column":66}},"98":{"start":{"line":355,"column":8},"end":{"line":355,"column":13597}},"99":{"start":{"line":359,"column":8},"end":{"line":359,"column":13724}},"100":{"start":{"line":363,"column":8},"end":{"line":363,"column":13840}},"101":{"start":{"line":367,"column":8},"end":{"line":367,"column":13956}},"102":{"start":{"line":371,"column":8},"end":{"line":371,"column":14072}},"103":{"start":{"line":375,"column":8},"end":{"line":375,"column":14188}},"104":{"start":{"line":379,"column":8},"end":{"line":379,"column":46}},"105":{"start":{"line":380,"column":8},"end":{"line":380,"column":62}},"106":{"start":{"line":381,"column":8},"end":{"line":381,"column":46}},"107":{"start":{"line":383,"column":8},"end":{"line":383,"column":14510}},"108":{"start":{"line":388,"column":8},"end":{"line":388,"column":59}},"109":{"start":{"line":390,"column":8},"end":{"line":390,"column":65}},"110":{"start":{"line":392,"column":8},"end":{"line":392,"column":56}},"111":{"start":{"line":393,"column":8},"end":{"line":393,"column":56}},"112":{"start":{"line":394,"column":8},"end":{"line":394,"column":56}},"113":{"start":{"line":395,"column":8},"end":{"line":395,"column":56}},"114":{"start":{"line":396,"column":8},"end":{"line":396,"column":56}},"115":{"start":{"line":397,"column":8},"end":{"line":397,"column":52}},"116":{"start":{"line":398,"column":8},"end":{"line":398,"column":52}},"117":{"start":{"line":399,"column":8},"end":{"line":399,"column":52}},"118":{"start":{"line":400,"column":8},"end":{"line":400,"column":52}},"119":{"start":{"line":401,"column":8},"end":{"line":401,"column":52}},"120":{"start":{"line":402,"column":8},"end":{"line":402,"column":15545}},"121":{"start":{"line":403,"column":12},"end":{"line":403,"column":30}},"122":{"start":{"line":405,"column":8},"end":{"line":405,"column":15620}},"123":{"start":{"line":413,"column":8},"end":{"line":413,"column":15796}},"124":{"start":{"line":415,"column":12},"end":{"line":415,"column":41}},"125":{"start":{"line":416,"column":12},"end":{"line":416,"column":36}},"126":{"start":{"line":428,"column":8},"end":{"line":428,"column":61}},"127":{"start":{"line":429,"column":8},"end":{"line":429,"column":16375}},"128":{"start":{"line":432,"column":8},"end":{"line":432,"column":16484}},"129":{"start":{"line":439,"column":12},"end":{"line":439,"column":45}},"130":{"start":{"line":443,"column":12},"end":{"line":443,"column":17034}},"131":{"start":{"line":444,"column":16},"end":{"line":444,"column":28}},"132":{"start":{"line":445,"column":16},"end":{"line":445,"column":30}},"133":{"start":{"line":446,"column":16},"end":{"line":446,"column":49}},"134":{"start":{"line":450,"column":16},"end":{"line":450,"column":17512}},"135":{"start":{"line":451,"column":20},"end":{"line":451,"column":70}},"136":{"start":{"line":452,"column":20},"end":{"line":452,"column":17709}},"137":{"start":{"line":454,"column":20},"end":{"line":454,"column":64}},"138":{"start":{"line":455,"column":20},"end":{"line":455,"column":69}},"139":{"start":{"line":459,"column":16},"end":{"line":459,"column":74}},"140":{"start":{"line":472,"column":8},"end":{"line":472,"column":18571}},"141":{"start":{"line":503,"column":8},"end":{"line":503,"column":39}},"142":{"start":{"line":504,"column":8},"end":{"line":504,"column":54}}},"branchMap":{"1":{"line":70,"type":"if","locations":[{"start":{"line":70,"column":8},"end":{"line":70,"column":8}},{"start":{"line":70,"column":8},"end":{"line":70,"column":8}}]},"2":{"line":71,"type":"if","locations":[{"start":{"line":71,"column":8},"end":{"line":71,"column":8}},{"start":{"line":71,"column":8},"end":{"line":71,"column":8}}]},"3":{"line":73,"type":"if","locations":[{"start":{"line":73,"column":8},"end":{"line":73,"column":8}},{"start":{"line":73,"column":8},"end":{"line":73,"column":8}}]},"4":{"line":76,"type":"if","locations":[{"start":{"line":76,"column":12},"end":{"line":76,"column":12}},{"start":{"line":76,"column":12},"end":{"line":76,"column":12}}]},"5":{"line":109,"type":"if","locations":[{"start":{"line":109,"column":8},"end":{"line":109,"column":8}},{"start":{"line":109,"column":8},"end":{"line":109,"column":8}}]},"6":{"line":125,"type":"if","locations":[{"start":{"line":125,"column":8},"end":{"line":125,"column":8}},{"start":{"line":125,"column":8},"end":{"line":125,"column":8}}]},"7":{"line":130,"type":"if","locations":[{"start":{"line":130,"column":8},"end":{"line":130,"column":8}},{"start":{"line":130,"column":8},"end":{"line":130,"column":8}}]},"8":{"line":151,"type":"if","locations":[{"start":{"line":151,"column":8},"end":{"line":151,"column":8}},{"start":{"line":151,"column":8},"end":{"line":151,"column":8}}]},"9":{"line":170,"type":"if","locations":[{"start":{"line":170,"column":12},"end":{"line":170,"column":12}},{"start":{"line":170,"column":12},"end":{"line":170,"column":12}}]},"10":{"line":191,"type":"if","locations":[{"start":{"line":191,"column":12},"end":{"line":191,"column":12}},{"start":{"line":191,"column":12},"end":{"line":191,"column":12}}]},"11":{"line":205,"type":"if","locations":[{"start":{"line":205,"column":8},"end":{"line":205,"column":8}},{"start":{"line":205,"column":8},"end":{"line":205,"column":8}}]},"12":{"line":223,"type":"if","locations":[{"start":{"line":223,"column":8},"end":{"line":223,"column":8}},{"start":{"line":223,"column":8},"end":{"line":223,"column":8}}]},"13":{"line":223,"type":"if","locations":[{"start":{"line":223,"column":22},"end":{"line":223,"column":22}},{"start":{"line":223,"column":22},"end":{"line":223,"column":22}}]},"14":{"line":260,"type":"if","locations":[{"start":{"line":260,"column":16},"end":{"line":260,"column":16}},{"start":{"line":260,"column":16},"end":{"line":260,"column":16}}]},"15":{"line":355,"type":"if","locations":[{"start":{"line":355,"column":8},"end":{"line":355,"column":8}},{"start":{"line":355,"column":8},"end":{"line":355,"column":8}}]},"16":{"line":359,"type":"if","locations":[{"start":{"line":359,"column":8},"end":{"line":359,"column":8}},{"start":{"line":359,"column":8},"end":{"line":359,"column":8}}]},"17":{"line":363,"type":"if","locations":[{"start":{"line":363,"column":8},"end":{"line":363,"column":8}},{"start":{"line":363,"column":8},"end":{"line":363,"column":8}}]},"18":{"line":367,"type":"if","locations":[{"start":{"line":367,"column":8},"end":{"line":367,"column":8}},{"start":{"line":367,"column":8},"end":{"line":367,"column":8}}]},"19":{"line":371,"type":"if","locations":[{"start":{"line":371,"column":8},"end":{"line":371,"column":8}},{"start":{"line":371,"column":8},"end":{"line":371,"column":8}}]},"20":{"line":375,"type":"if","locations":[{"start":{"line":375,"column":8},"end":{"line":375,"column":8}},{"start":{"line":375,"column":8},"end":{"line":375,"column":8}}]},"21":{"line":383,"type":"if","locations":[{"start":{"line":383,"column":8},"end":{"line":383,"column":8}},{"start":{"line":383,"column":8},"end":{"line":383,"column":8}}]},"22":{"line":402,"type":"if","locations":[{"start":{"line":402,"column":8},"end":{"line":402,"column":8}},{"start":{"line":402,"column":8},"end":{"line":402,"column":8}}]},"23":{"line":413,"type":"if","locations":[{"start":{"line":413,"column":8},"end":{"line":413,"column":8}},{"start":{"line":413,"column":8},"end":{"line":413,"column":8}}]},"24":{"line":432,"type":"if","locations":[{"start":{"line":432,"column":8},"end":{"line":432,"column":8}},{"start":{"line":432,"column":8},"end":{"line":432,"column":8}}]},"25":{"line":443,"type":"if","locations":[{"start":{"line":443,"column":12},"end":{"line":443,"column":12}},{"start":{"line":443,"column":12},"end":{"line":443,"column":12}}]},"26":{"line":450,"type":"if","locations":[{"start":{"line":450,"column":16},"end":{"line":450,"column":16}},{"start":{"line":450,"column":16},"end":{"line":450,"column":16}}]},"27":{"line":472,"type":"if","locations":[{"start":{"line":472,"column":8},"end":{"line":472,"column":8}},{"start":{"line":472,"column":8},"end":{"line":472,"column":8}}]}}},"contracts/tellor3/TellorGetters.sol":{"l":{"27":0,"41":0,"53":0,"92":0,"93":0,"126":0,"142":0,"155":0,"156":0,"157":0,"167":0,"182":0,"195":0,"210":0,"223":0,"224":0,"232":0,"249":0,"263":0,"264":0,"281":0,"298":0,"312":0,"323":0,"337":0,"351":0,"359":0,"366":0,"373":0,"380":0,"397":0,"398":0,"400":0,"416":0,"417":0,"418":0,"432":0,"433":0,"434":0,"435":0,"436":0,"437":0,"439":0},"path":"/home/tally/Repositories/Tellor/tellorX/contracts/tellor3/TellorGetters.sol","s":{"1":0,"2":0,"3":0,"4":0,"5":0,"6":0,"7":0,"8":0,"9":0,"10":0,"11":0,"12":0,"13":0,"14":0,"15":0,"16":0,"17":0,"18":0,"19":0,"20":0,"21":0,"22":0,"23":0,"24":0,"25":0,"26":0,"27":0,"28":0,"29":0,"30":0,"31":0,"32":0,"33":0,"34":0,"35":0,"36":0,"37":0,"38":0,"39":0,"40":0,"41":0,"42":0,"43":0},"b":{"1":[0,0],"2":[0,0],"3":[0,0]},"f":{"1":0,"2":0,"3":0,"4":0,"5":0,"6":0,"7":0,"8":0,"9":0,"10":0,"11":0,"12":0,"13":0,"14":0,"15":0,"16":0,"17":0,"18":0,"19":0,"20":0,"21":0,"22":0,"23":0,"24":0,"25":0,"26":0,"27":0},"fnMap":{"1":{"name":"didMine","line":22,"loc":{"start":{"line":22,"column":4},"end":{"line":28,"column":4}}},"2":{"name":"didVote","line":36,"loc":{"start":{"line":36,"column":4},"end":{"line":42,"column":4}}},"3":{"name":"getAddressVars","line":52,"loc":{"start":{"line":52,"column":4},"end":{"line":54,"column":4}}},"4":{"name":"getAllDisputeVars","line":77,"loc":{"start":{"line":77,"column":4},"end":{"line":114,"column":4}}},"5":{"name":"getDisputeIdByDisputeHash","line":121,"loc":{"start":{"line":121,"column":4},"end":{"line":127,"column":4}}},"6":{"name":"getDisputeUintVars","line":137,"loc":{"start":{"line":137,"column":4},"end":{"line":143,"column":4}}},"7":{"name":"getLastNewValueById","line":150,"loc":{"start":{"line":150,"column":4},"end":{"line":169,"column":4}}},"8":{"name":"getMinedBlockNum","line":177,"loc":{"start":{"line":177,"column":4},"end":{"line":183,"column":4}}},"9":{"name":"getMinersByRequestIdAndTimestamp","line":191,"loc":{"start":{"line":191,"column":4},"end":{"line":196,"column":4}}},"10":{"name":"getNewValueCountbyRequestId","line":205,"loc":{"start":{"line":205,"column":4},"end":{"line":211,"column":4}}},"11":{"name":"getRequestIdByRequestQIndex","line":218,"loc":{"start":{"line":218,"column":4},"end":{"line":225,"column":4}}},"12":{"name":"getRequestQ","line":231,"loc":{"start":{"line":231,"column":4},"end":{"line":233,"column":4}}},"13":{"name":"getRequestUintVars","line":244,"loc":{"start":{"line":244,"column":4},"end":{"line":250,"column":4}}},"14":{"name":"getRequestVars","line":258,"loc":{"start":{"line":258,"column":4},"end":{"line":268,"column":4}}},"15":{"name":"getStakerInfo","line":276,"loc":{"start":{"line":276,"column":4},"end":{"line":285,"column":4}}},"16":{"name":"getSubmissionsByTimestamp","line":293,"loc":{"start":{"line":293,"column":4},"end":{"line":299,"column":4}}},"17":{"name":"getTimestampbyRequestIDandIndex","line":307,"loc":{"start":{"line":307,"column":4},"end":{"line":313,"column":4}}},"18":{"name":"getUintVar","line":322,"loc":{"start":{"line":322,"column":4},"end":{"line":324,"column":4}}},"19":{"name":"isInDispute","line":332,"loc":{"start":{"line":332,"column":4},"end":{"line":338,"column":4}}},"20":{"name":"retrieveData","line":346,"loc":{"start":{"line":346,"column":4},"end":{"line":352,"column":4}}},"21":{"name":"totalSupply","line":358,"loc":{"start":{"line":358,"column":4},"end":{"line":360,"column":4}}},"22":{"name":"name","line":365,"loc":{"start":{"line":365,"column":4},"end":{"line":367,"column":4}}},"23":{"name":"symbol","line":372,"loc":{"start":{"line":372,"column":4},"end":{"line":374,"column":4}}},"24":{"name":"decimals","line":379,"loc":{"start":{"line":379,"column":4},"end":{"line":381,"column":4}}},"25":{"name":"getNewCurrentVariables","line":387,"loc":{"start":{"line":387,"column":4},"end":{"line":406,"column":4}}},"26":{"name":"getNewVariablesOnDeck","line":411,"loc":{"start":{"line":411,"column":4},"end":{"line":422,"column":4}}},"27":{"name":"getTopRequestIDs","line":427,"loc":{"start":{"line":427,"column":4},"end":{"line":442,"column":4}}}},"statementMap":{"1":{"start":{"line":27,"column":8},"end":{"line":27,"column":52}},"2":{"start":{"line":41,"column":8},"end":{"line":41,"column":55}},"3":{"start":{"line":53,"column":8},"end":{"line":53,"column":31}},"4":{"start":{"line":92,"column":8},"end":{"line":92,"column":55}},"5":{"start":{"line":93,"column":8},"end":{"line":93,"column":2854}},"6":{"start":{"line":126,"column":8},"end":{"line":126,"column":44}},"7":{"start":{"line":142,"column":8},"end":{"line":142,"column":62}},"8":{"start":{"line":155,"column":8},"end":{"line":155,"column":61}},"9":{"start":{"line":156,"column":8},"end":{"line":156,"column":5174}},"10":{"start":{"line":157,"column":12},"end":{"line":157,"column":5238}},"11":{"start":{"line":167,"column":12},"end":{"line":167,"column":29}},"12":{"start":{"line":182,"column":8},"end":{"line":182,"column":67}},"13":{"start":{"line":195,"column":8},"end":{"line":195,"column":67}},"14":{"start":{"line":210,"column":8},"end":{"line":210,"column":66}},"15":{"start":{"line":223,"column":8},"end":{"line":223,"column":58}},"16":{"start":{"line":224,"column":8},"end":{"line":224,"column":47}},"17":{"start":{"line":232,"column":8},"end":{"line":232,"column":23}},"18":{"start":{"line":249,"column":8},"end":{"line":249,"column":60}},"19":{"start":{"line":263,"column":8},"end":{"line":263,"column":61}},"20":{"start":{"line":264,"column":8},"end":{"line":264,"column":887
[...]
ine":245,"column":65}},"66":{"start":{"line":246,"column":8},"end":{"line":246,"column":38}},"67":{"start":{"line":254,"column":8},"end":{"line":254,"column":58}},"68":{"start":{"line":255,"column":8},"end":{"line":255,"column":9267}},"69":{"start":{"line":259,"column":12},"end":{"line":259,"column":9417}},"70":{"start":{"line":266,"column":12},"end":{"line":266,"column":9675}},"71":{"start":{"line":268,"column":12},"end":{"line":268,"column":39}}},"branchMap":{"1":{"line":49,"type":"if","locations":[{"start":{"line":49,"column":8},"end":{"line":49,"column":8}},{"start":{"line":49,"column":8},"end":{"line":49,"column":8}}]},"2":{"line":54,"type":"if","locations":[{"start":{"line":54,"column":12},"end":{"line":54,"column":12}},{"start":{"line":54,"column":12},"end":{"line":54,"column":12}}]},"3":{"line":69,"type":"if","locations":[{"start":{"line":69,"column":8},"end":{"line":69,"column":8}},{"start":{"line":69,"column":8},"end":{"line":69,"column":8}}]},"4":{"line":78,"type":"if","locations":[{"start":{"line":78,"column":8},"end":{"line":78,"column":8}},{"start":{"line":78,"column":8},"end":{"line":78,"column":8}}]},"5":{"line":106,"type":"if","locations":[{"start":{"line":106,"column":8},"end":{"line":106,"column":8}},{"start":{"line":106,"column":8},"end":{"line":106,"column":8}}]},"6":{"line":111,"type":"if","locations":[{"start":{"line":111,"column":12},"end":{"line":111,"column":12}},{"start":{"line":111,"column":12},"end":{"line":111,"column":12}}]},"7":{"line":118,"type":"if","locations":[{"start":{"line":118,"column":16},"end":{"line":118,"column":16}},{"start":{"line":118,"column":16},"end":{"line":118,"column":16}}]},"8":{"line":120,"type":"if","locations":[{"start":{"line":120,"column":23},"end":{"line":120,"column":23}},{"start":{"line":120,"column":23},"end":{"line":120,"column":23}}]},"9":{"line":159,"type":"if","locations":[{"start":{"line":159,"column":8},"end":{"line":159,"column":8}},{"start":{"line":159,"column":8},"end":{"line":159,"column":8}}]},"10":{"line":181,"type":"if","locations":[{"start":{"line":181,"column":8},"end":{"line":181,"column":8}},{"start":{"line":181,"column":8},"end":{"line":181,"column":8}}]},"11":{"line":182,"type":"if","locations":[{"start":{"line":182,"column":8},"end":{"line":182,"column":8}},{"start":{"line":182,"column":8},"end":{"line":182,"column":8}}]},"12":{"line":183,"type":"if","locations":[{"start":{"line":183,"column":8},"end":{"line":183,"column":8}},{"start":{"line":183,"column":8},"end":{"line":183,"column":8}}]},"13":{"line":191,"type":"if","locations":[{"start":{"line":191,"column":8},"end":{"line":191,"column":8}},{"start":{"line":191,"column":8},"end":{"line":191,"column":8}}]},"14":{"line":205,"type":"if","locations":[{"start":{"line":205,"column":8},"end":{"line":205,"column":8}},{"start":{"line":205,"column":8},"end":{"line":205,"column":8}}]},"15":{"line":206,"type":"if","locations":[{"start":{"line":206,"column":8},"end":{"line":206,"column":8}},{"start":{"line":206,"column":8},"end":{"line":206,"column":8}}]},"16":{"line":209,"type":"if","locations":[{"start":{"line":209,"column":8},"end":{"line":209,"column":8}},{"start":{"line":209,"column":8},"end":{"line":209,"column":8}}]},"17":{"line":214,"type":"if","locations":[{"start":{"line":214,"column":8},"end":{"line":214,"column":8}},{"start":{"line":214,"column":8},"end":{"line":214,"column":8}}]},"18":{"line":229,"type":"if","locations":[{"start":{"line":229,"column":8},"end":{"line":229,"column":8}},{"start":{"line":229,"column":8},"end":{"line":229,"column":8}}]},"19":{"line":230,"type":"if","locations":[{"start":{"line":230,"column":8},"end":{"line":230,"column":8}},{"start":{"line":230,"column":8},"end":{"line":230,"column":8}}]},"20":{"line":236,"type":"if","locations":[{"start":{"line":236,"column":8},"end":{"line":236,"column":8}},{"start":{"line":236,"column":8},"end":{"line":236,"column":8}}]},"21":{"line":241,"type":"if","locations":[{"start":{"line":241,"column":8},"end":{"line":241,"column":8}},{"start":{"line":241,"column":8},"end":{"line":241,"column":8}}]},"22":{"line":255,"type":"if","locations":[{"start":{"line":255,"column":8},"end":{"line":255,"column":8}},{"start":{"line":255,"column":8},"end":{"line":255,"column":8}}]}}},"contracts/Transition.sol":{"l":{"16":0,"17":0,"18":0,"19":0,"20":0,"21":0,"22":0,"32":0,"33":0,"34":0,"42":0,"43":0,"44":0,"54":0,"72":0,"73":0,"74":0,"77":0,"92":0,"93":0,"96":0,"111":0,"112":0,"114":0,"122":0,"134":0,"145":0,"152":0,"159":0,"167":0,"176":0,"184":0,"185":0,"186":0,"187":0,"194":0,"195":0,"196":0,"197":0,"199":0,"203":0,"204":0,"219":0,"220":0,"221":0,"223":0},"path":"/home/tally/Repositories/Tellor/tellorX/contracts/Transition.sol","s":{"1":0,"2":0,"3":0,"4":0,"5":0,"6":0,"7":0,"8":0,"9":0,"10":0,"11":0,"12":0,"13":0,"14":0,"15":0,"16":0,"17":0,"18":0,"19":0,"20":0,"21":0,"22":0,"23":0,"24":0,"25":0,"26":0,"27":0,"28":0,"29":0,"30":0,"31":0,"32":0,"33":0,"34":0,"35":0,"36":0,"37":0,"38":0,"39":0,"40":0,"41":0,"42":0,"43":0,"44":0,"45":0},"b":{"1":[0,0],"2":[0,0],"3":[0,0],"4":[0,0],"5":[0,0],"6":[0,0],"7":[0,0]},"f":{"1":0,"2":0,"3":0,"4":0,"5":0,"6":0,"7":0,"8":0,"9":0,"10":0,"11":0,"12":0,"13":0,"14":0,"15":0},"fnMap":{"1":{"name":"init","line":14,"loc":{"start":{"line":14,"column":4},"end":{"line":23,"column":4}}},"2":{"name":"getLastNewValueById","line":26,"loc":{"start":{"line":26,"column":4},"end":{"line":57,"column":4}}},"3":{"name":"getNewValueCountbyRequestId","line":66,"loc":{"start":{"line":66,"column":4},"end":{"line":79,"column":4}}},"4":{"name":"getTimestampbyRequestIDandIndex","line":87,"loc":{"start":{"line":87,"column":4},"end":{"line":98,"column":4}}},"5":{"name":"retrieveData","line":106,"loc":{"start":{"line":106,"column":4},"end":{"line":115,"column":4}}},"6":{"name":"decimals","line":121,"loc":{"start":{"line":121,"column":4},"end":{"line":123,"column":4}}},"7":{"name":"getAddressVars","line":133,"loc":{"start":{"line":133,"column":4},"end":{"line":135,"column":4}}},"8":{"name":"getUintVar","line":144,"loc":{"start":{"line":144,"column":4},"end":{"line":146,"column":4}}},"9":{"name":"name","line":151,"loc":{"start":{"line":151,"column":4},"end":{"line":153,"column":4}}},"10":{"name":"symbol","line":158,"loc":{"start":{"line":158,"column":4},"end":{"line":160,"column":4}}},"11":{"name":"totalSupply","line":166,"loc":{"start":{"line":166,"column":4},"end":{"line":168,"column":4}}},"12":{"name":"isMigrated","line":175,"loc":{"start":{"line":175,"column":4},"end":{"line":177,"column":4}}},"13":{"name":"getNewCurrentVariables","line":183,"loc":{"start":{"line":183,"column":4},"end":{"line":188,"column":4}}},"14":{"name":null,"line":193,"loc":{"start":{"line":193,"column":4},"end":{"line":215,"column":4}}},"15":{"name":"_sliceUint","line":218,"loc":{"start":{"line":218,"column":4},"end":{"line":224,"column":4}}}},"statementMap":{"1":{"start":{"line":16,"column":8},"end":{"line":16,"column":47}},"2":{"start":{"line":17,"column":8},"end":{"line":17,"column":79}},"3":{"start":{"line":18,"column":8},"end":{"line":18,"column":36}},"4":{"start":{"line":19,"column":8},"end":{"line":19,"column":44}},"5":{"start":{"line":20,"column":8},"end":{"line":20,"column":52}},"6":{"start":{"line":21,"column":8},"end":{"line":21,"column":44}},"7":{"start":{"line":22,"column":8},"end":{"line":22,"column":48}},"8":{"start":{"line":32,"column":8},"end":{"line":32,"column":107}},"9":{"start":{"line":33,"column":8},"end":{"line":33,"column":1285}},"10":{"start":{"line":34,"column":12},"end":{"line":34,"column":1326}},"11":{"start":{"line":42,"column":16},"end":{"line":42,"column":69}},"12":{"start":{"line":43,"column":16},"end":{"line":43,"column":1686}},"13":{"start":{"line":44,"column":20},"end":{"line":44,"column":1758}},"14":{"start":{"line":54,"column":20},"end":{"line":54,"column":37}},"15":{"start":{"line":72,"column":8},"end":{"line":72,"column":102}},"16":{"start":{"line":73,"column":8},"end":{"line":73,"column":2877}},"17":{"start":{"line":74,"column":12},"end":{"line":74,"column":23}},"18":{"start":{"line":77,"column":12},"end":{"line":77,"column":70}},"19":{"start":{"line":92,"column":8},"end":{"line":92,"column":3422}},"20":{"start":{"line":93,"column":12},"end":{"line":93,"column":23}},"21":{"start":{"line":96,"column":12},"end":{"line":96,"column":71}},"22":{"start":{"line":111,"column":8},"end":{"line":111,"column":4047}},"23":{"start":{"line":112,"column":16},"end":{"line":112,"column":73}},"24":{"start":{"line":114,"column":8},"end":{"line":114,"column":116}},"25":{"start":{"line":122,"column":8},"end":{"line":122,"column":17}},"26":{"start":{"line":134,"column":8},"end":{"line":134,"column":31}},"27":{"start":{"line":145,"column":8},"end":{"line":145,"column":27}},"28":{"start":{"line":152,"column":8},"end":{"line":152,"column":32}},"29":{"start":{"line":159,"column":8},"end":{"line":159,"column":20}},"30":{"start":{"line":167,"column":8},"end":{"line":167,"column":35}},"31":{"start":{"line":176,"column":8},"end":{"line":176,"column":30}},"32":{"start":{"line":184,"column":8},"end":{"line":184,"column":68}},"33":{"start":{"line":185,"column":8},"end":{"line":185,"column":16}},"34":{"start":{"line":186,"column":8},"end":{"line":186,"column":15}},"35":{"start":{"line":187,"column":8},"end":{"line":187,"column":95}},"36":{"start":{"line":194,"column":8},"end":{"line":194,"column":65}},"37":{"start":{"line":195,"column":8},"end":{"line":195,"column":24}},"38":{"start":{"line":196,"column":8},"end":{"line":196,"column":7078}},"39":{"start":{"line":197,"column":12},"end":{"line":197,"column":61}},"40":{"start":{"line":199,"column":8},"end":{"line":199,"column":7291}},"41":{"start":{"line":203,"column":8},"end":{"line":203,"column":54}},"42":{"start":{"line":219,"column":8},"end":{"line":219,"column":22}},"43":{"start":{"line":220,"column":8},"end":{"line":220,"column":8206}},"44":{"start":{"line":221,"column":12},"end":{"line":221,"column":75}},"45":{"start":{"line":223,"column":8},"end":{"line":223,"column":21}}},"branchMap":{"1":{"line":16,"type":"if","locations":[{"start":{"line":16,"column":8},"end":{"line":16,"column":8}},{"start":{"line":16,"column":8},"end":{"line":16,"column":8}}]},"2":{"line":17,"type":"if","locations":[{"start":{"line":17,"column":8},"end":{"line":17,"column":8}},{"start":{"line":17,"column":8},"end":{"line":17,"column":8}}]},"3":{"line":33,"type":"if","locations":[{"start":{"line":33,"column":8},"end":{"line":33,"column":8}},{"start":{"line":33,"column":8},"end":{"line":33,"column":8}}]},"4":{"line":43,"type":"if","locations":[{"start":{"line":43,"column":16},"end":{"line":43,"column":16}},{"start":{"line":43,"column":16},"end":{"line":43,"column":16}}]},"5":{"line":73,"type":"if","locations":[{"start":{"line":73,"column":8},"end":{"line":73,"column":8}},{"start":{"line":73,"column":8},"end":{"line":73,"column":8}}]},"6":{"line":111,"type":"if","locations":[{"start":{"line":111,"column":8},"end":{"line":111,"column":8}},{"start":{"line":111,"column":8},"end":{"line":111,"column":8}}]},"7":{"line":199,"type":"if","locations":[{"start":{"line":199,"column":8},"end":{"line":199,"column":8}},{"start":{"line":199,"column":8},"end":{"line":199,"column":8}}]}}},"contracts/Treasury.sol":{"l":{"55":0,"56":0,"58":0,"59":0,"61":0,"62":0,"63":0,"64":0,"65":0,"66":0,"67":0,"76":0,"77":0,"88":0,"90":0,"91":0,"92":0,"93":0,"94":0,"95":0,"96":0,"107":0,"108":0,"109":0,"110":0,"112":0,"113":0,"114":0,"116":0,"117":0,"118":0,"119":0,"120":0,"121":0,"122":0,"123":0,"127":0,"128":0,"131":0,"132":0,"137":0,"138":0,"139":0,"141":0,"145":0,"146":0,"147":0,"149":0,"150":0,"153":0,"154":0,"155":0,"156":0,"157":0,"171":0,"183":0,"187":0,"196":0,"205":0,"212":0,"222":0},"path":"/home/tally/Repositories/Tellor/tellorX/contracts/Treasury.sol","s":{"1":0,"2":0,"3":0,"4":0,"5":0,"6":0,"7":0,"8":0,"9":0,"10":0,"11":0,"12":0,"13":0,"14":0,"15":0,"16":0,"17":0,"18":0,"19":0,"20":0,"21":0,"22":0,"23":0,"24":0,"25":0,"26":0,"27":0,"28":0,"29":0,"30":0,"31":0,"32":0,"33":0,"34":0,"35":0,"36":0,"37":0,"38":0,"39":0,"40":0,"41":0,"42":0,"43":0,"44":0,"45":0,"46":0,"47":0,"48":0,"49":0,"50":0,"51":0,"52":0,"53":0,"54":0,"55":0,"56":0,"57":0},"b":{"1":[0,0],"2":[0,0],"3":[0,0],"4":[0,0],"5":[0,0],"6":[0,0],"7":[0,0],"8":[0,0],"9":[0,0],"10":[0,0],"11":[0,0],"12":[0,0],"13":[0,0],"14":[0,0]},"f":{"1":0,"2":0,"3":0,"4":0,"5":0,"6":0,"7":0,"8":0,"9":0,"10":0,"11":0},"fnMap":{"1":{"name":"buyTreasury","line":53,"loc":{"start":{"line":53,"column":4},"end":{"line":68,"column":4}}},"2":{"name":"delegateVotingPower","line":75,"loc":{"start":{"line":75,"column":4},"end":{"line":78,"column":4}}},"3":{"name":"issueTreasury","line":87,"loc":{"start":{"line":87,"column":4},"end":{"line":97,"column":4}}},"4":{"name":"payTreasury","line":105,"loc":{"start":{"line":105,"column":4},"end":{"line":158,"column":4}}},"5":{"name":"getTreasuryAccount","line":170,"loc":{"start":{"line":170,"column":4},"end":{"line":176,"column":4}}},"6":{"name":"getTreasuryCount","line":182,"loc":{"start":{"line":182,"column":4},"end":{"line":184,"column":4}}},"7":{"name":"getTreasuryDetails","line":186,"loc":{"start":{"line":186,"column":4},"end":{"line":188,"column":4}}},"8":{"name":"getTreasuryFundsByUser","line":195,"loc":{"start":{"line":195,"column":4},"end":{"line":197,"column":4}}},"9":{"name":"getTreasuryOwners","line":204,"loc":{"start":{"line":204,"column":4},"end":{"line":206,"column":4}}},"10":{"name":"verify","line":211,"loc":{"start":{"line":211,"column":4},"end":{"line":213,"column":4}}},"11":{"name":"wasPaid","line":221,"loc":{"start":{"line":221,"column":4},"end":{"line":223,"column":4}}}},"statementMap":{"1":{"start":{"line":55,"column":8},"end":{"line":55,"column":100}},"2":{"start":{"line":56,"column":8},"end":{"line":56,"column":47}},"3":{"start":{"line":58,"column":8},"end":{"line":58,"column":54}},"4":{"start":{"line":59,"column":8},"end":{"line":59,"column":114}},"5":{"start":{"line":61,"column":8},"end":{"line":61,"column":96}},"6":{"start":{"line":62,"column":8},"end":{"line":62,"column":98}},"7":{"start":{"line":63,"column":8},"end":{"line":63,"column":34}},"8":{"start":{"line":64,"column":8},"end":{"line":64,"column":52}},"9":{"start":{"line":65,"column":8},"end":{"line":65,"column":37}},"10":{"start":{"line":66,"column":8},"end":{"line":66,"column":29}},"11":{"start":{"line":67,"column":8},"end":{"line":67,"column":50}},"12":{"start":{"line":76,"column":8},"end":{"line":76,"column":154}},"13":{"start":{"line":77,"column":8},"end":{"line":77,"column":50}},"14":{"start":{"line":88,"column":8},"end":{"line":88,"column":149}},"15":{"start":{"line":91,"column":8},"end":{"line":91,"column":64}},"16":{"start":{"line":92,"column":8},"end":{"line":92,"column":43}},"17":{"start":{"line":93,"column":8},"end":{"line":93,"column":40}},"18":{"start":{"line":94,"column":8},"end":{"line":94,"column":26}},"19":{"start":{"line":95,"column":8},"end":{"line":95,"column":34}},"20":{"start":{"line":96,"column":8},"end":{"line":96,"column":61}},"21":{"start":{"line":107,"column":8},"end":{"line":107,"column":53}},"22":{"start":{"line":108,"column":8},"end":{"line":108,"column":83}},"23":{"start":{"line":109,"column":8},"end":{"line":109,"column":69}},"24":{"start":{"line":110,"column":8},"end":{"line":110,"column":47}},"25":{"start":{"line":112,"column":8},"end":{"line":112,"column":36}},"26":{"start":{"line":113,"column":8},"end":{"line":113,"column":34}},"27":{"start":{"line":114,"column":8},"end":{"line":114,"column":96}},"28":{"start":{"line":116,"column":8},"end":{"line":116,"column":6257}},"29":{"start":{"line":117,"column":12},"end":{"line":117,"column":82}},"30":{"start":{"line":118,"column":12},"end":{"line":118,"column":6391}},"31":{"start":{"line":119,"column":16},"end":{"line":119,"column":111}},"32":{"start":{"line":120,"column":16},"end":{"line":120,"column":6548}},"33":{"start":{"line":122,"column":20},"end":{"line":122,"column":6688}},"34":{"start":{"line":123,"column":24},"end":{"line":123,"column":100}},"35":{"start":{"line":127,"column":12},"end":{"line":127,"column":45}},"36":{"start":{"line":128,"column":12},"end":{"line":128,"column":44}},"37":{"start":{"line":131,"column":8},"end":{"line":131,"column":7034}},"38":{"start":{"line":132,"column":12},"end":{"line":132,"column":7117}},"39":{"start":{"line":137,"column":16},"end":{"line":137,"column":94}},"40":{"start":{"line":138,"column":16},"end":{"line":138,"column":7408}},"41":{"start":{"line":145,"column":8},"end":{"line":145,"column":81}},"42":{"start":{"line":146,"column":8},"end":{"line":146,"column":7684}},"43":{"start":{"line":147,"column":12},"end":{"line":147,"column":79}},"44":{"start":{"line":149,"column":8},"end":{"line":149,"column":7812}},"45":{"start":{"line":150,"column":12},"end":{"line":150,"column":70}},"46":{"start":{"line":153,"column":8},"end":{"line":153,"column":54}},"47":{"start":{"line":154,"column":8},"end":{"line":154,"column":101}},"48":{"start":{"line":155,"column":8},"end":{"line":155,"column":73}},"49":{"start":{"line":156,"column":8},"end":{"line":156,"column":44}},"50":{"start":{"line":157,"column":8},"end":{"line":157,"column":83}},"51":{"start":{"line":171,"column":8},"end":{"line":171,"column":9040}},"52":{"start":{"line":183,"column":8},"end":{"line":183,"column":28}},"53":{"start":{"line":187,"column":8},"end":{"line":187,"column":110}},"54":{"start":{"line":196,"column":8},"end":{"line":196,"column":41}},"55":{"start":{"line":205,"column":8},"end":{"line":205,"column":35}},"56":{"start":{"line":212,"column":8},"end":{"line":212,"column":19}},"57":{"start":{"line":222,"column":8},"end":{"line":222,"column":53}}},"branchMap":{"1":{"line":55,"type":"if","locations":[{"start":{"line":55,"column":8},"end":{"line":55,"column":8}},{"start":{"line":55,"column":8},"end":{"line":55,"column":8}}]},"2":{"line":59,"type":"if","locations":[{"start":{"line":59,"column":8},"end":{"line":59,"column":8}},{"start":{"line":59,"column":8},"end":{"line":59,"column":8}}]},"3":{"line":76,"type":"if","locations":[{"start":{"line":76,"column":8},"end":{"line":76,"column":8}},{"start":{"line":76,"column":8},"end":{"line":76,"column":8}}]},"4":{"line":88,"type":"if","locations":[{"start":{"line":88,"column":8},"end":{"line":88,"column":8}},{"start":{"line":88,"column":8},"end":{"line":88,"column":8}}]},"5":{"line":108,"type":"if","locations":[{"start":{"line":108,"column":8},"end":{"line":108,"column":8}},{"start":{"line":108,"column":8},"end":{"line":108,"column":8}}]},"6":{"line":109,"type":"if","locations":[{"start":{"line":109,"column":8},"end":{"line":109,"column":8}},{"start":{"line":109,"column":8},"end":{"line":109,"column":8}}]},"7":{"line":110,"type":"if","locations":[{"start":{"line":110,"column":8},"end":{"line":110,"column":8}},{"start":{"line":110,"column":8},"end":{"line":110,"column":8}}]},"8":{"line":116,"type":"if","locations":[{"start":{"line":116,"column":8},"end":{"line":116,"column":8}},{"start":{"line":116,"column":8},"end":{"line":116,"column":8}}]},"9":{"line":118,"type":"if","locations":[{"start":{"line":118,"column":12},"end":{"line":118,"column":12}},{"start":{"line":118,"column":12},"end":{"line":118,"column":12}}]},"10":{"line":122,"type":"if","locations":[{"start":{"line":122,"column":20},"end":{"line":122,"column":20}},{"start":{"line":122,"column":20},"end":{"line":122,"column":20}}]},"11":{"line":131,"type":"if","locations":[{"start":{"line":131,"column":8},"end":{"line":131,"column":8}},{"start":{"line":131,"column":8},"end":{"line":131,"column":8}}]},"12":{"line":138,"type":"if","locations":[{"start":{"line":138,"column":16},"end":{"line":138,"column":16}},{"start":{"line":138,"column":16},"end":{"line":138,"column":16}}]},"13":{"line":146,"type":"if","locations":[{"start":{"line":146,"column":8},"end":{"line":146,"column":8}},{"start":{"line":146,"column":8},"end":{"line":146,"column":8}}]},"14":{"line":149,"type":"if","locations":[{"start":{"line":149,"column":8},"end":{"line":149,"column":8}},{"start":{"line":149,"column":8},"end":{"line":149,"column":8}}]}}}}