{
"contracts/Controller.sol":{"l":{"29":0,"33":0,"34":0,"35":0,"46":0,"50":0,"51":0,"60":0,"64":0,"65":0,"74":0,"78":0,"79":0,"89":0,"93":0,"100":0,"101":0,"105":0,"115":0,"120":0,"127":0,"137":0,"140":0,"144":0},"path":"/Users/tallywiesenberg/Repositories/Tellor/tellorX/contracts/Controller.sol","s":{"1":0,"2":0,"3":0,"4":0,"5":0,"6":0,"7":0,"8":0,"9":0,"10":0,"11":0,"12":0,"13":0,"14":0,"15":0,"16":0,"17":0,"18":0,"19":0,"20":0,"21":0,"22":0,"23":0},"b":{"1":[0,0],"2":[0,0],"3":[0,0],"4":[0,0],"5":[0,0],"6":[0,0],"7":[0,0],"8":[0,0],"9":[0,0],"10":[0,0],"11":[0,0],"12":[0,0]},"f":{"1":0,"2":0,"3":0,"4":0,"5":0,"6":0,"7":0,"8":0,"9":0,"10":0},"fnMap":{"1":{"name":"constructor","line":21,"loc":{"start":{"line":17,"column":4},"end":{"line":21,"column":51}}},"2":{"name":"changeControllerContract","line":28,"loc":{"start":{"line":28,"column":4},"end":{"line":38,"column":4}}},"3":{"name":"changeGovernanceContract","line":45,"loc":{"start":{"line":45,"column":4},"end":{"line":52,"column":4}}},"4":{"name":"changeOracleContract","line":59,"loc":{"start":{"line":59,"column":4},"end":{"line":66,"column":4}}},"5":{"name":"changeTreasuryContract","line":73,"loc":{"start":{"line":73,"column":4},"end":{"line":80,"column":4}}},"6":{"name":"changeUint","line":88,"loc":{"start":{"line":88,"column":4},"end":{"line":94,"column":4}}},"7":{"name":"migrate","line":99,"loc":{"start":{"line":99,"column":4},"end":{"line":106,"column":4}}},"8":{"name":"mint","line":114,"loc":{"start":{"line":114,"column":4},"end":{"line":121,"column":4}}},"9":{"name":"verify","line":126,"loc":{"start":{"line":126,"column":4},"end":{"line":128,"column":4}}},"10":{"name":"_isValid","line":136,"loc":{"start":{"line":136,"column":4},"end":{"line":145,"column":4}}}},"statementMap":{"1":{"start":{"line":29,"column":8},"end":{"line":29,"column":908}},"2":{"start":{"line":33,"column":8},"end":{"line":33,"column":40}},"3":{"start":{"line":34,"column":8},"end":{"line":34,"column":51}},"4":{"start":{"line":46,"column":8},"end":{"line":46,"column":1593}},"5":{"start":{"line":50,"column":8},"end":{"line":50,"column":40}},"6":{"start":{"line":51,"column":8},"end":{"line":51,"column":55}},"7":{"start":{"line":60,"column":8},"end":{"line":60,"column":2147}},"8":{"start":{"line":64,"column":8},"end":{"line":64,"column":36}},"9":{"start":{"line":65,"column":8},"end":{"line":65,"column":47}},"10":{"start":{"line":74,"column":8},"end":{"line":74,"column":2695}},"11":{"start":{"line":78,"column":8},"end":{"line":78,"column":38}},"12":{"start":{"line":79,"column":8},"end":{"line":79,"column":51}},"13":{"start":{"line":89,"column":8},"end":{"line":89,"column":3301}},"14":{"start":{"line":93,"column":8},"end":{"line":93,"column":31}},"15":{"start":{"line":100,"column":8},"end":{"line":100,"column":57}},"16":{"start":{"line":101,"column":8},"end":{"line":101,"column":3677}},"17":{"start":{"line":105,"column":8},"end":{"line":105,"column":34}},"18":{"start":{"line":115,"column":8},"end":{"line":115,"column":4223}},"19":{"start":{"line":120,"column":8},"end":{"line":120,"column":34}},"20":{"start":{"line":127,"column":8},"end":{"line":127,"column":19}},"21":{"start":{"line":137,"column":8},"end":{"line":137,"column":4996}},"22":{"start":{"line":140,"column":8},"end":{"line":140,"column":5150}},"23":{"start":{"line":144,"column":8},"end":{"line":144,"column":19}}},"branchMap":{"1":{"line":29,"type":"if","locations":[{"start":{"line":29,"column":8},"end":{"line":29,"column":8}},{"start":{"line":29,"column":8},"end":{"line":29,"column":8}}]},"2":{"line":33,"type":"if","locations":[{"start":{"line":33,"column":8},"end":{"line":33,"column":8}},{"start":{"line":33,"column":8},"end":{"line":33,"column":8}}]},"3":{"line":46,"type":"if","locations":[{"start":{"line":46,"column":8},"end":{"line":46,"column":8}},{"start":{"line":46,"column":8},"end":{"line":46,"column":8}}]},"4":{"line":50,"type":"if","locations":[{"start":{"line":50,"column":8},"end":{"line":50,"column":8}},{"start":{"line":50,"column":8},"end":{"line":50,"column":8}}]},"5":{"line":60,"type":"if","locations":[{"start":{"line":60,"column":8},"end":{"line":60,"column":8}},{"start":{"line":60,"column":8},"end":{"line":60,"column":8}}]},"6":{"line":64,"type":"if","locations":[{"start":{"line":64,"column":8},"end":{"line":64,"column":8}},{"start":{"line":64,"column":8},"end":{"line":64,"column":8}}]},"7":{"line":74,"type":"if","locations":[{"start":{"line":74,"column":8},"end":{"line":74,"column":8}},{"start":{"line":74,"column":8},"end":{"line":74,"column":8}}]},"8":{"line":78,"type":"if","locations":[{"start":{"line":78,"column":8},"end":{"line":78,"column":8}},{"start":{"line":78,"column":8},"end":{"line":78,"column":8}}]},"9":{"line":89,"type":"if","locations":[{"start":{"line":89,"column":8},"end":{"line":89,"column":8}},{"start":{"line":89,"column":8},"end":{"line":89,"column":8}}]},"10":{"line":100,"type":"if","locations":[{"start":{"line":100,"column":8},"end":{"line":100,"column":8}},{"start":{"line":100,"column":8},"end":{"line":100,"column":8}}]},"11":{"line":115,"type":"if","locations":[{"start":{"line":115,"column":8},"end":{"line":115,"column":8}},{"start":{"line":115,"column":8},"end":{"line":115,"column":8}}]},"12":{"line":140,"type":"if","locations":[{"start":{"line":140,"column":8},"end":{"line":140,"column":8}},{"start":{"line":140,"column":8},"end":{"line":140,"column":8}}]}}},
"contracts/Getters.sol":{"l":{"28":0,"44":0,"63":0},"path":"/Users/tallywiesenberg/Repositories/Tellor/tellorX/contracts/Getters.sol","s":{"1":0,"2":0,"3":0},"b":{},"f":{"1":0,"2":0,"3":0},"fnMap":{"1":{"name":"getNewValueCountbyQueryId","line":23,"loc":{"start":{"line":23,"column":4},"end":{"line":31,"column":4}}},"2":{"name":"getTimestampbyQueryIdandIndex","line":39,"loc":{"start":{"line":39,"column":4},"end":{"line":50,"column":4}}},"3":{"name":"retrieveData","line":58,"loc":{"start":{"line":58,"column":4},"end":{"line":69,"column":4}}}},"statementMap":{"1":{"start":{"line":28,"column":8},"end":{"line":28,"column":815}},"2":{"start":{"line":44,"column":8},"end":{"line":44,"column":1278}},"3":{"start":{"line":63,"column":8},"end":{"line":63,"column":1798}}},"branchMap":{}},
"contracts/Governance.sol":{"l":{"90":0,"104":0,"105":0,"107":0,"117":0,"120":0,"127":0,"131":0,"133":0,"134":0,"135":0,"137":0,"138":0,"139":0,"144":0,"148":0,"151":0,"152":0,"154":0,"155":0,"156":0,"160":0,"162":0,"163":0,"164":0,"165":0,"166":0,"167":0,"169":0,"170":0,"171":0,"172":0,"174":0,"176":0,"177":0,"186":0,"187":0,"190":0,"191":0,"194":0,"198":0,"200":0,"201":0,"209":0,"211":0,"216":0,"224":0,"227":0,"229":0,"243":0,"245":0,"248":0,"250":0,"251":0,"253":0,"254":0,"255":0,"256":0,"257":0,"258":0,"260":0,"262":0,"265":0,"276":0,"277":0,"278":0,"279":0,"281":0,"285":0,"290":0,"291":0,"293":0,"294":0,"295":0,"296":0,"297":0,"301":0,"303":0,"304":0,"308":0,"310":0,"311":0,"312":0,"313":0,"315":0,"320":0,"321":0,"323":0,"324":0,"329":0,"333":0,"338":0,"339":0,"340":0,"342":0,"345":0,"349":0,"352":0,"353":0,"358":0,"359":0,"360":0,"362":0,"366":0,"369":0,"373":0,"375":0,"393":0,"394":0,"395":0,"396":0,"397":0,"400":0,"403":0,"405":0,"406":0,"407":0,"413":0,"414":0,"423":0,"424":0,"425":0,"426":0,"427":0,"428":0,"429":0,"430":0,"431":0,"433":0,"443":0,"444":0,"453":0,"458":0,"467":0,"468":0,"469":0,"471":0,"472":0,"473":0,"474":0,"475":0,"478":0,"483":0,"488":0,"491":0,"496":0,"497":0,"499":0,"502":0,"503":0,"512":0,"514":0,"515":0,"523":0,"524":0,"525":0,"526":0,"529":0,"531":0,"532":0,"536":0,"537":0,"539":0,"554":0,"558":0,"574":0,"575":0,"580":0,"592":0,"606":0,"607":0,"613":0,"635":0,"636":0,"645":0,"653":0,"680":0,"681":0,"711":0,"722":0,"725":0,"727":0,"737":0,"744":0,"763":0,"764":0,"765":0,"766":0,"767":0,"771":0,"772":0,"776":0,"777":0,"778":0,"780":0,"781":0,"782":0,"783":0,"785":0,"786":0,"787":0,"789":0,"791":0,"793":0},"path":"/Users/tallywiesenberg/Repositories/Tellor/tellorX/contracts/Governance.sol","s":{"1":0,"2":0,"3":0,"4":0,"5":0,"6":0,"7":0,"8":0,"9":0,"10":0,"11":0,"12":0,"13":0,"14":0,"15":0,"16":0,"17":0,"18":0,"19":0,"20":0,"21":0,"22":0,"23":0,"24":0,"25":0,"26":0,"27":0,"28":0,"29":0,"30":0,"31":0,"32":0,"33":0,"34":0,"35":0,"36":0,"37":0,"38":0,"39":0,"40":0,"41":0,"42":0,"43":0,"44":0,"45":0,"46":0,"47":0,"48":0,"49":0,"50":0,"51":0,"52":0,"53":0,"54":0,"55":0,"56":0,"57":0,"58":0,"59":0,"60":0,"61":0,"62":0,"63":0,"64":0,"65":0,"66":0,"67":0,"68":0,"69":0,"70":0,"71":0,"72":0,"73":0,"74":0,"75":0,"76":0,"77":0,"78":0,"79":0,"80":0,"81":0,"82":0,"83":0,"84":0,"85":0,"86":0,"87":0,"88":0,"89":0,"90":0,"91":0,"92":0,"93":0,"94":0,"95":0,"96":0,"97":0,"98":0,"99":0,"100":0,"101":0,"102":0,"103":0,"104":0,"105":0,"106":0,"107":0,"108":0,"109":0,"110":0,"111":0,"112":0,"113":0,"114":0,"115":0,"116":0,"117":0,"118":0,"119":0,"120":0,"121":0,"122":0,"123":0,"124":0,"125":0,"126":0,"127":0,"128":0,"129":0,"130":0,"131":0,"132":0,"133":0,"134":0,"135":0,"136":0,"137":0,"138":0,"139":0,"140":0,"141":0,"142":0,"143":0,"144":0,"145":0,"146":0,"147":0,"148":0,"149":0,"150":0,"151":0,"152":0,"153":0,"154":0,"155":0,"156":0,"157":0,"158":0,"159":0,"160":0,"161":0,"162":0,"163":0,"164":0,"165":0,"166":0,"167":0,"168":0,"169":0,"170":0,"171":0,"172":0,"173":0,"174":0,"175":0,"176":0,"177":0,"178":0,"179":0,"180":0,"181":0,"182":0,"183":0,"184":0,"185":0,"186":0,"187":0,"188":0,"189":0,"190":0,"191":0,"192":0,"193":0,"194":0,"195":0,"196":0,"197":0,"198":0,"199":0,"200":0,"201":0,"202":0,"203":0,"204":0,"205":0},"b":{"1":[0,0],"2":[0,0],"3":[0,0],"4":[0,0],"5":[0,0],"6":[0,0],"7":[0,0],"8":[0,0],"9":[0,0],"10":[0,0],"11":[0,0],"12":[0,0],"13":[0,0],"14":[0,0],"15":[0,0],"16":[0,0],"17":[0,0],"18":[0,0],"19":[0,0],"20":[0,0],"21":[0,0],"22":[0,0],"23":[0,0],"24":[0,0],"25":[0,0],"26":[0,0],"27":[0,0],"28":[0,0],"29":[0,0],"30":[0,0],"31":[0,0],"32":[0,0],"33":[0,0],"34":[0,0],"35":[0,0],"36":[0,0],"37":[0,0],"38":[0,0],"39":[0,0],"40":[0,0],"41":[0,0],"42":[0,0],"43":[0,0],"44":[0,0],"45":[0,0],"46":[0,0],"47":[0,0],"48":[0,0],"49":[0,0],"50":[0,0],"51":[0,0],"52":[0,0]},"f":{"1":0,"2":0,"3":0,"4":0,"5":0,"6":0,"7":0,"8":0,"9":0,"10":0,"11":0,"12":0,"13":0,"14":0,"15":0,"16":0,"17":0,"18":0,"19":0,"20":0,"21":0,"22":0},"fnMap":{"1":{"name":"constructor","line":89,"loc":{"start":{"line":89,"column":4},"end":{"line":108,"column":4}}},"2":{"name":"beginDispute","line":115,"loc":{"start":{"line":115,"column":4},"end":{"line":202,"column":4}}},"3":{"name":"delegate","line":208,"loc":{"start":{"line":208,"column":4},"end":{"line":230,"column":4}}},"4":{"name":"delegateOfAt","line":238,"loc":{"start":{"line":238,"column":4},"end":{"line":267,"column":4}}},"5":{"name":"executeVote","line":274,"loc":{"start":{"line":274,"column":4},"end":{"line":377,"column":4}}},"6":{"name":"proposeVote","line":386,"loc":{"start":{"line":386,"column":4},"end":{"line":445,"column":4}}},"7":{"name":"setApprovedFunction","line":452,"loc":{"start":{"line":452,"column":4},"end":{"line":459,"column":4}}},"8":{"name":"tallyVotes","line":465,"loc":{"start":{"line":465,"column":4},"end":{"line":516,"column":4}}},"9":{"name":"updateMinDisputeFee","line":522,"loc":{"start":{"line":522,"column":4},"end":{"line":541,"column":4}}},"10":{"name":"vote","line":549,"loc":{"start":{"line":549,"column":4},"end":{"line":559,"column":4}}},"11":{"name":"voteFor","line":568,"loc":{"start":{"line":568,"column":4},"end":{"line":582,"column":4}}},"12":{"name":"didVote","line":591,"loc":{"start":{"line":591,"column":4},"end":{"line":593,"column":4}}},"13":{"name":"getDelegateInfo","line":601,"loc":{"start":{"line":601,"column":4},"end":{"line":615,"column":4}}},"14":{"name":"getDisputeInfo","line":625,"loc":{"start":{"line":625,"column":4},"end":{"line":637,"column":4}}},"15":{"name":"getOpenDisputesOnId","line":644,"loc":{"start":{"line":644,"column":4},"end":{"line":646,"column":4}}},"16":{"name":"getVoteCount","line":652,"loc":{"start":{"line":652,"column":4},"end":{"line":654,"column":4}}},"17":{"name":"getVoteInfo","line":667,"loc":{"start":{"line":667,"column":4},"end":{"line":699,"column":4}}},"18":{"name":"getVoteRounds","line":706,"loc":{"start":{"line":706,"column":4},"end":{"line":712,"column":4}}},"19":{"name":"isApprovedGovernanceContract","line":718,"loc":{"start":{"line":718,"column":4},"end":{"line":729,"column":4}}},"20":{"name":"isFunctionApproved","line":736,"loc":{"start":{"line":736,"column":4},"end":{"line":738,"column":4}}},"21":{"name":"verify","line":743,"loc":{"start":{"line":743,"column":4},"end":{"line":745,"column":4}}},"22":{"name":"_vote","line":756,"loc":{"start":{"line":756,"column":4},"end":{"line":794,"column":4}}}},"statementMap":{"1":{"start":{"line":90,"column":8},"end":{"line":90,"column":4118}},"2":{"start":{"line":104,"column":8},"end":{"line":104,"column":4865}},"3":{"start":{"line":105,"column":12},"end":{"line":105,"column":46}},"4":{"start":{"line":107,"column":8},"end":{"line":107,"column":28}},"5":{"start":{"line":117,"column":8},"end":{"line":117,"column":5295}},"6":{"start":{"line":120,"column":8},"end":{"line":120,"column":5399}},"7":{"start":{"line":127,"column":8},"end":{"line":127,"column":5588}},"8":{"start":{"line":131,"column":8},"end":{"line":131,"column":73}},"9":{"start":{"line":134,"column":8},"end":{"line":134,"column":38}},"10":{"start":{"line":135,"column":8},"end":{"line":135,"column":41}},"11":{"start":{"line":137,"column":8},"end":{"line":137,"column":6013}},"12":{"start":{"line":138,"column":12},"end":{"line":138,"column":77}},"13":{"start":{"line":139,"column":12},"end":{"line":139,"column":6144}},"14":{"start":{"line":144,"column":12},"end":{"line":144,"column":6364}},"15":{"start":{"line":151,"column":8},"end":{"line":151,"column":53}},"16":{"start":{"line":152,"column":8},"end":{"line":152,"column":62}},"17":{"start":{"line":154,"column":8},"end":{"line":154,"column":40}},"18":{"start":{"line":155,"column":8},"end":{"line":155,"column":42}},"19":{"start":{"line":156,"column":8},"end":{"line":156,"column":6970}},"20":{"start":{"line":160,"column":8},"end":{"line":160,"column":45}},"21":{"start":{"line":162,"column":8},"end":{"line":162,"column":39}},"22":{"start":{"line":163,"column":8},"end":{"line":163,"column":39}},"23":{"start":{"line":164,"column":8},"end":{"line":164,"column":43}},"24":{"start":{"line":165,"column":8},"end":{"line":165,"column":44}},"25":{"start":{"line":166,"column":8},"end":{"line":166,"column":53}},"26":{"start":{"line":167,"column":8},"end":{"line":167,"column":33}},"27":{"start":{"line":169,"column":8},"end":{"line":169,"column":20}},"28":{"start":{"line":170,"column":8},"end":{"line":170,"column":7581}},"29":{"start":{"line":171,"column":12},"end":{"line":171,"column":66}},"30":{"start":{"line":172,"column":12},"end":{"line":172,"column":61}},"31":{"start":{"line":174,"column":12},"end":{"line":174,"column":64}},"32":{"start":{"line":176,"column":8},"end":{"line":176,"column":38}},"33":{"start":{"line":177,"column":8},"end":{"line":177,"column":7894}},"34":{"start":{"line":186,"column":8},"end":{"line":186,"column":75}},"35":{"start":{"line":187,"column":8},"end":{"line":187,"column":8370}},"36":{"start":{"line":190,"column":8},"end":{"line":190,"column":8492}},"37":{"start":{"line":191,"column":12},"end":{"line":191,"column":8529}},"38":{"start":{"line":194,"column":12},"end":{"line":194,"column":8646}},"39":{"start":{"line":198,"column":12},"end":{"line":198,"column":32}},"40":{"start":{"line":200,"column":8},"end":{"line":200,"column":68}},"41":{"start":{"line":201,"column":8},"end":{"line":201,"column":68}},"42":{"start":{"line":209,"column":8},"end":{"line":209,"column":67}},"43":{"start":{"line":211,"column":8},"end":{"line":211,"column":9364}},"44":{"start":{"line":216,"column":12},"end":{"line":216,"column":9545}},"45":{"start":{"line":224,"column":12},"end":{"line":224,"column":9791}},"46":{"start":{"line":227,"column":12},"end":{"line":227,"column":45}},"47":{"start":{"line":229,"column":8},"end":{"line":229,"column":47}},"48":{"start":{"line":243,"column":8},"end":{"line":243,"column":62}},"49":{"start":{"line":245,"column":8},"end":{"line":245,"column":10564}},"50":{"start":{"line":248,"column":12},"end":{"line":248,"column":29}},"51":{"start":{"line":250,"column":12},"end":{"line":250,"column":10779}},"52":{"start":{"line":251,"column":16},"end":{"line":251,"column":67}},"53":{"start":{"line":253,"column":12},"end":{"line":253,"column":28}},"54":{"start":{"line":254,"column":12},"end":{"line":254,"column":49}},"55":{"start":{"line":255,"column":12},"end":{"line":255,"column":11010}},"56":{"start":{"line":256,"column":16},"end":{"line":256,"column":52}},"57":{"start":{"line":257,"column":16},"end":{"line":257,"column":11106}},"58":{"start":{"line":258,"column":20},"end":{"line":258,"column":53}},"59":{"start":{"line":259,"column":23},"end":{"line":259,"column":11235}},"60":{"start":{"line":260,"column":20},"end":{"line":260,"column":30}},"61":{"start":{"line":262,"column":20},"end":{"line":262,"column":34}},"62":{"start":{"line":265,"column":12},"end":{"line":265,"column":45}},"63":{"start":{"line":276,"column":8},"end":{"line":276,"column":53}},"64":{"start":{"line":277,"column":8},"end":{"line":277,"column":64}},"65":{"start":{"line":278,"column":8},"end":{"line":278,"column":61}},"66":{"start":{"line":279,"column":8},"end":{"line":279,"column":63}},"67":{"start":{"line":281,"column":8},"end":{"line":281,"column":12180}},"68":{"start":{"line":285,"column":8},"end":{"line":285,"column":12325}},"69":{"start":{"line":290,"column":8},"end":{"line":290,"column":32}},"70":{"start":{"line":291,"column":8},"end":{"line":291,"column":12544}},"71":{"start":{"line":293,"column":12},"end":{"line":293,"column":12685}},"72":{"start":{"line":294,"column":16},"end":{"line":294,"column":60}},"73":{"start":{"line":295,"column":16},"end":{"line":295,"column":26}},"74":{"start":{"line":296,"column":16},"end":{"line":296,"column":33}},"75":{"start":{"line":297,"column":16},"end":{"line":297,"column":12875}},"76":{"start":{"line":301,"column":12},"end":{"line":301,"column":59}},"77":{"start":{"line":303,"column":12},"end":{"line":303,"column":66}},"78":{"start":{"line":304,"column":12},"end":{"line":304,"column":13205}},"79":{"start":{"line":310,"column":12},"end":{"line":310,"column":65}},"80":{"start":{"line":311,"column":12},"end":{"line":311,"column":22}},"81":{"start":{"line":312,"column":12},"end":{"line":312,"column":27}},"82":{"start":{"line":313,"column":12},"end":{"line":313,"column":13531}},"83":{"start":{"line":315,"column":16},"end":{"line":315,"column":13719}},"84":{"start":{"line":320,"column":20},"end":{"line":320,"column":73}},"85":{"start":{"line":321,"column":20},"end":{"line":321,"column":48}},"86":{"start":{"line":323,"column":20},"end":{"line":323,"column":14144}},"87":{"start":{"line":324,"column":24},"end":{"line":324,"column":14187}},"88":{"start":{"line":329,"column":20},"end":{"line":329,"column":75}},"89":{"start":{"line":331,"column":19},"end":{"line":331,"column":14470}},"90":{"start":{"line":333,"column":16},"end":{"line":333,"column":14663}},"91":{"start":{"line":338,"column":20},"end":{"line":338,"column":73}},"92":{"start":{"line":339,"column":20},"end":{"line":339,"column":48}},"93":{"start":{"line":340,"column":20},"end":{"line":340,"column":75}},"94":{"start":{"line":342,"column":16},"end":{"line":342,"column":15052}},"95":{"start":{"line":345,"column":16},"end":{"line":345,"column":15181}},"96":{"start":{"line":349,"column":16},"end":{"line":349,"column":77}},"97":{"start":{"line":350,"column":19},"end":{"line":350,"column":15468}},"98":{"start":{"line":352,"column":16},"end":{"line":352,"column":43}},"99":{"start":{"line":353,"column":16},"end":{"line":353,"column":15708}},"100":{"start":{"line":358,"column":20},"end":{"line":358,"column":73}},"101":{"start":{"line":359,"column":20},"end":{"line":359,"column":48}},"102":{"start":{"line":360,"column":20},"end":{"line":360,"column":51}},"103":{"start":{"line":362,"column":16},"end":{"line":362,"column":16072}},"104":{"start":{"line":366,"column":16},"end":{"line":366,"column":16214}},"105":{"start":{"line":369,"column":16},"end":{"line":369,"column":16343}},"106":{"start":{"line":373,"column":16},"end":{"line":373,"column":77}},"107":{"start":{"line":375,"column":12},"end":{"line":375,"column":70}},"108":{"start":{"line":394,"column":8},"end":{"line":394,"column":38}},"109":{"start":{"line":395,"column":8},"end":{"line":395,"column":53}},"110":{"start":{"line":396,"column":8},"end":{"line":396,"column":17542}},"111":{"start":{"line":397,"column":12},"end":{"line":397,"column":39}},"112":{"start":{"line":400,"column":8},"end":{"line":400,"column":17692}},"113":{"start":{"line":403,"column":8},"end":{"line":403,"column":41}},"114":{"start":{"line":405,"column":8},"end":{"line":405,"column":17908}},"115":{"start":{"line":406,"column":12},"end":{"line":406,"column":77}},"116":{"start":{"line":407,"column":12},"end":{"line":407,"column":18039}},"117":{"start":{"line":413,"column":8},"end":{"line":413,"column":64}},"118":{"start":{"line":414,"column":8},"end":{"line":414,"column":18418}},"119":{"start":{"line":423,"column":8},"end":{"line":423,"column":39}},"120":{"start":{"line":424,"column":8},"end":{"line":424,"column":53}},"121":{"start":{"line":425,"column":8},"end":{"line":425,"column":44}},"122":{"start":{"line":426,"column":8},"end":{"line":426,"column":43}},"123":{"start":{"line":427,"column":8},"end":{"line":427,"column":27}},"124":{"start":{"line":428,"column":8},"end":{"line":428,"column":29}},"125":{"start":{"line":429,"column":8},"end":{"line":429,"column":41}},"126":{"start":{"line":430,"column":8},"end":{"line":430,"column":40}},"127":{"start":{"line":431,"column":8},"end":{"line":431,"column":39}},"128":{"start":{"line":433,"column":8},"end":{"line":433,"column":19190}},"129":{"start":{"line":443,"column":8},"end":{"line":443,"column":72}},"130":{"start":{"line":444,"column":8},"end":{"line":444,"column":49}},"131":{"start":{"line":453,"column":8},"end":{"line":453,"column":20038}},"132":{"start":{"line":458,"column":8},"end":{"line":458,"column":37}},"133":{"start":{"line":467,"column":8},"end":{"line":467,"column":53}},"134":{"start":{"line":468,"column":8},"end":{"line":468,"column":72}},"135":{"start":{"line":469,"column":8},"end":{"line":469,"column":78}},"136":{"start":{"line":471,"column":8},"end":{"line":471,"column":34}},"137":{"start":{"line":472,"column":8},"end":{"line":472,"column":27}},"138":{"start":{"line":473,"column":8},"end":{"line":473,"column":20910}},"139":{"start":{"line":474,"column":12},"end":{"line":474,"column":29}},"140":{"start":{"line":475,"column":12},"end":{"line":475,"column":22}},"141":{"start":{"line":478,"column":8},"end":{"line":478,"column":21052}},"142":{"start":{"line":483,"column":8},"end":{"line":483,"column":21272}},"143":{"start":{"line":488,"column":12},"end":{"line":488,"column":48}},"144":{"start":{"line":489,"column":15},"end":{"line":489,"column":21509}},"145":{"start":{"line":491,"column":12},"end":{"line":491,"column":21697}},"146":{"start":{"line":496,"column":16},"end":{"line":496,"column":51}},"147":{"start":{"line":497,"column":16},"end":{"line":497,"column":70}},"148":{"start":{"line":499,"column":16},"end":{"line":499,"column":22098}},"149":{"start":{"line":502,"column":16},"end":{"line":502,"column":22244}},"150":{"start":{"line":503,"column":20},"end":{"line":503,"column":22311}},"151":{"start":{"line":512,"column":12},"end":{"line":512,"column":47}},"152":{"start":{"line":514,"column":8},"end":{"line":514,"column":44}},"153":{"start":{"line":515,"column":8},"end":{"line":515,"column":54}},"154":{"start":{"line":523,"column":8},"end":{"line":523,"column":76}},"155":{"start":{"line":524,"column":8},"end":{"line":524,"column":79}},"156":{"start":{"line":525,"column":8},"end":{"line":525,"column":77}},"157":{"start":{"line":526,"column":8},"end":{"line":526,"column":23206}},"158":{"start":{"line":529,"column":8},"end":{"line":529,"column":24}},"159":{"start":{"line":531,"column":8},"end":{"line":531,"column":23393}},"160":{"start":{"line":532,"column":12},"end":{"line":532,"column":23439}},"161":{"start":{"line":536,"column":8},"end":{"line":536,"column":23560}},"162":{"start":{"line":537,"column":12},"end":{"line":537,"column":31}},"163":{"start":{"line":539,"column":12},"end":{"line":539,"column":44}},"164":{"start":{"line":554,"column":8},"end":{"line":554,"column":24111}},"165":{"start":{"line":558,"column":8},"end":{"line":558,"column":62}},"166":{"start":{"line":574,"column":8},"end":{"line":574,"column":24864}},"167":{"start":{"line":575,"column":12},"end":{"line":575,"column":24929}},"168":{"start":{"line":580,"column":12},"end":{"line":580,"column":66}},"169":{"start":{"line":592,"column":8},"end":{"line":592,"column":49}},"170":{"start":{"line":606,"column":8},"end":{"line":606,"column":26036}},"171":{"start":{"line":607,"column":12},"end":{"line":607,"column":26093}},"172":{"start":{"line":613,"column":12},"end":{"line":613,"column":34}},"173":{"start":{"line":635,"column":8},"end":{"line":635,"column":52}},"174":{"start":{"line":636,"column":8},"end":{"line":636,"column":71}},"175":{"start":{"line":645,"column":8},"end":{"line":645,"column":43}},"176":{"start":{"line":653,"column":8},"end":{"line":653,"column":24}},"177":{"start":{"line":680,"column":8},"end":{"line":680,"column":46}},"178":{"start":{"line":681,"column":8},"end":{"line":681,"column":28515}},"179":{"start":{"line":711,"column":8},"end":{"line":711,"column":32}},"180":{"start":{"line":722,"column":8},"end":{"line":722,"column":29626}},"181":{"start":{"line":725,"column":12},"end":{"line":725,"column":23}},"182":{"start":{"line":727,"column":12},"end":{"line":727,"column":24}},"183":{"start":{"line":737,"column":8},"end":{"line":737,"column":38}},"184":{"start":{"line":744,"column":8},"end":{"line":744,"column":19}},"185":{"start":{"line":763,"column":8},"end":{"line":763,"column":62}},"186":{"start":{"line":764,"column":8},"end":{"line":764,"column":53}},"187":{"start":{"line":765,"column":8},"end":{"line":765,"column":73}},"188":{"start":{"line":766,"column":8},"end":{"line":766,"column":61}},"189":{"start":{"line":767,"column":8},"end":{"line":767,"column":31282}},"190":{"start":{"line":771,"column":8},"end":{"line":771,"column":74}},"191":{"start":{"line":772,"column":8},"end":{"line":772,"column":31477}},"192":{"start":{"line":776,"column":8},"end":{"line":776,"column":61}},"193":{"start":{"line":777,"column":8},"end":{"line":777,"column":72}},"194":{"start":{"line":778,"column":8},"end":{"line":778,"column":50}},"195":{"start":{"line":780,"column":8},"end":{"line":780,"column":63}},"196":{"start":{"line":781,"column":8},"end":{"line":781,"column":61}},"197":{"start":{"line":782,"column":8},"end":{"line":782,"column":68}},"198":{"start":{"line":783,"column":8},"end":{"line":783,"column":51}},"199":{"start":{"line":785,"column":8},"end":{"line":785,"column":37}},"200":{"start":{"line":786,"column":8},"end":{"line":786,"column":32365}},"201":{"start":{"line":787,"column":12},"end":{"line":787,"column":47}},"202":{"start":{"line":788,"column":15},"end":{"line":788,"column":32474}},"203":{"start":{"line":789,"column":12},"end":{"line":789,"column":46}},"204":{"start":{"line":791,"column":12},"end":{"line":791,"column":42}},"205":{"start":{"line":793,"column":8},"end":{"line":793,"column":76}}},"branchMap":{"1":{"line":120,"type":"if","locations":[{"start":{"line":120,"column":8},"end":{"line":120,"column":8}},{"start":{"line":120,"column":8},"end":{"line":120,"column":8}}]},"2":{"line":137,"type":"if","locations":[{"start":{"line":137,"column":8},"end":{"line":137,"column":8}},{"start":{"line":137,"column":8},"end":{"line":137,"column":8}}]},"3":{"line":139,"type":"if","locations":[{"start":{"line":139,"column":12},"end":{"line":139,"column":12}},{"start":{"line":139,"column":12},"end":{"line":139,"column":12}}]},"4":{"line":144,"type":"if","locations":[{"start":{"line":144,"column":12},"end":{"line":144,"column":12}},{"start":{"line":144,"column":12},"end":{"line":144,"column":12}}]},"5":{"line":170,"type":"if","locations":[{"start":{"line":170,"column":8},"end":{"line":170,"column":8}},{"start":{"line":170,"column":8},"end":{"line":170,"column":8}}]},"6":{"line":177,"type":"if","locations":[{"start":{"line":177,"column":8},"end":{"line":177,"column":8}},{"start":{"line":177,"column":8},"end":{"line":177,"column":8}}]},"7":{"line":190,"type":"if","locations":[{"start":{"line":190,"column":8},"end":{"line":190,"column":8}},{"start":{"line":190,"column":8},"end":{"line":190,"column":8}}]},"8":{"line":211,"type":"if","locations":[{"start":{"line":211,"column":8},"end":{"line":211,"column":8}},{"start":{"line":211,"column":8},"end":{"line":211,"column":8}}]},"9":{"line":245,"type":"if","locations":[{"start":{"line":245,"column":8},"end":{"line":245,"column":8}},{"start":{"line":245,"column":8},"end":{"line":245,"column":8}}]},"10":{"line":250,"type":"if","locations":[{"start":{"line":250,"column":12},"end":{"line":250,"column":12}},{"start":{"line":250,"column":12},"end":{"line":250,"column":12}}]},"11":{"line":257,"type":"if","locations":[{"start":{"line":257,"column":16},"end":{"line":257,"column":16}},{"start":{"line":257,"column":16},"end":{"line":257,"column":16}}]},"12":{"line":259,"type":"if","locations":[{"start":{"line":259,"column":23},"end":{"line":259,"column":23}},{"start":{"line":259,"column":23},"end":{"line":259,"column":23}}]},"13":{"line":277,"type":"if","locations":[{"start":{"line":277,"column":8},"end":{"line":277,"column":8}},{"start":{"line":277,"column":8},"end":{"line":277,"column":8}}]},"14":{"line":278,"type":"if","locations":[{"start":{"line":278,"column":8},"end":{"line":278,"column":8}},{"start":{"line":278,"column":8},"end":{"line":278,"column":8}}]},"15":{"line":279,"type":"if","locations":[{"start":{"line":279,"column":8},"end":{"line":279,"column":8}},{"start":{"line":279,"column":8},"end":{"line":279,"column":8}}]},"16":{"line":281,"type":"if","locations":[{"start":{"line":281,"column":8},"end":{"line":281,"column":8}},{"start":{"line":281,"column":8},"end":{"line":281,"column":8}}]},"17":{"line":285,"type":"if","locations":[{"start":{"line":285,"column":8},"end":{"line":285,"column":8}},{"start":{"line":285,"column":8},"end":{"line":285,"column":8}}]},"18":{"line":291,"type":"if","locations":[{"start":{"line":291,"column":8},"end":{"line":291,"column":8}},{"start":{"line":291,"column":8},"end":{"line":291,"column":8}}]},"19":{"line":293,"type":"if","locations":[{"start":{"line":293,"column":12},"end":{"line":293,"column":12}},{"start":{"line":293,"column":12},"end":{"line":293,"column":12}}]},"20":{"line":304,"type":"if","locations":[{"start":{"line":304,"column":12},"end":{"line":304,"column":12}},{"start":{"line":304,"column":12},"end":{"line":304,"column":12}}]},"21":{"line":313,"type":"if","locations":[{"start":{"line":313,"column":12},"end":{"line":313,"column":12}},{"start":{"line":313,"column":12},"end":{"line":313,"column":12}}]},"22":{"line":323,"type":"if","locations":[{"start":{"line":323,"column":20},"end":{"line":323,"column":20}},{"start":{"line":323,"column":20},"end":{"line":323,"column":20}}]},"23":{"line":331,"type":"if","locations":[{"start":{"line":331,"column":19},"end":{"line":331,"column":19}},{"start":{"line":331,"column":19},"end":{"line":331,"column":19}}]},"24":{"line":350,"type":"if","locations":[{"start":{"line":350,"column":19},"end":{"line":350,"column":19}},{"start":{"line":350,"column":19},"end":{"line":350,"column":19}}]},"25":{"line":396,"type":"if","locations":[{"start":{"line":396,"column":8},"end":{"line":396,"column":8}},{"start":{"line":396,"column":8},"end":{"line":396,"column":8}}]},"26":{"line":405,"type":"if","locations":[{"start":{"line":405,"column":8},"end":{"line":405,"column":8}},{"start":{"line":405,"column":8},"end":{"line":405,"column":8}}]},"27":{"line":407,"type":"if","locations":[{"start":{"line":407,"column":12},"end":{"line":407,"column":12}},{"start":{"line":407,"column":12},"end":{"line":407,"column":12}}]},"28":{"line":414,"type":"if","locations":[{"start":{"line":414,"column":8},"end":{"line":414,"column":8}},{"start":{"line":414,"column":8},"end":{"line":414,"column":8}}]},"29":{"line":433,"type":"if","locations":[{"start":{"line":433,"column":8},"end":{"line":433,"column":8}},{"start":{"line":433,"column":8},"end":{"line":433,"column":8}}]},"30":{"line":443,"type":"if","locations":[{"start":{"line":443,"column":8},"end":{"line":443,"column":8}},{"start":{"line":443,"column":8},"end":{"line":443,"column":8}}]},"31":{"line":453,"type":"if","locations":[{"start":{"line":453,"column":8},"end":{"line":453,"column":8}},{"start":{"line":453,"column":8},"end":{"line":453,"column":8}}]},"32":{"line":468,"type":"if","locations":[{"start":{"line":468,"column":8},"end":{"line":468,"column":8}},{"start":{"line":468,"column":8},"end":{"line":468,"column":8}}]},"33":{"line":469,"type":"if","locations":[{"start":{"line":469,"column":8},"end":{"line":469,"column":8}},{"start":{"line":469,"column":8},"end":{"line":469,"column":8}}]},"34":{"line":473,"type":"if","locations":[{"start":{"line":473,"column":8},"end":{"line":473,"column":8}},{"start":{"line":473,"column":8},"end":{"line":473,"column":8}}]},"35":{"line":478,"type":"if","locations":[{"start":{"line":478,"column":8},"end":{"line":478,"column":8}},{"start":{"line":478,"column":8},"end":{"line":478,"column":8}}]},"36":{"line":483,"type":"if","locations":[{"start":{"line":483,"column":8},"end":{"line":483,"column":8}},{"start":{"line":483,"column":8},"end":{"line":483,"column":8}}]},"37":{"line":489,"type":"if","locations":[{"start":{"line":489,"column":15},"end":{"line":489,"column":15}},{"start":{"line":489,"column":15},"end":{"line":489,"column":15}}]},"38":{"line":491,"type":"if","locations":[{"start":{"line":491,"column":12},"end":{"line":491,"column":12}},{"start":{"line":491,"column":12},"end":{"line":491,"column":12}}]},"39":{"line":502,"type":"if","locations":[{"start":{"line":502,"column":16},"end":{"line":502,"column":16}},{"start":{"line":502,"column":16},"end":{"line":502,"column":16}}]},"40":{"line":531,"type":"if","locations":[{"start":{"line":531,"column":8},"end":{"line":531,"column":8}},{"start":{"line":531,"column":8},"end":{"line":531,"column":8}}]},"41":{"line":536,"type":"if","locations":[{"start":{"line":536,"column":8},"end":{"line":536,"column":8}},{"start":{"line":536,"column":8},"end":{"line":536,"column":8}}]},"42":{"line":554,"type":"if","locations":[{"start":{"line":554,"column":8},"end":{"line":554,"column":8}},{"start":{"line":554,"column":8},"end":{"line":554,"column":8}}]},"43":{"line":575,"type":"if","locations":[{"start":{"line":575,"column":12},"end":{"line":575,"column":12}},{"start":{"line":575,"column":12},"end":{"line":575,"column":12}}]},"44":{"line":606,"type":"if","locations":[{"start":{"line":606,"column":8},"end":{"line":606,"column":8}},{"start":{"line":606,"column":8},"end":{"line":606,"column":8}}]},"45":{"line":722,"type":"if","locations":[{"start":{"line":722,"column":8},"end":{"line":722,"column":8}},{"start":{"line":722,"column":8},"end":{"line":722,"column":8}}]},"46":{"line":763,"type":"if","locations":[{"start":{"line":763,"column":8},"end":{"line":763,"column":8}},{"start":{"line":763,"column":8},"end":{"line":763,"column":8}}]},"47":{"line":765,"type":"if","locations":[{"start":{"line":765,"column":8},"end":{"line":765,"column":8}},{"start":{"line":765,"column":8},"end":{"line":765,"column":8}}]},"48":{"line":781,"type":"if","locations":[{"start":{"line":781,"column":8},"end":{"line":781,"column":8}},{"start":{"line":781,"column":8},"end":{"line":781,"column":8}}]},"49":{"line":782,"type":"if","locations":[{"start":{"line":782,"column":8},"end":{"line":782,"column":8}},{"start":{"line":782,"column":8},"end":{"line":782,"column":8}}]},"50":{"line":783,"type":"if","locations":[{"start":{"line":783,"column":8},"end":{"line":783,"column":8}},{"start":{"line":783,"column":8},"end":{"line":783,"column":8}}]},"51":{"line":786,"type":"if","locations":[{"start":{"line":786,"column":8},"end":{"line":786,"column":8}},{"start":{"line":786,"column":8},"end":{"line":786,"column":8}}]},"52":{"line":788,"type":"if","locations":[{"start":{"line":788,"column":15},"end":{"line":788,"column":15}},{"start":{"line":788,"column":15},"end":{"line":788,"column":15}}]}}},
"contracts/interfaces/IController.sol":{"l":{},"path":"/Users/tallywiesenberg/Repositories/Tellor/tellorX/contracts/interfaces/IController.sol","s":{},"b":{},"f":{},"fnMap":{},"statementMap":{},"branchMap":{}},
"contracts/interfaces/IGovernance.sol":{"l":{},"path":"/Users/tallywiesenberg/Repositories/Tellor/tellorX/contracts/interfaces/IGovernance.sol","s":{},"b":{},"f":{},"fnMap":{},"statementMap":{},"branchMap":{}},
"contracts/interfaces/IOracle.sol":{"l":{},"path":"/Users/tallywiesenberg/Repositories/Tellor/tellorX/contracts/interfaces/IOracle.sol","s":{},"b":{},"f":{},"fnMap":{},"statementMap":{},"branchMap":{}},
"contracts/interfaces/ITellor.sol":{"l":{},"path":"/Users/tallywiesenberg/Repositories/Tellor/tellorX/contracts/interfaces/ITellor.sol","s":{},"b":{},"f":{},"fnMap":{},"statementMap":{},"branchMap":{}},
"contracts/interfaces/ITreasury.sol":{"l":{},"path":"/Users/tallywiesenberg/Repositories/Tellor/tellorX/contracts/interfaces/ITreasury.sol","s":{},"b":{},"f":{},"fnMap":{},"statementMap":{},"branchMap":{}},
"contracts/Oracle.sol":{"l":{"52":0,"57":0,"58":0,"59":0,"68":0,"73":0,"74":0,"84":0,"91":0,"92":0,"94":0,"95":0,"96":0,"99":0,"100":0,"101":0,"102":0,"116":0,"117":0,"122":0,"126":0,"130":0,"135":0,"136":0,"138":0,"139":0,"141":0,"146":0,"151":0,"152":0,"153":0,"154":0,"155":0,"157":0,"158":0,"159":0,"160":0,"162":0,"164":0,"165":0,"166":0,"181":0,"182":0,"190":0,"198":0,"199":0,"201":0,"202":0,"203":0,"204":0,"219":0,"232":0,"233":0,"234":0,"235":0,"236":0,"238":0,"247":0,"254":0,"268":0,"281":0,"295":0,"303":0,"316":0,"325":0,"339":0,"348":0,"357":0,"371":0,"378":0},"path":"/Users/tallywiesenberg/Repositories/Tellor/tellorX/contracts/Oracle.sol","s":{"1":0,"2":0,"3":0,"4":0,"5":0,"6":0,"7":0,"8":0,"9":0,"10":0,"11":0,"12":0,"13":0,"14":0,"15":0,"16":0,"17":0,"18":0,"19":0,"20":0,"21":0,"22":0,"23":0,"24":0,"25":0,"26":0,"27":0,"28":0,"29":0,"30":0,"31":0,"32":0,"33":0,"34":0,"35":0,"36":0,"37":0,"38":0,"39":0,"40":0,"41":0,"42":0,"43":0,"44":0,"45":0,"46":0,"47":0,"48":0,"49":0,"50":0,"51":0,"52":0,"53":0,"54":0,"55":0,"56":0,"57":0,"58":0,"59":0,"60":0,"61":0,"62":0,"63":0,"64":0,"65":0,"66":0,"67":0,"68":0},"b":{"1":[0,0],"2":[0,0],"3":[0,0],"4":[0,0],"5":[0,0],"6":[0,0],"7":[0,0],"8":[0,0],"9":[0,0],"10":[0,0],"11":[0,0],"12":[0,0],"13":[0,0],"14":[0,0],"15":[0,0],"16":[0,0]},"f":{"1":0,"2":0,"3":0,"4":0,"5":0,"6":0,"7":0,"8":0,"9":0,"10":0,"11":0,"12":0,"13":0,"14":0,"15":0,"16":0,"17":0,"18":0,"19":0,"20":0},"fnMap":{"1":{"name":"changeMiningLock","line":51,"loc":{"start":{"line":51,"column":4},"end":{"line":60,"column":4}}},"2":{"name":"changeTimeBasedReward","line":67,"loc":{"start":{"line":67,"column":4},"end":{"line":75,"column":4}}},"3":{"name":"removeValue","line":83,"loc":{"start":{"line":83,"column":4},"end":{"line":103,"column":4}}},"4":{"name":"submitValue","line":110,"loc":{"start":{"line":110,"column":4},"end":{"line":167,"column":4}}},"5":{"name":"tipQuery","line":175,"loc":{"start":{"line":175,"column":4},"end":{"line":205,"column":4}}},"6":{"name":"getBlockNumberByTimestamp","line":214,"loc":{"start":{"line":214,"column":4},"end":{"line":220,"column":4}}},"7":{"name":"getCurrentReward","line":227,"loc":{"start":{"line":227,"column":4},"end":{"line":239,"column":4}}},"8":{"name":"getCurrentValue","line":246,"loc":{"start":{"line":246,"column":4},"end":{"line":251,"column":4}}},"9":{"name":"getMiningLock","line":253,"loc":{"start":{"line":253,"column":4},"end":{"line":255,"column":4}}},"10":{"name":"getReporterByTimestamp","line":263,"loc":{"start":{"line":263,"column":4},"end":{"line":269,"column":4}}},"11":{"name":"getReportsSubmittedByAddress","line":276,"loc":{"start":{"line":276,"column":4},"end":{"line":282,"column":4}}},"12":{"name":"getReportTimestampByIndex","line":290,"loc":{"start":{"line":290,"column":4},"end":{"line":296,"column":4}}},"13":{"name":"getTimeBasedReward","line":302,"loc":{"start":{"line":302,"column":4},"end":{"line":304,"column":4}}},"14":{"name":"getTimestampCountById","line":311,"loc":{"start":{"line":311,"column":4},"end":{"line":317,"column":4}}},"15":{"name":"getTimeOfLastNewValue","line":324,"loc":{"start":{"line":324,"column":4},"end":{"line":326,"column":4}}},"16":{"name":"getTimestampIndexByTimestamp","line":334,"loc":{"start":{"line":334,"column":4},"end":{"line":340,"column":4}}},"17":{"name":"getTipsById","line":347,"loc":{"start":{"line":347,"column":4},"end":{"line":349,"column":4}}},"18":{"name":"getTipsByUser","line":356,"loc":{"start":{"line":356,"column":4},"end":{"line":358,"column":4}}},"19":{"name":"getValueByTimestamp","line":366,"loc":{"start":{"line":366,"column":4},"end":{"line":372,"column":4}}},"20":{"name":"verify","line":377,"loc":{"start":{"line":377,"column":4},"end":{"line":379,"column":4}}}},"statementMap":{"1":{"start":{"line":52,"column":8},"end":{"line":52,"column":2585}},"2":{"start":{"line":57,"column":8},"end":{"line":57,"column":72}},"3":{"start":{"line":58,"column":8},"end":{"line":58,"column":34}},"4":{"start":{"line":59,"column":8},"end":{"line":59,"column":46}},"5":{"start":{"line":68,"column":8},"end":{"line":68,"column":3226}},"6":{"start":{"line":73,"column":8},"end":{"line":73,"column":44}},"7":{"start":{"line":74,"column":8},"end":{"line":74,"column":57}},"8":{"start":{"line":84,"column":8},"end":{"line":84,"column":3871}},"9":{"start":{"line":91,"column":8},"end":{"line":91,"column":46}},"10":{"start":{"line":92,"column":8},"end":{"line":92,"column":55}},"11":{"start":{"line":94,"column":8},"end":{"line":94,"column":4354}},"12":{"start":{"line":95,"column":12},"end":{"line":95,"column":52}},"13":{"start":{"line":96,"column":12},"end":{"line":96,"column":53}},"14":{"start":{"line":100,"column":8},"end":{"line":100,"column":27}},"15":{"start":{"line":101,"column":8},"end":{"line":101,"column":44}},"16":{"start":{"line":102,"column":8},"end":{"line":102,"column":41}},"17":{"start":{"line":116,"column":8},"end":{"line":116,"column":46}},"18":{"start":{"line":117,"column":8},"end":{"line":117,"column":5182}},"19":{"start":{"line":122,"column":8},"end":{"line":122,"column":5360}},"20":{"start":{"line":126,"column":8},"end":{"line":126,"column":5522}},"21":{"start":{"line":130,"column":8},"end":{"line":130,"column":5651}},"22":{"start":{"line":135,"column":8},"end":{"line":135,"column":58}},"23":{"start":{"line":136,"column":8},"end":{"line":136,"column":57}},"24":{"start":{"line":138,"column":8},"end":{"line":138,"column":63}},"25":{"start":{"line":139,"column":8},"end":{"line":139,"column":61}},"26":{"start":{"line":141,"column":8},"end":{"line":141,"column":6177}},"27":{"start":{"line":146,"column":8},"end":{"line":146,"column":6392}},"28":{"start":{"line":151,"column":8},"end":{"line":151,"column":66}},"29":{"start":{"line":152,"column":8},"end":{"line":152,"column":43}},"30":{"start":{"line":153,"column":8},"end":{"line":153,"column":62}},"31":{"start":{"line":154,"column":8},"end":{"line":154,"column":53}},"32":{"start":{"line":155,"column":8},"end":{"line":155,"column":60}},"33":{"start":{"line":157,"column":8},"end":{"line":157,"column":68}},"34":{"start":{"line":158,"column":8},"end":{"line":158,"column":29}},"35":{"start":{"line":159,"column":8},"end":{"line":159,"column":7111}},"36":{"start":{"line":160,"column":12},"end":{"line":160,"column":55}},"37":{"start":{"line":162,"column":8},"end":{"line":162,"column":25}},"38":{"start":{"line":164,"column":8},"end":{"line":164,"column":43}},"39":{"start":{"line":166,"column":8},"end":{"line":166,"column":93}},"40":{"start":{"line":181,"column":8},"end":{"line":181,"column":56}},"41":{"start":{"line":182,"column":8},"end":{"line":182,"column":8110}},"42":{"start":{"line":190,"column":8},"end":{"line":190,"column":8328}},"43":{"start":{"line":198,"column":8},"end":{"line":198,"column":22}},"44":{"start":{"line":199,"column":8},"end":{"line":199,"column":45}},"45":{"start":{"line":201,"column":8},"end":{"line":201,"column":29}},"46":{"start":{"line":202,"column":8},"end":{"line":202,"column":37}},"47":{"start":{"line":203,"column":8},"end":{"line":203,"column":29}},"48":{"start":{"line":204,"column":8},"end":{"line":204,"column":77}},"49":{"start":{"line":219,"column":8},"end":{"line":219,"column":64}},"50":{"start":{"line":232,"column":8},"end":{"line":232,"column":57}},"51":{"start":{"line":233,"column":8},"end":{"line":233,"column":64}},"52":{"start":{"line":234,"column":8},"end":{"line":234,"column":61}},"53":{"start":{"line":235,"column":8},"end":{"line":235,"column":10020}},"54":{"start":{"line":236,"column":12},"end":{"line":236,"column":70}},"55":{"start":{"line":238,"column":8},"end":{"line":238,"column":40}},"56":{"start":{"line":247,"column":8},"end":{"line":247,"column":10523}},"57":{"start":{"line":254,"column":8},"end":{"line":254,"column":25}},"58":{"start":{"line":268,"column":8},"end":{"line":268,"column":64}},"59":{"start":{"line":281,"column":8},"end":{"line":281,"column":51}},"60":{"start":{"line":295,"column":8},"end":{"line":295,"column":51}},"61":{"start":{"line":303,"column":8},"end":{"line":303,"column":30}},"62":{"start":{"line":316,"column":8},"end":{"line":316,"column":50}},"63":{"start":{"line":325,"column":8},"end":{"line":325,"column":33}},"64":{"start":{"line":339,"column":8},"end":{"line":339,"column":59}},"65":{"start":{"line":348,"column":8},"end":{"line":348,"column":29}},"66":{"start":{"line":357,"column":8},"end":{"line":357,"column":32}},"67":{"start":{"line":371,"column":8},"end":{"line":371,"column":61}},"68":{"start":{"line":378,"column":8},"end":{"line":378,"column":19}}},"branchMap":{"1":{"line":52,"type":"if","locations":[{"start":{"line":52,"column":8},"end":{"line":52,"column":8}},{"start":{"line":52,"column":8},"end":{"line":52,"column":8}}]},"2":{"line":57,"type":"if","locations":[{"start":{"line":57,"column":8},"end":{"line":57,"column":8}},{"start":{"line":57,"column":8},"end":{"line":57,"column":8}}]},"3":{"line":68,"type":"if","locations":[{"start":{"line":68,"column":8},"end":{"line":68,"column":8}},{"start":{"line":68,"column":8},"end":{"line":68,"column":8}}]},"4":{"line":84,"type":"if","locations":[{"start":{"line":84,"column":8},"end":{"line":84,"column":8}},{"start":{"line":84,"column":8},"end":{"line":84,"column":8}}]},"5":{"line":117,"type":"if","locations":[{"start":{"line":117,"column":8},"end":{"line":117,"column":8}},{"start":{"line":117,"column":8},"end":{"line":117,"column":8}}]},"6":{"line":122,"type":"if","locations":[{"start":{"line":122,"column":8},"end":{"line":122,"column":8}},{"start":{"line":122,"column":8},"end":{"line":122,"column":8}}]},"7":{"line":126,"type":"if","locations":[{"start":{"line":126,"column":8},"end":{"line":126,"column":8}},{"start":{"line":126,"column":8},"end":{"line":126,"column":8}}]},"8":{"line":130,"type":"if","locations":[{"start":{"line":130,"column":8},"end":{"line":130,"column":8}},{"start":{"line":130,"column":8},"end":{"line":130,"column":8}}]},"9":{"line":139,"type":"if","locations":[{"start":{"line":139,"column":8},"end":{"line":139,"column":8}},{"start":{"line":139,"column":8},"end":{"line":139,"column":8}}]},"10":{"line":141,"type":"if","locations":[{"start":{"line":141,"column":8},"end":{"line":141,"column":8}},{"start":{"line":141,"column":8},"end":{"line":141,"column":8}}]},"11":{"line":146,"type":"if","locations":[{"start":{"line":146,"column":8},"end":{"line":146,"column":8}},{"start":{"line":146,"column":8},"end":{"line":146,"column":8}}]},"12":{"line":159,"type":"if","locations":[{"start":{"line":159,"column":8},"end":{"line":159,"column":8}},{"start":{"line":159,"column":8},"end":{"line":159,"column":8}}]},"13":{"line":181,"type":"if","locations":[{"start":{"line":181,"column":8},"end":{"line":181,"column":8}},{"start":{"line":181,"column":8},"end":{"line":181,"column":8}}]},"14":{"line":182,"type":"if","locations":[{"start":{"line":182,"column":8},"end":{"line":182,"column":8}},{"start":{"line":182,"column":8},"end":{"line":182,"column":8}}]},"15":{"line":190,"type":"if","locations":[{"start":{"line":190,"column":8},"end":{"line":190,"column":8}},{"start":{"line":190,"column":8},"end":{"line":190,"column":8}}]},"16":{"line":235,"type":"if","locations":[{"start":{"line":235,"column":8},"end":{"line":235,"column":8}},{"start":{"line":235,"column":8},"end":{"line":235,"column":8}}]}}},
"contracts/tellor3/Extension.sol":{"l":{"36":0,"37":0,"46":0,"48":0,"50":0,"53":0,"55":0,"57":0,"58":0,"66":0,"68":0,"70":0,"75":0,"79":0,"80":0,"82":0,"84":0,"86":0,"88":0,"89":0,"92":0,"95":0,"96":0,"97":0,"111":0,"112":0,"113":0,"129":0,"130":0,"132":0,"140":0,"141":0,"142":0,"146":0,"147":0,"148":0,"152":0,"153":0,"154":0,"155":0,"158":0,"166":0,"169":0,"174":0,"178":0,"179":0,"189":0,"196":0,"201":0,"202":0,"206":0},"path":"/Users/tallywiesenberg/Repositories/Tellor/tellorX/contracts/tellor3/Extension.sol","s":{"1":0,"2":0,"3":0,"4":0,"5":0,"6":0,"7":0,"8":0,"9":0,"10":0,"11":0,"12":0,"13":0,"14":0,"15":0,"16":0,"17":0,"18":0,"19":0,"20":0,"21":0,"22":0,"23":0,"24":0,"25":0,"26":0,"27":0,"28":0,"29":0,"30":0,"31":0,"32":0,"33":0,"34":0,"35":0,"36":0,"37":0,"38":0,"39":0,"40":0,"41":0,"42":0,"43":0,"44":0,"45":0,"46":0,"47":0,"48":0,"49":0,"50":0,"51":0},"b":{"1":[0,0],"2":[0,0],"3":[0,0],"4":[0,0],"5":[0,0],"6":[0,0],"7":[0,0],"8":[0,0],"9":[0,0],"10":[0,0],"11":[0,0],"12":[0,0],"13":[0,0],"14":[0,0],"15":[0,0],"16":[0,0],"17":[0,0]},"f":{"1":0,"2":0,"3":0,"4":0,"5":0,"6":0,"7":0},"fnMap":{"1":{"name":"depositStake","line":35,"loc":{"start":{"line":35,"column":4},"end":{"line":38,"column":4}}},"2":{"name":"requestStakingWithdraw","line":45,"loc":{"start":{"line":45,"column":4},"end":{"line":59,"column":4}}},"3":{"name":"tallyVotes","line":65,"loc":{"start":{"line":65,"column":4},"end":{"line":104,"column":4}}},"4":{"name":"updateMinDisputeFee","line":110,"loc":{"start":{"line":110,"column":4},"end":{"line":121,"column":4}}},"5":{"name":"updateTellor","line":128,"loc":{"start":{"line":128,"column":4},"end":{"line":159,"column":4}}},"6":{"name":"withdrawStake","line":165,"loc":{"start":{"line":165,"column":4},"end":{"line":180,"column":4}}},"7":{"name":"_newStake","line":188,"loc":{"start":{"line":188,"column":4},"end":{"line":207,"column":4}}}},"statementMap":{"1":{"start":{"line":36,"column":8},"end":{"line":36,"column":28}},"2":{"start":{"line":37,"column":8},"end":{"line":37,"column":28}},"3":{"start":{"line":46,"column":8},"end":{"line":46,"column":60}},"4":{"start":{"line":48,"column":8},"end":{"line":48,"column":64}},"5":{"start":{"line":50,"column":8},"end":{"line":50,"column":31}},"6":{"start":{"line":53,"column":8},"end":{"line":53,"column":69}},"7":{"start":{"line":55,"column":8},"end":{"line":55,"column":31}},"8":{"start":{"line":57,"column":8},"end":{"line":57,"column":28}},"9":{"start":{"line":58,"column":8},"end":{"line":58,"column":47}},"10":{"start":{"line":66,"column":8},"end":{"line":66,"column":55}},"11":{"start":{"line":68,"column":8},"end":{"line":68,"column":75}},"12":{"start":{"line":70,"column":8},"end":{"line":70,"column":2790}},"13":{"start":{"line":75,"column":8},"end":{"line":75,"column":2983}},"14":{"start":{"line":79,"column":8},"end":{"line":79,"column":34}},"15":{"start":{"line":80,"column":8},"end":{"line":80,"column":3137}},"16":{"start":{"line":82,"column":12},"end":{"line":82,"column":3216}},"17":{"start":{"line":84,"column":16},"end":{"line":84,"column":44}},"18":{"start":{"line":86,"column":16},"end":{"line":86,"column":76}},"19":{"start":{"line":88,"column":16},"end":{"line":88,"column":3612}},"20":{"start":{"line":89,"column":20},"end":{"line":89,"column":43}},"21":{"start":{"line":91,"column":19},"end":{"line":91,"column":3724}},"22":{"start":{"line":92,"column":16},"end":{"line":92,"column":44}},"23":{"start":{"line":95,"column":8},"end":{"line":95,"column":58}},"24":{"start":{"line":96,"column":8},"end":{"line":96,"column":27}},"25":{"start":{"line":97,"column":8},"end":{"line":97,"column":3952}},"26":{"start":{"line":111,"column":8},"end":{"line":111,"column":48}},"27":{"start":{"line":112,"column":8},"end":{"line":112,"column":51}},"28":{"start":{"line":113,"column":8},"end":{"line":113,"column":4419}},"29":{"start":{"line":129,"column":8},"end":{"line":129,"column":53}},"30":{"start":{"line":130,"column":8},"end":{"line":130,"column":54}},"31":{"start":{"line":132,"column":8},"end":{"line":132,"column":5155}},"32":{"start":{"line":140,"column":8},"end":{"line":140,"column":65}},"33":{"start":{"line":141,"column":8},"end":{"line":141,"column":58}},"34":{"start":{"line":142,"column":8},"end":{"line":142,"column":5545}},"35":{"start":{"line":146,"column":8},"end":{"line":146,"column":68}},"36":{"start":{"line":147,"column":8},"end":{"line":147,"column":81}},"37":{"start":{"line":148,"column":8},"end":{"line":148,"column":5832}},"38":{"start":{"line":152,"column":8},"end":{"line":152,"column":47}},"39":{"start":{"line":153,"column":8},"end":{"line":153,"column":52}},"40":{"start":{"line":154,"column":8},"end":{"line":154,"column":47}},"41":{"start":{"line":158,"column":8},"end":{"line":158,"column":41}},"42":{"start":{"line":166,"column":8},"end":{"line":166,"column":60}},"43":{"start":{"line":169,"column":8},"end":{"line":169,"column":6650}},"44":{"start":{"line":174,"column":8},"end":{"line":174,"column":6813}},"45":{"start":{"line":178,"column":8},"end":{"line":178,"column":31}},"46":{"start":{"line":179,"column":8},"end":{"line":179,"column":39}},"47":{"start":{"line":189,"column":8},"end":{"line":189,"column":7399}},"48":{"start":{"line":196,"column":8},"end":{"line":196,"column":7745}},"49":{"start":{"line":201,"column":8},"end":{"line":201,"column":31}},"50":{"start":{"line":202,"column":8},"end":{"line":202,"column":7966}},"51":{"start":{"line":206,"column":8},"end":{"line":206,"column":30}}},"branchMap":{"1":{"line":48,"type":"if","locations":[{"start":{"line":48,"column":8},"end":{"line":48,"column":8}},{"start":{"line":48,"column":8},"end":{"line":48,"column":8}}]},"2":{"line":68,"type":"if","locations":[{"start":{"line":68,"column":8},"end":{"line":68,"column":8}},{"start":{"line":68,"column":8},"end":{"line":68,"column":8}}]},"3":{"line":70,"type":"if","locations":[{"start":{"line":70,"column":8},"end":{"line":70,"column":8}},{"start":{"line":70,"column":8},"end":{"line":70,"column":8}}]},"4":{"line":75,"type":"if","locations":[{"start":{"line":75,"column":8},"end":{"line":75,"column":8}},{"start":{"line":75,"column":8},"end":{"line":75,"column":8}}]},"5":{"line":80,"type":"if","locations":[{"start":{"line":80,"column":8},"end":{"line":80,"column":8}},{"start":{"line":80,"column":8},"end":{"line":80,"column":8}}]},"6":{"line":82,"type":"if","locations":[{"start":{"line":82,"column":12},"end":{"line":82,"column":12}},{"start":{"line":82,"column":12},"end":{"line":82,"column":12}}]},"7":{"line":88,"type":"if","locations":[{"start":{"line":88,"column":16},"end":{"line":88,"column":16}},{"start":{"line":88,"column":16},"end":{"line":88,"column":16}}]},"8":{"line":91,"type":"if","locations":[{"start":{"line":91,"column":19},"end":{"line":91,"column":19}},{"start":{"line":91,"column":19},"end":{"line":91,"column":19}}]},"9":{"line":141,"type":"if","locations":[{"start":{"line":141,"column":8},"end":{"line":141,"column":8}},{"start":{"line":141,"column":8},"end":{"line":141,"column":8}}]},"10":{"line":142,"type":"if","locations":[{"start":{"line":142,"column":8},"end":{"line":142,"column":8}},{"start":{"line":142,"column":8},"end":{"line":142,"column":8}}]},"11":{"line":146,"type":"if","locations":[{"start":{"line":146,"column":8},"end":{"line":146,"column":8}},{"start":{"line":146,"column":8},"end":{"line":146,"column":8}}]},"12":{"line":147,"type":"if","locations":[{"start":{"line":147,"column":8},"end":{"line":147,"column":8}},{"start":{"line":147,"column":8},"end":{"line":147,"column":8}}]},"13":{"line":148,"type":"if","locations":[{"start":{"line":148,"column":8},"end":{"line":148,"column":8}},{"start":{"line":148,"column":8},"end":{"line":148,"column":8}}]},"14":{"line":169,"type":"if","locations":[{"start":{"line":169,"column":8},"end":{"line":169,"column":8}},{"start":{"line":169,"column":8},"end":{"line":169,"column":8}}]},"15":{"line":174,"type":"if","locations":[{"start":{"line":174,"column":8},"end":{"line":174,"column":8}},{"start":{"line":174,"column":8},"end":{"line":174,"column":8}}]},"16":{"line":189,"type":"if","locations":[{"start":{"line":189,"column":8},"end":{"line":189,"column":8}},{"start":{"line":189,"column":8},"end":{"line":189,"column":8}}]},"17":{"line":196,"type":"if","locations":[{"start":{"line":196,"column":8},"end":{"line":196,"column":8}},{"start":{"line":196,"column":8},"end":{"line":196,"column":8}}]}}},
"contracts/tellor3/ITellor.sol":{"l":{},"path":"/Users/tallywiesenberg/Repositories/Tellor/tellorX/contracts/tellor3/ITellor.sol","s":{},"b":{},"f":{},"fnMap":{},"statementMap":{},"branchMap":{}},
"contracts/tellor3/Mocks/TellorTest.sol":{"l":{"19":0,"20":0,"29":0,"30":0,"35":0,"40":0,"44":0,"48":0},"path":"/Users/tallywiesenberg/Repositories/Tellor/tellorX/contracts/tellor3/Mocks/TellorTest.sol","s":{"1":0,"2":0,"3":0,"4":0,"5":0,"6":0,"7":0},"b":{"1":[0,0]},"f":{"1":0,"2":0,"3":0,"4":0,"5":0,"6":0},"fnMap":{"1":{"name":"constructor","line":14,"loc":{"start":{"line":14,"column":4},"end":{"line":15,"column":4}}},"2":{"name":"theLazyCoon","line":18,"loc":{"start":{"line":18,"column":4},"end":{"line":21,"column":4}}},"3":{"name":"testSubmitMiningSolution","line":24,"loc":{"start":{"line":24,"column":4},"end":{"line":36,"column":4}}},"4":{"name":"manuallySetDifficulty","line":39,"loc":{"start":{"line":39,"column":4},"end":{"line":41,"column":4}}},"5":{"name":"bumpVersion","line":43,"loc":{"start":{"line":43,"column":4},"end":{"line":45,"column":4}}},"6":{"name":"verify","line":47,"loc":{"start":{"line":47,"column":4},"end":{"line":49,"column":4}}}},"statementMap":{"1":{"start":{"line":19,"column":8},"end":{"line":19,"column":38}},"2":{"start":{"line":20,"column":8},"end":{"line":20,"column":69}},"3":{"start":{"line":29,"column":8},"end":{"line":29,"column":66}},"4":{"start":{"line":30,"column":8},"end":{"line":30,"column":916}},"5":{"start":{"line":35,"column":8},"end":{"line":35,"column":56}},"6":{"start":{"line":40,"column":8},"end":{"line":40,"column":33}},"7":{"start":{"line":48,"column":8},"end":{"line":48,"column":22}}},"branchMap":{"1":{"line":30,"type":"if","locations":[{"start":{"line":30,"column":8},"end":{"line":30,"column":8}},{"start":{"line":30,"column":8},"end":{"line":30,"column":8}}]}}},
"contracts/tellor3/Mocks/UtilitiesTest.sol":{"l":{"31":0,"36":0},"path":"/Users/tallywiesenberg/Repositories/Tellor/tellorX/contracts/tellor3/Mocks/UtilitiesTest.sol","s":{"1":0,"2":0},"b":{},"f":{"1":0,"2":0,"3":0},"fnMap":{"1":{"name":"constructor","line":18,"loc":{"start":{"line":18,"column":4},"end":{"line":19,"column":4}}},"2":{"name":"testgetMax5","line":26,"loc":{"start":{"line":26,"column":4},"end":{"line":32,"column":4}}},"3":{"name":"testGetMin","line":34,"loc":{"start":{"line":34,"column":4},"end":{"line":37,"column":4}}}},"statementMap":{"1":{"start":{"line":31,"column":8},"end":{"line":31,"column":42}},"2":{"start":{"line":36,"column":8},"end":{"line":36,"column":41}}},"branchMap":{}},
"contracts/tellor3/SafeMath.sol":{"l":{"11":0,"12":0,"13":0,"17":0,"18":0,"19":0,"21":0,"22":0,"27":0,"31":0,"35":0,"39":0,"40":0,"41":0,"45":0,"46":0,"50":0,"51":0,"52":0,"54":0,"55":0},"path":"/Users/tallywiesenberg/Repositories/Tellor/tellorX/contracts/tellor3/SafeMath.sol","s":{"1":0,"2":0,"3":0,"4":0,"5":0,"6":0,"7":0,"8":0,"9":0,"10":0,"11":0,"12":0,"13":0,"14":0,"15":0,"16":0,"17":0,"18":0,"19":0,"20":0,"21":0},"b":{"1":[0,0],"2":[0,0]},"f":{"1":0,"2":0,"3":0,"4":0,"5":0,"6":0,"7":0,"8":0},"fnMap":{"1":{"name":"add","line":10,"loc":{"start":{"line":10,"column":4},"end":{"line":14,"column":4}}},"2":{"name":"add","line":16,"loc":{"start":{"line":16,"column":4},"end":{"line":24,"column":4}}},"3":{"name":"max","line":26,"loc":{"start":{"line":26,"column":4},"end":{"line":28,"column":4}}},"4":{"name":"max","line":30,"loc":{"start":{"line":30,"column":4},"end":{"line":32,"column":4}}},"5":{"name":"min","line":34,"loc":{"start":{"line":34,"column":4},"end":{"line":36,"column":4}}},"6":{"name":"mul","line":38,"loc":{"start":{"line":38,"column":4},"end":{"line":42,"column":4}}},"7":{"name":"sub","line":44,"loc":{"start":{"line":44,"column":4},"end":{"line":47,"column":4}}},"8":{"name":"sub","line":49,"loc":{"start":{"line":49,"column":4},"end":{"line":57,"column":4}}}},"statementMap":{"1":{"start":{"line":11,"column":8},"end":{"line":11,"column":25}},"2":{"start":{"line":12,"column":8},"end":{"line":12,"column":21}},"3":{"start":{"line":13,"column":8},"end":{"line":13,"column":16}},"4":{"start":{"line":17,"column":8},"end":{"line":17,"column":466}},"5":{"start":{"line":18,"column":12},"end":{"line":18,"column":20}},"6":{"start":{"line":19,"column":12},"end":{"line":19,"column":25}},"7":{"start":{"line":21,"column":12},"end":{"line":21,"column":20}},"8":{"start":{"line":22,"column":12},"end":{"line":22,"column":25}},"9":{"start":{"line":27,"column":8},"end":{"line":27,"column":28}},"10":{"start":{"line":31,"column":8},"end":{"line":31,"column":46}},"11":{"start":{"line":35,"column":8},"end":{"line":35,"column":28}},"12":{"start":{"line":39,"column":8},"end":{"line":39,"column":25}},"13":{"start":{"line":40,"column":8},"end":{"line":40,"column":35}},"14":{"start":{"line":41,"column":8},"end":{"line":41,"column":16}},"15":{"start":{"line":45,"column":8},"end":{"line":45,"column":21}},"16":{"start":{"line":46,"column":8},"end":{"line":46,"column":20}},"17":{"start":{"line":50,"column":8},"end":{"line":50,"column":1330}},"18":{"start":{"line":51,"column":12},"end":{"line":51,"column":20}},"19":{"start":{"line":52,"column":12},"end":{"line":52,"column":25}},"20":{"start":{"line":54,"column":12},"end":{"line":54,"column":20}},"21":{"start":{"line":55,"column":12},"end":{"line":55,"column":25}}},"branchMap":{"1":{"line":17,"type":"if","locations":[{"start":{"line":17,"column":8},"end":{"line":17,"column":8}},{"start":{"line":17,"column":8},"end":{"line":17,"column":8}}]},"2":{"line":50,"type":"if","locations":[{"start":{"line":50,"column":8},"end":{"line":50,"column":8}},{"start":{"line":50,"column":8},"end":{"line":50,"column":8}}]}}},
"contracts/tellor3/Tellor.sol":{"l":{"60":0,"70":0,"71":0,"72":0,"73":0,"74":0,"76":0,"78":0,"80":0,"81":0,"94":0,"109":0,"110":0,"124":0,"125":0,"130":0,"131":0,"133":0,"134":0,"147":0,"148":0,"149":0,"150":0,"151":0,"152":0,"154":0,"167":0,"168":0,"169":0,"170":0,"171":0,"172":0,"187":0,"188":0,"189":0,"190":0,"191":0,"192":0,"194":0,"205":0,"206":0,"207":0,"223":0,"224":0,"225":0,"238":0,"239":0,"240":0,"241":0,"242":0,"244":0,"245":0,"246":0,"247":0,"248":0,"249":0,"250":0,"251":0,"252":0,"255":0,"258":0,"260":0,"261":0,"262":0,"265":0,"267":0,"268":0,"269":0,"270":0,"272":0,"274":0,"275":0,"276":0,"277":0,"278":0,"280":0,"288":0,"289":0,"294":0,"295":0,"296":0,"297":0,"298":0,"299":0,"302":0,"306":0,"309":0,"310":0,"328":0,"329":0,"330":0,"331":0,"332":0,"333":0,"334":0,"335":0,"336":0,"337":0,"338":0,"354":0,"355":0,"359":0,"363":0,"367":0,"371":0,"375":0,"379":0,"380":0,"381":0,"383":0,"388":0,"390":0,"392":0,"393":0,"394":0,"395":0,"396":0,"397":0,"398":0,"399":0,"400":0,"401":0,"402":0,"403":0,"405":0,"413":0,"415":0,"416":0,"418":0,"428":0,"429":0,"432":0,"439":0,"443":0,"444":0,"445":0,"446":0,"450":0,"451":0,"452":0,"454":0,"455":0,"459":0,"472":0,"503":0,"504":0,"505":0},"path":"/Users/tallywiesenberg/Repositories/Tellor/tellorX/contracts/tellor3/Tellor.sol","s":{"1":0,"2":0,"3":0,"4":0,"5":0,"6":0,"7":0,"8":0,"9":0,"10":0,"11":0,"12":0,"13":0,"14":0,"15":0,"16":0,"17":0,"18":0,"19":0,"20":0,"21":0,"22":0,"23":0,"24":0,"25":0,"26":0,"27":0,"28":0,"29":0,"30":0,"31":0,"32":0,"33":0,"34":0,"35":0,"36":0,"37":0,"38":0,"39":0,"40":0,"41":0,"42":0,"43":0,"44":0,"45":0,"46":0,"47":0,"48":0,"49":0,"50":0,"51":0,"52":0,"53":0,"54":0,"55":0,"56":0,"57":0,"58":0,"59":0,"60":0,"61":0,"62":0,"63":0,"64":0,"65":0,"66":0,"67":0,"68":0,"69":0,"70":0,"71":0,"72":0,"73":0,"74":0,"75":0,"76":0,"77":0,"78":0,"79":0,"80":0,"81":0,"82":0,"83":0,"84":0,"85":0,"86":0,"87":0,"88":0,"89":0,"90":0,"91":0,"92":0,"93":0,"94":0,"95":0,"96":0,"97":0,"98":0,"99":0,"100":0,"101":0,"102":0,"103":0,"104":0,"105":0,"106":0,"107":0,"108":0,"109":0,"110":0,"111":0,"112":0,"113":0,"114":0,"115":0,"116":0,"117":0,"118":0,"119":0,"120":0,"121":0,"122":0,"123":0,"124":0,"125":0,"126":0,"127":0,"128":0,"129":0,"130":0,"131":0,"132":0,"133":0,"134":0,"135":0,"136":0,"137":0,"138":0,"139":0,"140":0,"141":0,"142":0},"b":{"1":[0,0],"2":[0,0],"3":[0,0],"4":[0,0],"5":[0,0],"6":[0,0],"7":[0,0],"8":[0,0],"9":[0,0],"10":[0,0],"11":[0,0],"12":[0,0],"13":[0,0],"14":[0,0],"15":[0,0],"16":[0,0],"17":[0,0],"18":[0,0],"19":[0,0],"20":[0,0],"21":[0,0],"22":[0,0],"23":[0,0],"24":[0,0],"25":[0,0],"26":[0,0],"27":[0,0]},"f":{"1":0,"2":0,"3":0,"4":0,"5":0,"6":0,"7":0,"8":0,"9":0,"10":0,"11":0,"12":0,"13":0,"14":0,"15":0,"16":0},"fnMap":{"1":{"name":"constructor","line":59,"loc":{"start":{"line":59,"column":4},"end":{"line":61,"column":4}}},"2":{"name":"addTip","line":69,"loc":{"start":{"line":69,"column":4},"end":{"line":87,"column":4}}},"3":{"name":"migrate","line":93,"loc":{"start":{"line":93,"column":4},"end":{"line":95,"column":4}}},"4":{"name":"migrateFor","line":104,"loc":{"start":{"line":104,"column":4},"end":{"line":111,"column":4}}},"5":{"name":"submitMiningSolution","line":119,"loc":{"start":{"line":119,"column":4},"end":{"line":135,"column":4}}},"6":{"name":"_adjustDifficulty","line":143,"loc":{"start":{"line":143,"column":4},"end":{"line":155,"column":4}}},"7":{"name":"_getMin","line":162,"loc":{"start":{"line":162,"column":4},"end":{"line":175,"column":4}}},"8":{"name":"_getTopRequestIDs","line":182,"loc":{"start":{"line":182,"column":4},"end":{"line":197,"column":4}}},"9":{"name":"_migrate","line":204,"loc":{"start":{"line":204,"column":4},"end":{"line":208,"column":4}}},"10":{"name":"_migrateFor","line":218,"loc":{"start":{"line":218,"column":4},"end":{"line":226,"column":4}}},"11":{"name":"_newBlock","line":235,"loc":{"start":{"line":235,"column":4},"end":{"line":316,"column":4}}},"12":{"name":"_payReward","line":324,"loc":{"start":{"line":324,"column":4},"end":{"line":339,"column":4}}},"13":{"name":"_submitMiningSolution","line":349,"loc":{"start":{"line":349,"column":4},"end":{"line":420,"column":4}}},"14":{"name":"_updateOnDeck","line":427,"loc":{"start":{"line":427,"column":4},"end":{"line":462,"column":4}}},"15":{"name":"_verifyNonce","line":471,"loc":{"start":{"line":471,"column":4},"end":{"line":495,"column":4}}},"16":{"name":null,"line":502,"loc":{"start":{"line":502,"column":4},"end":{"line":516,"column":4}}}},"statementMap":{"1":{"start":{"line":60,"column":8},"end":{"line":60,"column":30}},"2":{"start":{"line":70,"column":8},"end":{"line":70,"column":49}},"3":{"start":{"line":71,"column":8},"end":{"line":71,"column":57}},"4":{"start":{"line":72,"column":8},"end":{"line":72,"column":50}},"5":{"start":{"line":73,"column":8},"end":{"line":73,"column":2243}},"6":{"start":{"line":74,"column":12},"end":{"line":74,"column":41}},"7":{"start":{"line":76,"column":12},"end":{"line":76,"column":75}},"8":{"start":{"line":78,"column":8},"end":{"line":78,"column":32}},"9":{"start":{"line":80,"column":8},"end":{"line":80,"column":38}},"10":{"start":{"line":81,"column":8},"end":{"line":81,"column":2607}},"11":{"start":{"line":94,"column":8},"end":{"line":94,"column":27}},"12":{"start":{"line":109,"column":8},"end":{"line":109,"column":62}},"13":{"start":{"line":110,"column":8},"end":{"line":110,"column":50}},"14":{"start":{"line":124,"column":8},"end":{"line":124,"column":66}},"15":{"start":{"line":125,"column":8},"end":{"line":125,"column":4097}},"16":{"start":{"line":130,"column":8},"end":{"line":130,"column":4294}},"17":{"start":{"line":131,"column":12},"end":{"line":131,"column":31}},"18":{"start":{"line":133,"column":8},"end":{"line":133,"column":46}},"19":{"start":{"line":134,"column":8},"end":{"line":134,"column":58}},"20":{"start":{"line":147,"column":8},"end":{"line":147,"column":75}},"21":{"start":{"line":148,"column":8},"end":{"line":148,"column":61}},"22":{"start":{"line":149,"column":8},"end":{"line":149,"column":49}},"23":{"start":{"line":150,"column":8},"end":{"line":150,"column":73}},"24":{"start":{"line":151,"column":8},"end":{"line":151,"column":5377}},"25":{"start":{"line":152,"column":12},"end":{"line":152,"column":22}},"26":{"start":{"line":154,"column":8},"end":{"line":154,"column":69}},"27":{"start":{"line":167,"column":8},"end":{"line":167,"column":34}},"28":{"start":{"line":168,"column":8},"end":{"line":168,"column":28}},"29":{"start":{"line":169,"column":8},"end":{"line":169,"column":5951}},"30":{"start":{"line":170,"column":12},"end":{"line":170,"column":6016}},"31":{"start":{"line":171,"column":16},"end":{"line":171,"column":29}},"32":{"start":{"line":172,"column":16},"end":{"line":172,"column":27}},"33":{"start":{"line":187,"column":8},"end":{"line":187,"column":30}},"34":{"start":{"line":188,"column":8},"end":{"line":188,"column":32}},"35":{"start":{"line":189,"column":8},"end":{"line":189,"column":42}},"36":{"start":{"line":190,"column":8},"end":{"line":190,"column":6606}},"37":{"start":{"line":191,"column":12},"end":{"line":191,"column":6656}},"38":{"start":{"line":192,"column":16},"end":{"line":192,"column":67}},"39":{"start":{"line":194,"column":16},"end":{"line":194,"column":58}},"40":{"start":{"line":205,"column":8},"end":{"line":205,"column":52}},"41":{"start":{"line":206,"column":8},"end":{"line":206,"column":71}},"42":{"start":{"line":207,"column":8},"end":{"line":207,"column":29}},"43":{"start":{"line":223,"column":8},"end":{"line":223,"column":74}},"44":{"start":{"line":223,"column":22},"end":{"line":223,"column":73}},"45":{"start":{"line":224,"column":8},"end":{"line":224,"column":37}},"46":{"start":{"line":225,"column":8},"end":{"line":225,"column":36}},"47":{"start":{"line":238,"column":8},"end":{"line":238,"column":65}},"48":{"start":{"line":239,"column":8},"end":{"line":239,"column":62}},"49":{"start":{"line":240,"column":8},"end":{"line":240,"column":62}},"50":{"start":{"line":241,"column":8},"end":{"line":241,"column":56}},"51":{"start":{"line":242,"column":8},"end":{"line":242,"column":62}},"52":{"start":{"line":244,"column":8},"end":{"line":244,"column":27}},"53":{"start":{"line":245,"column":8},"end":{"line":245,"column":27}},"54":{"start":{"line":246,"column":8},"end":{"line":246,"column":8990}},"55":{"start":{"line":247,"column":12},"end":{"line":247,"column":9040}},"56":{"start":{"line":248,"column":16},"end":{"line":248,"column":62}},"57":{"start":{"line":249,"column":16},"end":{"line":249,"column":59}},"58":{"start":{"line":250,"column":16},"end":{"line":250,"column":29}},"59":{"start":{"line":251,"column":16},"end":{"line":251,"column":9250}},"60":{"start":{"line":252,"column":20},"end":{"line":252,"column":9343}},"61":{"start":{"line":255,"column":20},"end":{"line":255,"column":9473}},"62":{"start":{"line":260,"column":16},"end":{"line":260,"column":9637}},"63":{"start":{"line":261,"column":20},"end":{"line":261,"column":57}},"64":{"start":{"line":262,"column":20},"end":{"line":262,"column":54}},"65":{"start":{"line":265,"column":12},"end":{"line":265,"column":69}},"66":{"start":{"line":267,"column":12},"end":{"line":267,"column":43}},"67":{"start":{"line":268,"column":12},"end":{"line":268,"column":62}},"68":{"start":{"line":269,"column":12},"end":{"line":269,"column":22}},"69":{"start":{"line":270,"column":12},"end":{"line":270,"column":10161}},"70":{"start":{"line":272,"column":12},"end":{"line":272,"column":10269}},"71":{"start":{"line":276,"column":12},"end":{"line":276,"column":66}},"72":{"start":{"line":277,"column":12},"end":{"line":277,"column":72}},"73":{"start":{"line":278,"column":12},"end":{"line":278,"column":47}},"74":{"start":{"line":280,"column":8},"end":{"line":280,"column":10648}},"75":{"start":{"line":288,"column":8},"end":{"line":288,"column":54}},"76":{"start":{"line":289,"column":8},"end":{"line":289,"column":10948}},"77":{"start":{"line":294,"column":8},"end":{"line":294,"column":40}},"78":{"start":{"line":296,"column":8},"end":{"line":296,"column":54}},"79":{"start":{"line":297,"column":8},"end":{"line":297,"column":11245}},"80":{"start":{"line":298,"column":12},"end":{"line":298,"column":45}},"81":{"start":{"line":299,"column":12},"end":{"line":299,"column":11347}},"82":{"start":{"line":302,"column":12},"end":{"line":302,"column":11459}},"83":{"start":{"line":306,"column":8},"end":{"line":306,"column":11584}},"84":{"start":{"line":309,"column":8},"end":{"line":309,"column":53}},"85":{"start":{"line":310,"column":8},"end":{"line":310,"column":11792}},"86":{"start":{"line":328,"column":8},"end":{"line":328,"column":59}},"87":{"start":{"line":329,"column":8},"end":{"line":329,"column":67}},"88":{"start":{"line":330,"column":8},"end":{"line":330,"column":54}},"89":{"start":{"line":331,"column":8},"end":{"line":331,"column":38}},"90":{"start":{"line":332,"column":8},"end":{"line":332,"column":40}},"91":{"start":{"line":333,"column":8},"end":{"line":333,"column":40}},"92":{"start":{"line":334,"column":8},"end":{"line":334,"column":40}},"93":{"start":{"line":335,"column":8},"end":{"line":335,"column":40}},"94":{"start":{"line":336,"column":8},"end":{"line":336,"column":40}},"95":{"start":{"line":337,"column":8},"end":{"line":337,"column":44}},"96":{"start":{"line":338,"column":8},"end":{"line":338,"column":37}},"97":{"start":{"line":354,"column":8},"end":{"line":354,"column":66}},"98":{"start":{"line":355,"column":8},"end":{"line":355,"column":13597}},"99":{"start":{"line":359,"column":8},"end":{"line":359,"column":13724}},"100":{"start":{"line":363,"column":8},"end":{"line":363,"column":13840}},"101":{"start":{"line":367,"column":8},"end":{"line":367,"column":13956}},"102":{"start":{"line":371,"column":8},"end":{"line":371,"column":14072}},"103":{"start":{"line":375,"column":8},"end":{"line":375,"column":14188}},"104":{"start":{"line":379,"column":8},"end":{"line":379,"column":46}},"105":{"start":{"line":380,"column":8},"end":{"line":380,"column":62}},"106":{"start":{"line":381,"column":8},"end":{"line":381,"column":46}},"107":{"start":{"line":383,"column":8},"end":{"line":383,"column":14510}},"108":{"start":{"line":388,"column":8},"end":{"line":388,"column":59}},"109":{"start":{"line":390,"column":8},"end":{"line":390,"column":65}},"110":{"start":{"line":392,"column":8},"end":{"line":392,"column":56}},"111":{"start":{"line":393,"column":8},"end":{"line":393,"column":56}},"112":{"start":{"line":394,"column":8},"end":{"line":394,"column":56}},"113":{"start":{"line":395,"column":8},"end":{"line":395,"column":56}},"114":{"start":{"line":396,"column":8},"end":{"line":396,"column":56}},"115":{"start":{"line":397,"column":8},"end":{"line":397,"column":52}},"116":{"start":{"line":398,"column":8},"end":{"line":398,"column":52}},"117":{"start":{"line":399,"column":8},"end":{"line":399,"column":52}},"118":{"start":{"line":400,"column":8},"end":{"line":400,"column":52}},"119":{"start":{"line":401,"column":8},"end":{"line":401,"column":52}},"120":{"start":{"line":402,"column":8},"end":{"line":402,"column":15545}},"121":{"start":{"line":403,"column":12},"end":{"line":403,"column":30}},"122":{"start":{"line":405,"column":8},"end":{"line":405,"column":15620}},"123":{"start":{"line":413,"column":8},"end":{"line":413,"column":15796}},"124":{"start":{"line":415,"column":12},"end":{"line":415,"column":41}},"125":{"start":{"line":416,"column":12},"end":{"line":416,"column":36}},"126":{"start":{"line":428,"column":8},"end":{"line":428,"column":61}},"127":{"start":{"line":429,"column":8},"end":{"line":429,"column":16375}},"128":{"start":{"line":432,"column":8},"end":{"line":432,"column":16484}},"129":{"start":{"line":439,"column":12},"end":{"line":439,"column":45}},"130":{"start":{"line":443,"column":12},"end":{"line":443,"column":17034}},"131":{"start":{"line":444,"column":16},"end":{"line":444,"column":28}},"132":{"start":{"line":445,"column":16},"end":{"line":445,"column":30}},"133":{"start":{"line":446,"column":16},"end":{"line":446,"column":49}},"134":{"start":{"line":450,"column":16},"end":{"line":450,"column":17512}},"135":{"start":{"line":451,"column":20},"end":{"line":451,"column":70}},"136":{"start":{"line":452,"column":20},"end":{"line":452,"column":17709}},"137":{"start":{"line":454,"column":20},"end":{"line":454,"column":64}},"138":{"start":{"line":455,"column":20},"end":{"line":455,"column":69}},"139":{"start":{"line":459,"column":16},"end":{"line":459,"column":74}},"140":{"start":{"line":472,"column":8},"end":{"line":472,"column":18571}},"141":{"start":{"line":503,"column":8},"end":{"line":503,"column":39}},"142":{"start":{"line":504,"column":8},"end":{"line":504,"column":54}}},"branchMap":{"1":{"line":70,"type":"if","locations":[{"start":{"line":70,"column":8},"end":{"line":70,"column":8}},{"start":{"line":70,"column":8},"end":{"line":70,"column":8}}]},"2":{"line":71,"type":"if","locations":[{"start":{"line":71,"column":8},"end":{"line":71,"column":8}},{"start":{"line":71,"column":8},"end":{"line":71,"column":8}}]},"3":{"line":73,"type":"if","locations":[{"start":{"line":73,"column":8},"end":{"line":73,"column":8}},{"start":{"line":73,"column":8},"end":{"line":73,"column":8}}]},"4":{"line":76,"type":"if","locations":[{"start":{"line":76,"column":12},"end":{"line":76,"column":12}},{"start":{"line":76,"column":12},"end":{"line":76,"column":12}}]},"5":{"line":109,"type":"if","locations":[{"start":{"line":109,"column":8},"end":{"line":109,"column":8}},{"start":{"line":109,"column":8},"end":{"line":109,"column":8}}]},"6":{"line":125,"type":"if","locations":[{"start":{"line":125,"column":8},"end":{"line":125,"column":8}},{"start":{"line":125,"column":8},"end":{"line":125,"column":8}}]},"7":{"line":130,"type":"if","locations":[{"start":{"line":130,"column":8},"end":{"line":130,"column":8}},{"start":{"line":130,"column":8},"end":{"line":130,"column":8}}]},"8":{"line":151,"type":"if","locations":[{"start":{"line":151,"column":8},"end":{"line":151,"column":8}},{"start":{"line":151,"column":8},"end":{"line":151,"column":8}}]},"9":{"line":170,"type":"if","locations":[{"start":{"line":170,"column":12},"end":{"line":170,"column":12}},{"start":{"line":170,"column":12},"end":{"line":170,"column":12}}]},"10":{"line":191,"type":"if","locations":[{"start":{"line":191,"column":12},"end":{"line":191,"column":12}},{"start":{"line":191,"column":12},"end":{"line":191,"column":12}}]},"11":{"line":205,"type":"if","locations":[{"start":{"line":205,"column":8},"end":{"line":205,"column":8}},{"start":{"line":205,"column":8},"end":{"line":205,"column":8}}]},"12":{"line":223,"type":"if","locations":[{"start":{"line":223,"column":8},"end":{"line":223,"column":8}},{"start":{"line":223,"column":8},"end":{"line":223,"column":8}}]},"13":{"line":223,"type":"if","locations":[{"start":{"line":223,"column":22},"end":{"line":223,"column":22}},{"start":{"line":223,"column":22},"end":{"line":223,"column":22}}]},"14":{"line":260,"type":"if","locations":[{"start":{"line":260,"column":16},"end":{"line":260,"column":16}},{"start":{"line":260,"column":16},"end":{"line":260,"column":16}}]},"15":{"line":355,"type":"if","locations":[{"start":{"line":355,"column":8},"end":{"line":355,"column":8}},{"start":{"line":355,"column":8},"end":{"line":355,"column":8}}]},"16":{"line":359,"type":"if","locations":[{"start":{"line":359,"column":8},"end":{"line":359,"column":8}},{"start":{"line":359,"column":8},"end":{"line":359,"column":8}}]},"17":{"line
[...]
"contracts/Transition.sol":{"l":{"29":0,"33":0,"34":0,"35":0,"42":0,"47":0,"48":0,"49":0,"51":0,"52":0,"55":0,"56":0,"66":0,"78":0,"117":0,"118":0,"151":0,"167":0,"182":0,"184":0,"186":0,"199":0,"200":0,"201":0,"211":0,"229":0,"230":0,"231":0,"232":0,"250":0,"252":0,"253":0,"255":0,"271":0,"277":0,"279":0,"291":0,"300":0,"307":0,"321":0,"322":0,"324":0,"337":0,"345":0,"353":0,"355":0,"356":0,"357":0,"360":0,"373":0,"374":0,"394":0,"395":0,"396":0,"397":0,"399":0},"path":"/Users/tallywiesenberg/Repositories/Tellor/tellorX/contracts/Transition.sol","s":{"1":0,"2":0,"3":0,"4":0,"5":0,"6":0,"7":0,"8":0,"9":0,"10":0,"11":0,"12":0,"13":0,"14":0,"15":0,"16":0,"17":0,"18":0,"19":0,"20":0,"21":0,"22":0,"23":0,"24":0,"25":0,"26":0,"27":0,"28":0,"29":0,"30":0,"31":0,"32":0,"33":0,"34":0,"35":0,"36":0,"37":0,"38":0,"39":0,"40":0,"41":0,"42":0,"43":0,"44":0,"45":0,"46":0,"47":0,"48":0,"49":0,"50":0,"51":0,"52":0,"53":0,"54":0,"55":0},"b":{"1":[0,0],"2":[0,0],"3":[0,0],"4":[0,0],"5":[0,0],"6":[0,0],"7":[0,0]},"f":{"1":0,"2":0,"3":0,"4":0,"5":0,"6":0,"7":0,"8":0,"9":0,"10":0,"11":0,"12":0,"13":0,"14":0,"15":0,"16":0,"17":0,"18":0,"19":0},"fnMap":{"1":{"name":"constructor","line":24,"loc":{"start":{"line":24,"column":4},"end":{"line":36,"column":4}}},"2":{"name":"init","line":41,"loc":{"start":{"line":41,"column":4},"end":{"line":59,"column":4}}},"3":{"name":"decimals","line":65,"loc":{"start":{"line":65,"column":4},"end":{"line":67,"column":4}}},"4":{"name":"getAddressVars","line":77,"loc":{"start":{"line":77,"column":4},"end":{"line":79,"column":4}}},"5":{"name":"getAllDisputeVars","line":102,"loc":{"start":{"line":102,"column":4},"end":{"line":139,"column":4}}},"6":{"name":"getDisputeIdByDisputeHash","line":146,"loc":{"start":{"line":146,"column":4},"end":{"line":152,"column":4}}},"7":{"name":"getDisputeUintVars","line":162,"loc":{"start":{"line":162,"column":4},"end":{"line":168,"column":4}}},"8":{"name":"getLastNewValueById","line":176,"loc":{"start":{"line":176,"column":4},"end":{"line":214,"column":4}}},"9":{"name":"getNewCurrentVariables","line":219,"loc":{"start":{"line":219,"column":4},"end":{"line":237,"column":4}}},"10":{"name":"getNewValueCountbyRequestId","line":244,"loc":{"start":{"line":244,"column":4},"end":{"line":257,"column":4}}},"11":{"name":"getTimestampbyRequestIDandIndex","line":265,"loc":{"start":{"line":265,"column":4},"end":{"line":281,"column":4}}},"12":{"name":"getUintVar","line":290,"loc":{"start":{"line":290,"column":4},"end":{"line":292,"column":4}}},"13":{"name":"isMigrated","line":299,"loc":{"start":{"line":299,"column":4},"end":{"line":301,"column":4}}},"14":{"name":"name","line":306,"loc":{"start":{"line":306,"column":4},"end":{"line":308,"column":4}}},"15":{"name":"retrieveData","line":316,"loc":{"start":{"line":316,"column":4},"end":{"line":331,"column":4}}},"16":{"name":"symbol","line":336,"loc":{"start":{"line":336,"column":4},"end":{"line":338,"column":4}}},"17":{"name":"totalSupply","line":344,"loc":{"start":{"line":344,"column":4},"end":{"line":346,"column":4}}},"18":{"name":null,"line":352,"loc":{"start":{"line":352,"column":4},"end":{"line":385,"column":4}}},"19":{"name":"_sliceUint","line":393,"loc":{"start":{"line":393,"column":4},"end":{"line":400,"column":4}}}},"statementMap":{"1":{"start":{"line":29,"column":8},"end":{"line":29,"column":908}},"2":{"start":{"line":33,"column":8},"end":{"line":33,"column":52}},"3":{"start":{"line":34,"column":8},"end":{"line":34,"column":44}},"4":{"start":{"line":35,"column":8},"end":{"line":35,"column":48}},"5":{"start":{"line":42,"column":8},"end":{"line":42,"column":1303}},"6":{"start":{"line":47,"column":8},"end":{"line":47,"column":36}},"7":{"start":{"line":48,"column":8},"end":{"line":48,"column":44}},"8":{"start":{"line":49,"column":8},"end":{"line":49,"column":42}},"9":{"start":{"line":51,"column":8},"end":{"line":51,"column":72}},"10":{"start":{"line":52,"column":8},"end":{"line":52,"column":1727}},"11":{"start":{"line":55,"column":8},"end":{"line":55,"column":76}},"12":{"start":{"line":56,"column":8},"end":{"line":56,"column":1915}},"13":{"start":{"line":66,"column":8},"end":{"line":66,"column":17}},"14":{"start":{"line":78,"column":8},"end":{"line":78,"column":31}},"15":{"start":{"line":117,"column":8},"end":{"line":117,"column":55}},"16":{"start":{"line":118,"column":8},"end":{"line":118,"column":3715}},"17":{"start":{"line":151,"column":8},"end":{"line":151,"column":44}},"18":{"start":{"line":167,"column":8},"end":{"line":167,"column":62}},"19":{"start":{"line":182,"column":8},"end":{"line":182,"column":6014}},"20":{"start":{"line":184,"column":8},"end":{"line":184,"column":6090}},"21":{"start":{"line":186,"column":12},"end":{"line":186,"column":6213}},"22":{"start":{"line":199,"column":12},"end":{"line":199,"column":65}},"23":{"start":{"line":200,"column":12},"end":{"line":200,"column":6742}},"24":{"start":{"line":201,"column":16},"end":{"line":201,"column":6809}},"25":{"start":{"line":211,"column":16},"end":{"line":211,"column":33}},"26":{"start":{"line":229,"column":8},"end":{"line":229,"column":72}},"27":{"start":{"line":230,"column":8},"end":{"line":230,"column":16}},"28":{"start":{"line":231,"column":8},"end":{"line":231,"column":15}},"29":{"start":{"line":232,"column":8},"end":{"line":232,"column":7583}},"30":{"start":{"line":250,"column":8},"end":{"line":250,"column":8221}},"31":{"start":{"line":252,"column":8},"end":{"line":252,"column":8291}},"32":{"start":{"line":253,"column":12},"end":{"line":253,"column":23}},"33":{"start":{"line":255,"column":12},"end":{"line":255,"column":70}},"34":{"start":{"line":271,"column":8},"end":{"line":271,"column":8896}},"35":{"start":{"line":277,"column":12},"end":{"line":277,"column":23}},"36":{"start":{"line":279,"column":12},"end":{"line":279,"column":71}},"37":{"start":{"line":291,"column":8},"end":{"line":291,"column":27}},"38":{"start":{"line":300,"column":8},"end":{"line":300,"column":30}},"39":{"start":{"line":307,"column":8},"end":{"line":307,"column":32}},"40":{"start":{"line":321,"column":8},"end":{"line":321,"column":10480}},"41":{"start":{"line":322,"column":12},"end":{"line":322,"column":69}},"42":{"start":{"line":324,"column":8},"end":{"line":324,"column":10614}},"43":{"start":{"line":337,"column":8},"end":{"line":337,"column":20}},"44":{"start":{"line":345,"column":8},"end":{"line":345,"column":35}},"45":{"start":{"line":353,"column":8},"end":{"line":353,"column":66}},"46":{"start":{"line":355,"column":8},"end":{"line":355,"column":24}},"47":{"start":{"line":356,"column":8},"end":{"line":356,"column":11567}},"48":{"start":{"line":357,"column":12},"end":{"line":357,"column":61}},"49":{"start":{"line":360,"column":8},"end":{"line":360,"column":11780}},"50":{"start":{"line":373,"column":8},"end":{"line":373,"column":55}},"51":{"start":{"line":394,"column":8},"end":{"line":394,"column":27}},"52":{"start":{"line":395,"column":8},"end":{"line":395,"column":13089}},"53":{"start":{"line":396,"column":12},"end":{"line":396,"column":35}},"54":{"start":{"line":397,"column":12},"end":{"line":397,"column":44}},"55":{"start":{"line":399,"column":8},"end":{"line":399,"column":22}}},"branchMap":{"1":{"line":29,"type":"if","locations":[{"start":{"line":29,"column":8},"end":{"line":29,"column":8}},{"start":{"line":29,"column":8},"end":{"line":29,"column":8}}]},"2":{"line":42,"type":"if","locations":[{"start":{"line":42,"column":8},"end":{"line":42,"column":8}},{"start":{"line":42,"column":8},"end":{"line":42,"column":8}}]},"3":{"line":184,"type":"if","locations":[{"start":{"line":184,"column":8},"end":{"line":184,"column":8}},{"start":{"line":184,"column":8},"end":{"line":184,"column":8}}]},"4":{"line":200,"type":"if","locations":[{"start":{"line":200,"column":12},"end":{"line":200,"column":12}},{"start":{"line":200,"column":12},"end":{"line":200,"column":12}}]},"5":{"line":252,"type":"if","locations":[{"start":{"line":252,"column":8},"end":{"line":252,"column":8}},{"start":{"line":252,"column":8},"end":{"line":252,"column":8}}]},"6":{"line":321,"type":"if","locations":[{"start":{"line":321,"column":8},"end":{"line":321,"column":8}},{"start":{"line":321,"column":8},"end":{"line":321,"column":8}}]},"7":{"line":360,"type":"if","locations":[{"start":{"line":360,"column":8},"end":{"line":360,"column":8}},{"start":{"line":360,"column":8},"end":{"line":360,"column":8}}]}}},
"contracts/Treasury.sol":{"l":{"54":0,"55":0,"63":0,"65":0,"66":0,"70":0,"75":0,"78":0,"79":0,"82":0,"84":0,"85":0,"86":0,"87":0,"96":0,"101":0,"116":0,"121":0,"126":0,"130":0,"132":0,"133":0,"134":0,"135":0,"136":0,"137":0,"138":0,"149":0,"150":0,"154":0,"158":0,"163":0,"164":0,"165":0,"169":0,"170":0,"172":0,"173":0,"176":0,"180":0,"181":0,"182":0,"187":0,"188":0,"191":0,"192":0,"197":0,"201":0,"202":0,"204":0,"208":0,"210":0,"211":0,"215":0,"216":0,"219":0,"220":0,"224":0,"225":0,"226":0,"251":0,"263":0,"276":0,"294":0,"307":0,"314":0,"328":0},"path":"/Users/tallywiesenberg/Repositories/Tellor/tellorX/contracts/Treasury.sol","s":{"1":0,"2":0,"3":0,"4":0,"5":0,"6":0,"7":0,"8":0,"9":0,"10":0,"11":0,"12":0,"13":0,"14":0,"15":0,"16":0,"17":0,"18":0,"19":0,"20":0,"21":0,"22":0,"23":0,"24":0,"25":0,"26":0,"27":0,"28":0,"29":0,"30":0,"31":0,"32":0,"33":0,"34":0,"35":0,"36":0,"37":0,"38":0,"39":0,"40":0,"41":0,"42":0,"43":0,"44":0,"45":0,"46":0,"47":0,"48":0,"49":0,"50":0,"51":0,"52":0,"53":0,"54":0,"55":0,"56":0,"57":0,"58":0,"59":0,"60":0,"61":0,"62":0,"63":0},"b":{"1":[0,0],"2":[0,0],"3":[0,0],"4":[0,0],"5":[0,0],"6":[0,0],"7":[0,0],"8":[0,0],"9":[0,0],"10":[0,0],"11":[0,0],"12":[0,0],"13":[0,0],"14":[0,0],"15":[0,0],"16":[0,0],"17":[0,0],"18":[0,0],"19":[0,0],"20":[0,0]},"f":{"1":0,"2":0,"3":0,"4":0,"5":0,"6":0,"7":0,"8":0,"9":0,"10":0,"11":0},"fnMap":{"1":{"name":"buyTreasury","line":52,"loc":{"start":{"line":52,"column":4},"end":{"line":88,"column":4}}},"2":{"name":"delegateVotingPower","line":95,"loc":{"start":{"line":95,"column":4},"end":{"line":102,"column":4}}},"3":{"name":"issueTreasury","line":111,"loc":{"start":{"line":111,"column":4},"end":{"line":139,"column":4}}},"4":{"name":"payTreasury","line":147,"loc":{"start":{"line":147,"column":4},"end":{"line":230,"column":4}}},"5":{"name":"getTreasuryAccount","line":242,"loc":{"start":{"line":242,"column":4},"end":{"line":256,"column":4}}},"6":{"name":"getTreasuryCount","line":262,"loc":{"start":{"line":262,"column":4},"end":{"line":264,"column":4}}},"7":{"name":"getTreasuryDetails","line":266,"loc":{"start":{"line":266,"column":4},"end":{"line":282,"column":4}}},"8":{"name":"getTreasuryFundsByUser","line":289,"loc":{"start":{"line":289,"column":4},"end":{"line":295,"column":4}}},"9":{"name":"getTreasuryOwners","line":302,"loc":{"start":{"line":302,"column":4},"end":{"line":308,"column":4}}},"10":{"name":"verify","line":313,"loc":{"start":{"line":313,"column":4},"end":{"line":315,"column":4}}},"11":{"name":"wasPaid","line":323,"loc":{"start":{"line":323,"column":4},"end":{"line":329,"column":4}}}},"statementMap":{"1":{"start":{"line":54,"column":8},"end":{"line":54,"column":64}},"2":{"start":{"line":55,"column":8},"end":{"line":55,"column":2692}},"3":{"start":{"line":63,"column":8},"end":{"line":63,"column":49}},"4":{"start":{"line":65,"column":8},"end":{"line":65,"column":54}},"5":{"start":{"line":66,"column":8},"end":{"line":66,"column":3093}},"6":{"start":{"line":70,"column":8},"end":{"line":70,"column":3234}},"7":{"start":{"line":75,"column":8},"end":{"line":75,"column":3476}},"8":{"start":{"line":78,"column":8},"end":{"line":78,"column":3596}},"9":{"start":{"line":79,"column":12},"end":{"line":79,"column":3674}},"10":{"start":{"line":82,"column":12},"end":{"line":82,"column":41}},"11":{"start":{"line":84,"column":8},"end":{"line":84,"column":40}},"12":{"start":{"line":85,"column":8},"end":{"line":85,"column":52}},"13":{"start":{"line":86,"column":8},"end":{"line":86,"column":29}},"14":{"start":{"line":87,"column":8},"end":{"line":87,"column":51}},"15":{"start":{"line":96,"column":8},"end":{"line":96,"column":4370}},"16":{"start":{"line":101,"column":8},"end":{"line":101,"column":50}},"17":{"start":{"line":116,"column":8},"end":{"line":116,"column":5133}},"18":{"start":{"line":121,"column":8},"end":{"line":121,"column":5335}},"19":{"start":{"line":126,"column":8},"end":{"line":126,"column":5504}},"20":{"start":{"line":130,"column":8},"end":{"line":130,"column":65}},"21":{"start":{"line":133,"column":8},"end":{"line":133,"column":64}},"22":{"start":{"line":134,"column":8},"end":{"line":134,"column":43}},"23":{"start":{"line":135,"column":8},"end":{"line":135,"column":36}},"24":{"start":{"line":136,"column":8},"end":{"line":136,"column":26}},"25":{"start":{"line":137,"column":8},"end":{"line":137,"column":34}},"26":{"start":{"line":138,"column":8},"end":{"line":138,"column":61}},"27":{"start":{"line":149,"column":8},"end":{"line":149,"column":53}},"28":{"start":{"line":150,"column":8},"end":{"line":150,"column":6738}},"29":{"start":{"line":154,"column":8},"end":{"line":154,"column":6858}},"30":{"start":{"line":158,"column":8},"end":{"line":158,"column":7002}},"31":{"start":{"line":163,"column":8},"end":{"line":163,"column":36}},"32":{"start":{"line":164,"column":8},"end":{"line":164,"column":34}},"33":{"start":{"line":165,"column":8},"end":{"line":165,"column":7277}},"34":{"start":{"line":169,"column":8},"end":{"line":169,"column":7451}},"35":{"start":{"line":170,"column":12},"end":{"line":170,"column":7521}},"36":{"start":{"line":172,"column":12},"end":{"line":172,"column":7603}},"37":{"start":{"line":173,"column":16},"end":{"line":173,"column":7676}},"38":{"start":{"line":176,"column":16},"end":{"line":176,"column":7805}},"39":{"start":{"line":181,"column":20},"end":{"line":181,"column":8004}},"40":{"start":{"line":182,"column":24},"end":{"line":182,"column":8087}},"41":{"start":{"line":187,"column":12},"end":{"line":187,"column":45}},"42":{"start":{"line":188,"column":12},"end":{"line":188,"column":44}},"43":{"start":{"line":191,"column":8},"end":{"line":191,"column":8386}},"44":{"start":{"line":192,"column":12},"end":{"line":192,"column":8471}},"45":{"start":{"line":197,"column":16},"end":{"line":197,"column":8668}},"46":{"start":{"line":201,"column":16},"end":{"line":201,"column":8821}},"47":{"start":{"line":208,"column":8},"end":{"line":208,"column":9023}},"48":{"start":{"line":210,"column":8},"end":{"line":210,"column":9113}},"49":{"start":{"line":211,"column":12},"end":{"line":211,"column":9180}},"50":{"start":{"line":215,"column":8},"end":{"line":215,"column":9278}},"51":{"start":{"line":216,"column":12},"end":{"line":216,"column":71}},"52":{"start":{"line":219,"column":8},"end":{"line":219,"column":54}},"53":{"start":{"line":220,"column":8},"end":{"line":220,"column":9530}},"54":{"start":{"line":224,"column":8},"end":{"line":224,"column":73}},"55":{"start":{"line":225,"column":8},"end":{"line":225,"column":44}},"56":{"start":{"line":226,"column":8},"end":{"line":226,"column":9793}},"57":{"start":{"line":251,"column":8},"end":{"line":251,"column":10653}},"58":{"start":{"line":263,"column":8},"end":{"line":263,"column":28}},"59":{"start":{"line":276,"column":8},"end":{"line":276,"column":11299}},"60":{"start":{"line":294,"column":8},"end":{"line":294,"column":41}},"61":{"start":{"line":307,"column":8},"end":{"line":307,"column":35}},"62":{"start":{"line":314,"column":8},"end":{"line":314,"column":19}},"63":{"start":{"line":328,"column":8},"end":{"line":328,"column":53}}},"branchMap":{"1":{"line":54,"type":"if","locations":[{"start":{"line":54,"column":8},"end":{"line":54,"column":8}},{"start":{"line":54,"column":8},"end":{"line":54,"column":8}}]},"2":{"line":55,"type":"if","locations":[{"start":{"line":55,"column":8},"end":{"line":55,"column":8}},{"start":{"line":55,"column":8},"end":{"line":55,"column":8}}]},"3":{"line":66,"type":"if","locations":[{"start":{"line":66,"column":8},"end":{"line":66,"column":8}},{"start":{"line":66,"column":8},"end":{"line":66,"column":8}}]},"4":{"line":70,"type":"if","locations":[{"start":{"line":70,"column":8},"end":{"line":70,"column":8}},{"start":{"line":70,"column":8},"end":{"line":70,"column":8}}]},"5":{"line":78,"type":"if","locations":[{"start":{"line":78,"column":8},"end":{"line":78,"column":8}},{"start":{"line":78,"column":8},"end":{"line":78,"column":8}}]},"6":{"line":96,"type":"if","locations":[{"start":{"line":96,"column":8},"end":{"line":96,"column":8}},{"start":{"line":96,"column":8},"end":{"line":96,"column":8}}]},"7":{"line":116,"type":"if","locations":[{"start":{"line":116,"column":8},"end":{"line":116,"column":8}},{"start":{"line":116,"column":8},"end":{"line":116,"column":8}}]},"8":{"line":121,"type":"if","locations":[{"start":{"line":121,"column":8},"end":{"line":121,"column":8}},{"start":{"line":121,"column":8},"end":{"line":121,"column":8}}]},"9":{"line":126,"type":"if","locations":[{"start":{"line":126,"column":8},"end":{"line":126,"column":8}},{"start":{"line":126,"column":8},"end":{"line":126,"column":8}}]},"10":{"line":130,"type":"if","locations":[{"start":{"line":130,"column":8},"end":{"line":130,"column":8}},{"start":{"line":130,"column":8},"end":{"line":130,"column":8}}]},"11":{"line":150,"type":"if","locations":[{"start":{"line":150,"column":8},"end":{"line":150,"column":8}},{"start":{"line":150,"column":8},"end":{"line":150,"column":8}}]},"12":{"line":154,"type":"if","locations":[{"start":{"line":154,"column":8},"end":{"line":154,"column":8}},{"start":{"line":154,"column":8},"end":{"line":154,"column":8}}]},"13":{"line":158,"type":"if","locations":[{"start":{"line":158,"column":8},"end":{"line":158,"column":8}},{"start":{"line":158,"column":8},"end":{"line":158,"column":8}}]},"14":{"line":169,"type":"if","locations":[{"start":{"line":169,"column":8},"end":{"line":169,"column":8}},{"start":{"line":169,"column":8},"end":{"line":169,"column":8}}]},"15":{"line":172,"type":"if","locations":[{"start":{"line":172,"column":12},"end":{"line":172,"column":12}},{"start":{"line":172,"column":12},"end":{"line":172,"column":12}}]},"16":{"line":181,"type":"if","locations":[{"start":{"line":181,"column":20},"end":{"line":181,"column":20}},{"start":{"line":181,"column":20},"end":{"line":181,"column":20}}]},"17":{"line":191,"type":"if","locations":[{"start":{"line":191,"column":8},"end":{"line":191,"column":8}},{"start":{"line":191,"column":8},"end":{"line":191,"column":8}}]},"18":{"line":201,"type":"if","locations":[{"start":{"line":201,"column":16},"end":{"line":201,"column":16}},{"start":{"line":201,"column":16},"end":{"line":201,"column":16}}]},"19":{"line":210,"type":"if","locations":[{"start":{"line":210,"column":8},"end":{"line":210,"column":8}},{"start":{"line":210,"column":8},"end":{"line":210,"column":8}}]},"20":{"line":215,"type":"if","locations":[{"start":{"line":215,"column":8},"end":{"line":215,"column":8}},{"start":{"line":215,"column":8},"end":{"line":215,"column":8}}]}}}}
