TN:
SF:/home/tally/Repositories/Tellor/tellorX/contracts/Controller.sol
FN:11,changeControllerContract
FN:20,changeGovernanceContract
FN:26,changeOracleContract
FN:33,changeTreasuryContract
FN:40,changeUint
FN:46,migrate
FN:52,mint
FN:57,verify
FN:61,_isValid
FNF:9
FNH:0
FNDA:0,changeControllerContract
FNDA:0,changeGovernanceContract
FNDA:0,changeOracleContract
FNDA:0,changeTreasuryContract
FNDA:0,changeUint
FNDA:0,migrate
FNDA:0,mint
FNDA:0,verify
FNDA:0,_isValid
DA:12,0
DA:13,0
DA:14,0
DA:15,0
DA:21,0
DA:22,0
DA:23,0
DA:27,0
DA:28,0
DA:29,0
DA:34,0
DA:35,0
DA:36,0
DA:41,0
DA:42,0
DA:47,0
DA:48,0
DA:49,0
DA:53,0
DA:54,0
DA:58,0
DA:62,0
DA:66,0
DA:70,0
LF:24
LH:0
BRDA:12,1,0,0
BRDA:12,1,1,0
BRDA:13,2,0,0
BRDA:13,2,1,0
BRDA:21,3,0,0
BRDA:21,3,1,0
BRDA:22,4,0,0
BRDA:22,4,1,0
BRDA:27,5,0,0
BRDA:27,5,1,0
BRDA:28,6,0,0
BRDA:28,6,1,0
BRDA:34,7,0,0
BRDA:34,7,1,0
BRDA:35,8,0,0
BRDA:35,8,1,0
BRDA:41,9,0,0
BRDA:41,9,1,0
BRDA:47,10,0,0
BRDA:47,10,1,0
BRDA:53,11,0,0
BRDA:53,11,1,0
BRDA:66,12,0,0
BRDA:66,12,1,0
BRF:24
BRH:0
end_of_record
TN:
SF:/home/tally/Repositories/Tellor/tellorX/contracts/Governance.sol
FN:61,constructor
FN:87,beginDispute
FN:129,delegate
FN:154,delegateOfAt
FN:184,executeVote
FN:234,proposeVote
FN:269,setApprovedFunction
FN:278,tallyVotes
FN:316,updateMinDisputeFee
FN:332,verify
FN:337,vote
FN:342,voteFor
FN:350,didVote
FN:354,getDelegateInfo
FN:358,getDisputeInfo
FN:363,getOpenDisputesOnId
FN:367,getVoteCount
FN:370,getVoteInfo
FN:379,getVoteRounds
FN:383,isFunctionApproved
FN:388,_vote
FN:417,_min
FNF:22
FNH:0
FNDA:0,constructor
FNDA:0,beginDispute
FNDA:0,delegate
FNDA:0,delegateOfAt
FNDA:0,executeVote
FNDA:0,proposeVote
FNDA:0,setApprovedFunction
FNDA:0,tallyVotes
FNDA:0,updateMinDisputeFee
FNDA:0,verify
FNDA:0,vote
FNDA:0,voteFor
FNDA:0,didVote
FNDA:0,getDelegateInfo
FNDA:0,getDisputeInfo
FNDA:0,getOpenDisputesOnId
FNDA:0,getVoteCount
FNDA:0,getVoteInfo
FNDA:0,getVoteRounds
FNDA:0,isFunctionApproved
FNDA:0,_vote
FNDA:0,_min
DA:62,0
DA:75,0
DA:76,0
DA:78,0
DA:88,0
DA:89,0
DA:90,0
DA:91,0
DA:92,0
DA:93,0
DA:94,0
DA:95,0
DA:96,0
DA:97,0
DA:99,0
DA:101,0
DA:102,0
DA:103,0
DA:104,0
DA:105,0
DA:106,0
DA:107,0
DA:108,0
DA:109,0
DA:110,0
DA:111,0
DA:112,0
DA:113,0
DA:114,0
DA:115,0
DA:116,0
DA:117,0
DA:120,0
DA:122,0
DA:123,0
DA:124,0
DA:125,0
DA:126,0
DA:130,0
DA:131,0
DA:135,0
DA:142,0
DA:144,0
DA:159,0
DA:160,0
DA:163,0
DA:165,0
DA:166,0
DA:168,0
DA:169,0
DA:170,0
DA:171,0
DA:172,0
DA:173,0
DA:175,0
DA:177,0
DA:180,0
DA:185,0
DA:186,0
DA:187,0
DA:188,0
DA:189,0
DA:190,0
DA:191,0
DA:192,0
DA:193,0
DA:194,0
DA:195,0
DA:196,0
DA:197,0
DA:199,0
DA:201,0
DA:202,0
DA:203,0
DA:204,0
DA:205,0
DA:206,0
DA:207,0
DA:208,0
DA:209,0
DA:210,0
DA:212,0
DA:215,0
DA:216,0
DA:217,0
DA:218,0
DA:220,0
DA:222,0
DA:223,0
DA:224,0
DA:225,0
DA:227,0
DA:229,0
DA:230,0
DA:235,0
DA:236,0
DA:237,0
DA:238,0
DA:239,0
DA:241,0
DA:242,0
DA:243,0
DA:244,0
DA:245,0
DA:247,0
DA:248,0
DA:251,0
DA:252,0
DA:253,0
DA:254,0
DA:255,0
DA:256,0
DA:257,0
DA:258,0
DA:259,0
DA:260,0
DA:265,0
DA:266,0
DA:270,0
DA:271,0
DA:279,0
DA:280,0
DA:281,0
DA:282,0
DA:283,0
DA:284,0
DA:285,0
DA:286,0
DA:288,0
DA:292,0
DA:293,0
DA:296,0
DA:297,0
DA:298,0
DA:299,0
DA:300,0
DA:301,0
DA:306,0
DA:308,0
DA:309,0
DA:317,0
DA:318,0
DA:319,0
DA:320,0
DA:321,0
DA:322,0
DA:324,0
DA:325,0
DA:328,0
DA:333,0
DA:338,0
DA:339,0
DA:343,0
DA:344,0
DA:345,0
DA:351,0
DA:355,0
DA:359,0
DA:360,0
DA:364,0
DA:368,0
DA:372,0
DA:373,0
DA:380,0
DA:384,0
DA:389,0
DA:390,0
DA:391,0
DA:392,0
DA:394,0
DA:395,0
DA:396,0
DA:397,0
DA:398,0
DA:399,0
DA:400,0
DA:401,0
DA:402,0
DA:403,0
DA:404,0
DA:405,0
DA:406,0
DA:407,0
DA:408,0
DA:410,0
DA:412,0
DA:414,0
DA:418,0
LF:188
LH:0
BRDA:89,1,0,0
BRDA:89,1,1,0
BRDA:95,2,0,0
BRDA:95,2,1,0
BRDA:97,3,0,0
BRDA:97,3,1,0
BRDA:99,4,0,0
BRDA:99,4,1,0
BRDA:115,5,0,0
BRDA:115,5,1,0
BRDA:123,6,0,0
BRDA:123,6,1,0
BRDA:131,7,0,0
BRDA:131,7,1,0
BRDA:160,8,0,0
BRDA:160,8,1,0
BRDA:165,9,0,0
BRDA:165,9,1,0
BRDA:172,10,0,0
BRDA:172,10,1,0
BRDA:174,11,0,0
BRDA:174,11,1,0
BRDA:186,12,0,0
BRDA:186,12,1,0
BRDA:187,13,0,0
BRDA:187,13,1,0
BRDA:188,14,0,0
BRDA:188,14,1,0
BRDA:189,15,0,0
BRDA:189,15,1,0
BRDA:190,16,0,0
BRDA:190,16,1,0
BRDA:192,17,0,0
BRDA:192,17,1,0
BRDA:193,18,0,0
BRDA:193,18,1,0
BRDA:205,19,0,0
BRDA:205,19,1,0
BRDA:209,20,0,0
BRDA:209,20,1,0
BRDA:214,21,0,0
BRDA:214,21,1,0
BRDA:221,22,0,0
BRDA:221,22,1,0
BRDA:238,23,0,0
BRDA:238,23,1,0
BRDA:243,24,0,0
BRDA:243,24,1,0
BRDA:245,25,0,0
BRDA:245,25,1,0
BRDA:251,26,0,0
BRDA:251,26,1,0
BRDA:260,27,0,0
BRDA:260,27,1,0
BRDA:265,28,0,0
BRDA:265,28,1,0
BRDA:270,29,0,0
BRDA:270,29,1,0
BRDA:280,30,0,0
BRDA:280,30,1,0
BRDA:281,31,0,0
BRDA:281,31,1,0
BRDA:284,32,0,0
BRDA:284,32,1,0
BRDA:288,33,0,0
BRDA:288,33,1,0
BRDA:292,34,0,0
BRDA:292,34,1,0
BRDA:295,35,0,0
BRDA:295,35,1,0
BRDA:296,36,0,0
BRDA:296,36,1,0
BRDA:300,37,0,0
BRDA:300,37,1,0
BRDA:321,38,0,0
BRDA:321,38,1,0
BRDA:324,39,0,0
BRDA:324,39,1,0
BRDA:338,40,0,0
BRDA:338,40,1,0
BRDA:344,41,0,0
BRDA:344,41,1,0
BRDA:389,42,0,0
BRDA:389,42,1,0
BRDA:391,43,0,0
BRDA:391,43,1,0
BRDA:392,44,0,0
BRDA:392,44,1,0
BRDA:394,45,0,0
BRDA:394,45,1,0
BRDA:403,46,0,0
BRDA:403,46,1,0
BRDA:404,47,0,0
BRDA:404,47,1,0
BRDA:405,48,0,0
BRDA:405,48,1,0
BRDA:407,49,0,0
BRDA:407,49,1,0
BRDA:409,50,0,0
BRDA:409,50,1,0
BRF:100
BRH:0
end_of_record
TN:
SF:/home/tally/Repositories/Tellor/tellorX/contracts/interfaces/IController.sol
FNF:0
FNH:0
LF:0
LH:0
BRF:0
BRH:0
end_of_record
TN:
SF:/home/tally/Repositories/Tellor/tellorX/contracts/interfaces/IGovernance.sol
FNF:0
FNH:0
LF:0
LH:0
BRF:0
BRH:0
end_of_record
TN:
SF:/home/tally/Repositories/Tellor/tellorX/contracts/interfaces/IOracle.sol
FNF:0
FNH:0
LF:0
LH:0
BRF:0
BRH:0
end_of_record
TN:
SF:/home/tally/Repositories/Tellor/tellorX/contracts/interfaces/ITellor.sol
FNF:0
FNH:0
LF:0
LH:0
BRF:0
BRH:0
end_of_record
TN:
SF:/home/tally/Repositories/Tellor/tellorX/contracts/interfaces/ITreasury.sol
FNF:0
FNH:0
LF:0
LH:0
BRF:0
BRH:0
end_of_record
TN:
SF:/home/tally/Repositories/Tellor/tellorX/contracts/Oracle.sol
FN:35,addTip
FN:46,changeMiningLock
FN:52,changeTimeBasedReward
FN:58,removeValue
FN:70,submitValue
FN:105,verify
FN:110,getBlockNumberByTimestamp
FN:114,getMiningLock
FN:118,getReporterByTimestamp
FN:122,getReportsSubmittedByAddress
FN:126,getTimestampCountById
FN:130,getReportTimestampByIndex
FN:134,getTimeBasedReward
FN:138,getTimeOfLastNewValue
FN:141,getTimestampIndexByTimestamp
FN:145,getTipsById
FN:149,getTipsByUser
FN:153,getValueByTimestamp
FN:157,getCurrentValue
FNF:19
FNH:0
FNDA:0,addTip
FNDA:0,changeMiningLock
FNDA:0,changeTimeBasedReward
FNDA:0,removeValue
FNDA:0,submitValue
FNDA:0,verify
FNDA:0,getBlockNumberByTimestamp
FNDA:0,getMiningLock
FNDA:0,getReporterByTimestamp
FNDA:0,getReportsSubmittedByAddress
FNDA:0,getTimestampCountById
FNDA:0,getReportTimestampByIndex
FNDA:0,getTimeBasedReward
FNDA:0,getTimeOfLastNewValue
FNDA:0,getTimestampIndexByTimestamp
FNDA:0,getTipsById
FNDA:0,getTipsByUser
FNDA:0,getValueByTimestamp
FNDA:0,getCurrentValue
DA:36,0
DA:37,0
DA:38,0
DA:39,0
DA:40,0
DA:41,0
DA:42,0
DA:43,0
DA:47,0
DA:48,0
DA:49,0
DA:53,0
DA:54,0
DA:55,0
DA:59,0
DA:60,0
DA:61,0
DA:62,0
DA:63,0
DA:65,0
DA:66,0
DA:67,0
DA:71,0
DA:75,0
DA:76,0
DA:77,0
DA:78,0
DA:80,0
DA:81,0
DA:82,0
DA:83,0
DA:84,0
DA:85,0
DA:86,0
DA:87,0
DA:89,0
DA:90,0
DA:91,0
DA:92,0
DA:93,0
DA:95,0
DA:96,0
DA:97,0
DA:99,0
DA:100,0
DA:101,0
DA:102,0
DA:106,0
DA:111,0
DA:115,0
DA:119,0
DA:123,0
DA:127,0
DA:131,0
DA:135,0
DA:139,0
DA:142,0
DA:146,0
DA:150,0
DA:154,0
DA:158,0
LF:61
LH:0
BRDA:36,1,0,0
BRDA:36,1,1,0
BRDA:37,2,0,0
BRDA:37,2,1,0
BRDA:47,3,0,0
BRDA:47,3,1,0
BRDA:53,4,0,0
BRDA:53,4,1,0
BRDA:59,5,0,0
BRDA:59,5,1,0
BRDA:71,6,0,0
BRDA:71,6,1,0
BRDA:78,7,0,0
BRDA:78,7,1,0
BRDA:80,8,0,0
BRDA:80,8,1,0
BRDA:82,9,0,0
BRDA:82,9,1,0
BRDA:92,10,0,0
BRDA:92,10,1,0
BRDA:96,11,0,0
BRDA:96,11,1,0
BRF:22
BRH:0
end_of_record
TN:
SF:/home/tally/Repositories/Tellor/tellorX/contracts/tellor3/Extension.sol
FN:35,depositStake
FN:45,requestStakingWithdraw
FN:65,tallyVotes
FN:110,updateMinDisputeFee
FN:128,updateTellor
FN:165,withdrawStake
FN:188,_newStake
FNF:7
FNH:0
FNDA:0,depositStake
FNDA:0,requestStakingWithdraw
FNDA:0,tallyVotes
FNDA:0,updateMinDisputeFee
FNDA:0,updateTellor
FNDA:0,withdrawStake
FNDA:0,_newStake
DA:36,0
DA:37,0
DA:46,0
DA:48,0
DA:50,0
DA:53,0
DA:55,0
DA:57,0
DA:58,0
DA:66,0
DA:68,0
DA:70,0
DA:75,0
DA:79,0
DA:80,0
DA:82,0
DA:84,0
DA:86,0
DA:88,0
DA:89,0
DA:92,0
DA:95,0
DA:96,0
DA:97,0
DA:111,0
DA:112,0
DA:113,0
DA:129,0
DA:130,0
DA:132,0
DA:140,0
DA:141,0
DA:142,0
DA:146,0
DA:147,0
DA:148,0
DA:152,0
DA:153,0
DA:154,0
DA:155,0
DA:158,0
DA:166,0
DA:169,0
DA:174,0
DA:178,0
DA:179,0
DA:189,0
DA:196,0
DA:201,0
DA:202,0
DA:206,0
LF:51
LH:0
BRDA:48,1,0,0
BRDA:48,1,1,0
BRDA:68,2,0,0
BRDA:68,2,1,0
BRDA:70,3,0,0
BRDA:70,3,1,0
BRDA:75,4,0,0
BRDA:75,4,1,0
BRDA:80,5,0,0
BRDA:80,5,1,0
BRDA:82,6,0,0
BRDA:82,6,1,0
BRDA:88,7,0,0
BRDA:88,7,1,0
BRDA:91,8,0,0
BRDA:91,8,1,0
BRDA:141,9,0,0
BRDA:141,9,1,0
BRDA:142,10,0,0
BRDA:142,10,1,0
BRDA:146,11,0,0
BRDA:146,11,1,0
BRDA:147,12,0,0
BRDA:147,12,1,0
BRDA:148,13,0,0
BRDA:148,13,1,0
BRDA:169,14,0,0
BRDA:169,14,1,0
BRDA:174,15,0,0
BRDA:174,15,1,0
BRDA:189,16,0,0
BRDA:189,16,1,0
BRDA:196,17,0,0
BRDA:196,17,1,0
BRF:34
BRH:0
end_of_record
TN:
SF:/home/tally/Repositories/Tellor/tellorX/contracts/tellor3/ITellor.sol
FNF:0
FNH:0
LF:0
LH:0
BRF:0
BRH:0
end_of_record
TN:
SF:/home/tally/Repositories/Tellor/tellorX/contracts/tellor3/SafeMath.sol
FN:10,add
FN:16,add
FN:26,max
FN:30,max
FN:34,min
FN:38,mul
FN:44,sub
FN:49,sub
FNF:8
FNH:0
FNDA:0,add
FNDA:0,add
FNDA:0,max
FNDA:0,max
FNDA:0,min
FNDA:0,mul
FNDA:0,sub
FNDA:0,sub
DA:11,0
DA:12,0
DA:13,0
DA:17,0
DA:18,0
DA:19,0
DA:21,0
DA:22,0
DA:27,0
DA:31,0
DA:35,0
DA:39,0
DA:40,0
DA:41,0
DA:45,0
DA:46,0
DA:50,0
DA:51,0
DA:52,0
DA:54,0
DA:55,0
LF:21
LH:0
BRDA:17,1,0,0
BRDA:17,1,1,0
BRDA:50,2,0,0
BRDA:50,2,1,0
BRF:4
BRH:0
end_of_record
TN:
SF:/home/tally/Repositories/Tellor/tellorX/contracts/tellor3/Tellor.sol
FN:59,constructor
FN:69,addTip
FN:93,migrate
FN:104,migrateFor
FN:119,submitMiningSolution
FN:143,_adjustDifficulty
FN:162,_getMin
FN:182,_getTopRequestIDs
FN:204,_migrate
FN:218,_migrateFor
FN:235,_newBlock
FN:324,_payReward
FN:349,_submitMiningSolution
FN:427,_updateOnDeck
FN:471,_verifyNonce
FN:502,
FNF:16
FNH:0
FNDA:0,constructor
FNDA:0,addTip
FNDA:0,migrate
FNDA:0,migrateFor
FNDA:0,submitMiningSolution
FNDA:0,_adjustDifficulty
FNDA:0,_getMin
FNDA:0,_getTopRequestIDs
FNDA:0,_migrate
FNDA:0,_migrateFor
FNDA:0,_newBlock
FNDA:0,_payReward
FNDA:0,_submitMiningSolution
FNDA:0,_updateOnDeck
FNDA:0,_verifyNonce
FNDA:0,
DA:60,0
DA:70,0
DA:71,0
DA:72,0
DA:73,0
DA:74,0
DA:76,0
DA:78,0
DA:80,0
DA:81,0
DA:94,0
DA:109,0
DA:110,0
DA:124,0
DA:125,0
DA:130,0
DA:131,0
DA:133,0
DA:134,0
DA:147,0
DA:148,0
DA:149,0
DA:150,0
DA:151,0
DA:152,0
DA:154,0
DA:167,0
DA:168,0
DA:169,0
DA:170,0
DA:171,0
DA:172,0
DA:187,0
DA:188,0
DA:189,0
DA:190,0
DA:191,0
DA:192,0
DA:194,0
DA:205,0
DA:206,0
DA:207,0
DA:223,0
DA:224,0
DA:225,0
DA:238,0
DA:239,0
DA:240,0
DA:241,0
DA:242,0
DA:244,0
DA:245,0
DA:246,0
DA:247,0
DA:248,0
DA:249,0
DA:250,0
DA:251,0
DA:252,0
DA:255,0
DA:258,0
DA:260,0
DA:261,0
DA:262,0
DA:265,0
DA:267,0
DA:268,0
DA:269,0
DA:270,0
DA:272,0
DA:274,0
DA:275,0
DA:276,0
DA:277,0
DA:278,0
DA:280,0
DA:288,0
DA:289,0
DA:294,0
DA:295,0
DA:296,0
DA:297,0
DA:298,0
DA:299,0
DA:302,0
DA:306,0
DA:309,0
DA:310,0
DA:328,0
DA:329,0
DA:330,0
DA:331,0
DA:332,0
DA:333,0
DA:334,0
DA:335,0
DA:336,0
DA:337,0
DA:338,0
DA:354,0
DA:355,0
DA:359,0
DA:363,0
DA:367,0
DA:371,0
DA:375,0
DA:379,0
DA:380,0
DA:381,0
DA:383,0
DA:388,0
DA:390,0
DA:392,0
DA:393,0
DA:394,0
DA:395,0
DA:396,0
DA:397,0
DA:398,0
DA:399,0
DA:400,0
DA:401,0
DA:402,0
DA:403,0
DA:405,0
DA:413,0
DA:415,0
DA:416,0
DA:418,0
DA:428,0
DA:429,0
DA:432,0
DA:439,0
DA:443,0
DA:444,0
DA:445,0
DA:446,0
DA:450,0
DA:451,0
DA:452,0
DA:454,0
DA:455,0
DA:459,0
DA:472,0
DA:503,0
DA:504,0
DA:505,0
LF:147
LH:0
BRDA:70,1,0,0
BRDA:70,1,1,0
BRDA:71,2,0,0
BRDA:71,2,1,0
BRDA:73,3,0,0
BRDA:73,3,1,0
BRDA:76,4,0,0
BRDA:76,4,1,0
BRDA:109,5,0,0
BRDA:109,5,1,0
BRDA:125,6,0,0
BRDA:125,6,1,0
BRDA:130,7,0,0
BRDA:130,7,1,0
BRDA:151,8,0,0
BRDA:151,8,1,0
BRDA:170,9,0,0
BRDA:170,9,1,0
BRDA:191,10,0,0
BRDA:191,10,1,0
BRDA:205,11,0,0
BRDA:205,11,1,0
BRDA:223,12,0,0
BRDA:223,12,1,0
BRDA:223,13,0,0
BRDA:223,13,1,0
BRDA:260,14,0,0
BRDA:260,14,1,0
BRDA:355,15,0,0
BRDA:355,15,1,0
BRDA:359,16,0,0
BRDA:359,16,1,0
BRDA:363,17,0,0
BRDA:363,17,1,0
BRDA:367,18,0,0
BRDA:367,18,1,0
BRDA:371,19,0,0
BRDA:371,19,1,0
BRDA:375,20,0,0
BRDA:375,20,1,0
BRDA:383,21,0,0
BRDA:383,21,1,0
BRDA:402,22,0,0
BRDA:402,22,1,0
BRDA:413,23,0,0
BRDA:413,23,1,0
BRDA:432,24,0,0
BRDA:432,24,1,0
BRDA:443,25,0,0
BRDA:443,25,1,0
BRDA:450,26,0,0
BRDA:450,26,1,0
BRDA:472,27,0,0
BRDA:472,27,1,0
BRF:54
BRH:0
end_of_record
TN:
SF:/home/tally/Repositories/Tellor/tellorX/contracts/tellor3/TellorGetters.sol
FN:22,didMine
FN:36,didVote
FN:52,getAddressVars
FN:77,getAllDisputeVars
FN:121,getDisputeIdByDisputeHash
FN:137,getDisputeUintVars
FN:150,getLastNewValueById
FN:177,getMinedBlockNum
FN:191,getMinersByRequestIdAndTimestamp
FN:205,getNewValueCountbyRequestId
FN:218,getRequestIdByRequestQIndex
FN:231,getRequestQ
FN:244,getRequestUintVars
FN:258,getRequestVars
FN:276,getStakerInfo
FN:293,getSubmissionsByTimestamp
FN:307,getTimestampbyRequestIDandIndex
FN:322,getUintVar
FN:332,isInDispute
FN:346,retrieveData
FN:358,totalSupply
FN:365,name
FN:372,symbol
FN:379,decimals
FN:387,getNewCurrentVariables
FN:411,getNewVariablesOnDeck
FN:427,getTopRequestIDs
FNF:27
FNH:0
FNDA:0,didMine
FNDA:0,didVote
FNDA:0,getAddressVars
FNDA:0,getAllDisputeVars
FNDA:0,getDisputeIdByDisputeHash
FNDA:0,getDisputeUintVars
FNDA:0,getLastNewValueById
FNDA:0,getMinedBlockNum
FNDA:0,getMinersByRequestIdAndTimestamp
FNDA:0,getNewValueCountbyRequestId
FNDA:0,getRequestIdByRequestQIndex
FNDA:0,getRequestQ
FNDA:0,getRequestUintVars
FNDA:0,getRequestVars
FNDA:0,getStakerInfo
FNDA:0,getSubmissionsByTimestamp
FNDA:0,getTimestampbyRequestIDandIndex
FNDA:0,getUintVar
FNDA:0,isInDispute
FNDA:0,retrieveData
FNDA:0,totalSupply
FNDA:0,name
FNDA:0,symbol
FNDA:0,decimals
FNDA:0,getNewCurrentVariables
FNDA:0,getNewVariablesOnDeck
FNDA:0,getTopRequestIDs
DA:27,0
DA:41,0
DA:53,0
DA:92,0
DA:93,0
DA:126,0
DA:142,0
DA:155,0
DA:156,0
DA:157,0
DA:167,0
DA:182,0
DA:195,0
DA:210,0
DA:223,0
DA:224,0
DA:232,0
DA:249,0
DA:263,0
DA:264,0
DA:281,0
DA:298,0
DA:312,0
DA:323,0
DA:337,0
DA:351,0
DA:359,0
DA:366,0
DA:373,0
DA:380,0
DA:397,0
DA:398,0
DA:400,0
DA:416,0
DA:417,0
DA:418,0
DA:432,0
DA:433,0
DA:434,0
DA:435,0
DA:436,0
DA:437,0
DA:439,0
LF:43
LH:0
BRDA:156,1,0,0
BRDA:156,1,1,0
BRDA:223,2,0,0
BRDA:223,2,1,0
BRDA:436,3,0,0
BRDA:436,3,1,0
BRF:6
BRH:0
end_of_record
TN:
SF:/home/tally/Repositories/Tellor/tellorX/contracts/tellor3/TellorMaster.sol
FN:17,constructor
FN:55,changeDeity
FN:64,changeOwner
FN:73,changeTellorContract
FN:86,_delegate
FN:123,
FNF:6
FNH:0
FNDA:0,constructor
FNDA:0,changeDeity
FNDA:0,changeOwner
FNDA:0,changeTellorContract
FNDA:0,_delegate
FNDA:0,
DA:18,0
DA:19,0
DA:20,0
DA:21,0
DA:22,0
DA:23,0
DA:24,0
DA:25,0
DA:26,0
DA:27,0
DA:28,0
DA:29,0
DA:31,0
DA:32,0
DA:33,0
DA:34,0
DA:35,0
DA:38,0
DA:39,0
DA:40,0
DA:41,0
DA:44,0
DA:48,0
DA:56,0
DA:57,0
DA:65,0
DA:66,0
DA:74,0
DA:75,0
DA:77,0
DA:88,0
DA:124,0
DA:125,0
LF:33
LH:0
BRDA:56,1,0,0
BRDA:56,1,1,0
BRDA:65,2,0,0
BRDA:65,2,1,0
BRDA:74,3,0,0
BRDA:74,3,1,0
BRF:6
BRH:0
end_of_record
TN:
SF:/home/tally/Repositories/Tellor/tellorX/contracts/tellor3/TellorStake.sol
FN:47,beginDispute
FN:123,proposeFork
FN:157,unlockDisputeFee
FN:261,verify
FN:270,vote
FN:305,_updateLastId
FN:332,_verify
FNF:7
FNH:0
FNDA:0,beginDispute
FNDA:0,proposeFork
FNDA:0,unlockDisputeFee
FNDA:0,verify
FNDA:0,vote
FNDA:0,_updateLastId
FNDA:0,_verify
DA:52,0
DA:53,0
DA:54,0
DA:57,0
DA:58,0
DA:59,0
DA:62,0
DA:63,0
DA:65,0
DA:66,0
DA:67,0
DA:69,0
DA:70,0
DA:71,0
DA:73,0
DA:74,0
DA:75,0
DA:76,0
DA:80,0
DA:84,0
DA:87,0
DA:88,0
DA:89,0
DA:90,0
DA:91,0
DA:92,0
DA:93,0
DA:94,0
DA:96,0
DA:97,0
DA:98,0
DA:100,0
DA:104,0
DA:105,0
DA:106,0
DA:107,0
DA:111,0
DA:112,0
DA:113,0
DA:115,0
DA:116,0
DA:124,0
DA:125,0
DA:126,0
DA:127,0
DA:128,0
DA:129,0
DA:130,0
DA:131,0
DA:132,0
DA:136,0
DA:138,0
DA:139,0
DA:140,0
DA:142,0
DA:143,0
DA:144,0
DA:145,0
DA:146,0
DA:147,0
DA:148,0
DA:158,0
DA:159,0
DA:160,0
DA:168,0
DA:169,0
DA:171,0
DA:172,0
DA:174,0
DA:175,0
DA:176,0
DA:178,0
DA:179,0
DA:180,0
DA:181,0
DA:182,0
DA:186,0
DA:187,0
DA:188,0
DA:190,0
DA:192,0
DA:194,0
DA:195,0
DA:196,0
DA:198,0
DA:199,0
DA:200,0
DA:205,0
DA:207,0
DA:208,0
DA:211,0
DA:212,0
DA:214,0
DA:216,0
DA:223,0
DA:224,0
DA:226,0
DA:228,0
DA:230,0
DA:233,0
DA:234,0
DA:236,0
DA:237,0
DA:240,0
DA:241,0
DA:243,0
DA:250,0
DA:251,0
DA:252,0
DA:262,0
DA:271,0
DA:272,0
DA:273,0
DA:275,0
DA:277,0
DA:279,0
DA:281,0
DA:286,0
DA:288,0
DA:291,0
DA:292,0
DA:294,0
DA:297,0
DA:306,0
DA:307,0
DA:308,0
DA:311,0
DA:312,0
DA:314,0
DA:319,0
DA:320,0
DA:333,0
DA:337,0
LF:133
LH:0
BRDA:53,1,0,0
BRDA:53,1,1,0
BRDA:54,2,0,0
BRDA:54,2,1,0
BRDA:66,3,0,0
BRDA:66,3,1,0
BRDA:69,4,0,0
BRDA:69,4,1,0
BRDA:75,5,0,0
BRDA:75,5,1,0
BRDA:111,6,0,0
BRDA:111,6,1,0
BRDA:124,7,0,0
BRDA:124,7,1,0
BRDA:131,8,0,0
BRDA:131,8,1,0
BRDA:158,9,0,0
BRDA:158,9,1,0
BRDA:168,10,0,0
BRDA:168,10,1,0
BRDA:175,11,0,0
BRDA:175,11,1,0
BRDA:179,12,0,0
BRDA:179,12,1,0
BRDA:180,13,0,0
BRDA:180,13,1,0
BRDA:181,14,0,0
BRDA:181,14,1,0
BRDA:182,15,0,0
BRDA:182,15,1,0
BRDA:188,16,0,0
BRDA:188,16,1,0
BRDA:195,17,0,0
BRDA:195,17,1,0
BRDA:198,18,0,0
BRDA:198,18,1,0
BRDA:211,19,0,0
BRDA:211,19,1,0
BRDA:223,20,0,0
BRDA:223,20,1,0
BRDA:228,21,0,0
BRDA:228,21,1,0
BRDA:233,22,0,0
BRDA:233,22,1,0
BRDA:240,23,0,0
BRDA:240,23,1,0
BRDA:251,24,0,0
BRDA:251,24,1,0
BRDA:271,25,0,0
BRDA:271,25,1,0
BRDA:273,26,0,0
BRDA:273,26,1,0
BRDA:277,27,0,0
BRDA:277,27,1,0
BRDA:279,28,0,0
BRDA:279,28,1,0
BRDA:281,29,0,0
BRDA:281,29,1,0
BRDA:291,30,0,0
BRDA:291,30,1,0
BRDA:311,31,0,0
BRDA:311,31,1,0
BRDA:314,32,0,0
BRDA:314,32,1,0
BRDA:319,33,0,0
BRDA:319,33,1,0
BRDA:320,34,0,0
BRDA:320,34,1,0
BRDA:337,35,0,0
BRDA:337,35,1,0
BRF:70
BRH:0
end_of_record
TN:
SF:/home/tally/Repositories/Tellor/tellorX/contracts/tellor3/TellorStorage.sol
FNF:0
FNH:0
LF:0
LH:0
BRF:0
BRH:0
end_of_record
TN:
SF:/home/tally/Repositories/Tellor/tellorX/contracts/tellor3/TellorTransfer.sol
FN:32,allowance
FN:47,allowedToTrade
FN:71,approve
FN:84,balanceOf
FN:94,balanceOfAt
FN:129,transfer
FN:144,transferFrom
FN:166,_doTransfer
FN:194,_doMint
FN:218,_doBurn
FN:243,_updateBalanceAtNow
FNF:11
FNH:0
FNDA:0,allowance
FNDA:0,allowedToTrade
FNDA:0,approve
FNDA:0,balanceOf
FNDA:0,balanceOfAt
FNDA:0,transfer
FNDA:0,transferFrom
FNDA:0,_doTransfer
FNDA:0,_doMint
FNDA:0,_doBurn
FNDA:0,_updateBalanceAtNow
DA:37,0
DA:52,0
DA:57,0
DA:58,0
DA:60,0
DA:62,0
DA:72,0
DA:74,0
DA:75,0
DA:76,0
DA:85,0
DA:99,0
DA:100,0
DA:103,0
DA:105,0
DA:106,0
DA:108,0
DA:109,0
DA:110,0
DA:111,0
DA:112,0
DA:113,0
DA:115,0
DA:117,0
DA:120,0
DA:133,0
DA:134,0
DA:149,0
DA:153,0
DA:154,0
DA:155,0
DA:171,0
DA:172,0
DA:173,0
DA:177,0
DA:178,0
DA:179,0
DA:180,0
DA:181,0
DA:185,0
DA:186,0
DA:195,0
DA:196,0
DA:197,0
DA:198,0
DA:199,0
DA:203,0
DA:204,0
DA:208,0
DA:209,0
DA:210,0
DA:219,0
DA:220,0
DA:224,0
DA:225,0
DA:226,0
DA:230,0
DA:231,0
DA:235,0
DA:236,0
DA:244,0
DA:245,0
DA:249,0
DA:256,0
DA:258,0
LF:65
LH:0
BRDA:52,1,0,0
BRDA:52,1,1,0
BRDA:57,2,0,0
BRDA:57,2,1,0
BRDA:72,3,0,0
BRDA:72,3,1,0
BRDA:100,4,0,0
BRDA:100,4,1,0
BRDA:105,5,0,0
BRDA:105,5,1,0
BRDA:112,6,0,0
BRDA:112,6,1,0
BRDA:114,7,0,0
BRDA:114,7,1,0
BRDA:149,8,0,0
BRDA:149,8,1,0
BRDA:171,9,0,0
BRDA:171,9,1,0
BRDA:172,10,0,0
BRDA:172,10,1,0
BRDA:173,11,0,0
BRDA:173,11,1,0
BRDA:181,12,0,0
BRDA:181,12,1,0
BRDA:195,13,0,0
BRDA:195,13,1,0
BRDA:196,14,0,0
BRDA:196,14,1,0
BRDA:199,15,0,0
BRDA:199,15,1,0
BRDA:204,16,0,0
BRDA:204,16,1,0
BRDA:219,17,0,0
BRDA:219,17,1,0
BRDA:220,18,0,0
BRDA:220,18,1,0
BRDA:226,19,0,0
BRDA:226,19,1,0
BRDA:231,20,0,0
BRDA:231,20,1,0
BRDA:245,21,0,0
BRDA:245,21,1,0
BRF:42
BRH:0
end_of_record
TN:
SF:/home/tally/Repositories/Tellor/tellorX/contracts/tellor3/TellorVariables.sol
FNF:0
FNH:0
LF:0
LH:0
BRF:0
BRH:0
end_of_record
TN:
SF:/home/tally/Repositories/Tellor/tellorX/contracts/tellor3/Utilities.sol
FN:16,_getMax5
FNF:1
FNH:0
FNDA:0,_getMax5
DA:21,0
DA:22,0
DA:23,0
DA:24,0
DA:25,0
DA:26,0
DA:27,0
DA:28,0
DA:31,0
DA:32,0
DA:33,0
DA:34,0
DA:35,0
DA:36,0
DA:37,0
DA:38,0
DA:39,0
LF:17
LH:0
BRDA:26,1,0,0
BRDA:26,1,1,0
BRDA:32,2,0,0
BRDA:32,2,1,0
BRDA:37,3,0,0
BRDA:37,3,1,0
BRF:6
BRH:0
end_of_record
TN:
SF:/home/tally/Repositories/Tellor/tellorX/contracts/TellorStaking.sol
FN:13,changeStakingStatus
FN:19,depositStake
FN:40,requestStakingWithdraw
FN:50,slashMiner
FN:63,withdrawStake
FN:77,getStakerInfo
FNF:6
FNH:0
FNDA:0,changeStakingStatus
FNDA:0,depositStake
FNDA:0,requestStakingWithdraw
FNDA:0,slashMiner
FNDA:0,withdrawStake
FNDA:0,getStakerInfo
DA:14,0
DA:15,0
DA:16,0
DA:20,0
DA:26,0
DA:31,0
DA:32,0
DA:36,0
DA:37,0
DA:41,0
DA:42,0
DA:43,0
DA:44,0
DA:45,0
DA:46,0
DA:47,0
DA:52,0
DA:53,0
DA:54,0
DA:55,0
DA:59,0
DA:64,0
DA:65,0
DA:66,0
DA:67,0
DA:68,0
DA:78,0
LF:27
LH:0
BRDA:14,1,0,0
BRDA:14,1,1,0
BRDA:20,2,0,0
BRDA:20,2,1,0
BRDA:26,3,0,0
BRDA:26,3,1,0
BRDA:42,4,0,0
BRDA:42,4,1,0
BRDA:52,5,0,0
BRDA:52,5,1,0
BRDA:54,6,0,0
BRDA:54,6,1,0
BRDA:58,7,0,0
BRDA:58,7,1,0
BRDA:65,8,0,0
BRDA:65,8,1,0
BRDA:66,9,0,0
BRDA:66,9,1,0
BRF:18
BRH:0
end_of_record
TN:
SF:/home/tally/Repositories/Tellor/tellorX/contracts/TellorVars.sol
FNF:0
FNH:0
LF:0
LH:0
BRF:0
BRH:0
end_of_record
TN:
SF:/home/tally/Repositories/Tellor/tellorX/contracts/testing/TestController.sol
FN:13,changeAddressVar
FN:17,sliceUintTest
FNF:2
FNH:0
FNDA:0,changeAddressVar
FNDA:0,sliceUintTest
DA:10,0
DA:14,0
DA:18,0
LF:3
LH:0
BRF:0
BRH:0
end_of_record
TN:
SF:/home/tally/Repositories/Tellor/tellorX/contracts/testing/TestGovernance.sol
FN:11,
FN:15,testMin
FNF:2
FNH:0
FNDA:0,
FNDA:0,testMin
DA:8,0
DA:12,0
DA:16,0
LF:3
LH:0
BRF:0
BRH:0
end_of_record
TN:
SF:/home/tally/Repositories/Tellor/tellorX/contracts/testing/TestToken.sol
FN:10,mint
FNF:1
FNH:0
FNDA:0,mint
DA:8,0
DA:11,0
LF:2
LH:0
BRF:0
BRH:0
end_of_record
TN:
SF:/home/tally/Repositories/Tellor/tellorX/contracts/Token.sol
FN:29,allowance
FN:44,allowedToTrade
FN:68,approve
FN:77,approveAndTransferFrom
FN:90,balanceOf
FN:100,balanceOfAt
FN:130,burn
FN:139,transfer
FN:154,transferFrom
FN:176,_doTransfer
FN:204,_doMint
FN:228,_doBurn
FN:253,_updateBalanceAtNow
FNF:13
FNH:0
FNDA:0,allowance
FNDA:0,allowedToTrade
FNDA:0,approve
FNDA:0,approveAndTransferFrom
FNDA:0,balanceOf
FNDA:0,balanceOfAt
FNDA:0,burn
FNDA:0,transfer
FNDA:0,transferFrom
FNDA:0,_doTransfer
FNDA:0,_doMint
FNDA:0,_doBurn
FNDA:0,_updateBalanceAtNow
DA:34,0
DA:49,0
DA:54,0
DA:55,0
DA:57,0
DA:59,0
DA:69,0
DA:71,0
DA:72,0
DA:73,0
DA:78,0
DA:81,0
DA:82,0
DA:91,0
DA:105,0
DA:106,0
DA:109,0
DA:111,0
DA:112,0
DA:114,0
DA:115,0
DA:116,0
DA:117,0
DA:118,0
DA:119,0
DA:121,0
DA:123,0
DA:126,0
DA:131,0
DA:143,0
DA:144,0
DA:159,0
DA:163,0
DA:164,0
DA:165,0
DA:181,0
DA:182,0
DA:183,0
DA:187,0
DA:188,0
DA:189,0
DA:190,0
DA:191,0
DA:195,0
DA:196,0
DA:205,0
DA:206,0
DA:207,0
DA:208,0
DA:209,0
DA:213,0
DA:214,0
DA:218,0
DA:219,0
DA:220,0
DA:229,0
DA:230,0
DA:234,0
DA:235,0
DA:236,0
DA:240,0
DA:241,0
DA:245,0
DA:246,0
DA:254,0
DA:255,0
DA:259,0
DA:266,0
DA:268,0
LF:69
LH:0
BRDA:49,1,0,0
BRDA:49,1,1,0
BRDA:54,2,0,0
BRDA:54,2,1,0
BRDA:69,3,0,0
BRDA:69,3,1,0
BRDA:78,4,0,0
BRDA:78,4,1,0
BRDA:106,5,0,0
BRDA:106,5,1,0
BRDA:111,6,0,0
BRDA:111,6,1,0
BRDA:118,7,0,0
BRDA:118,7,1,0
BRDA:120,8,0,0
BRDA:120,8,1,0
BRDA:159,9,0,0
BRDA:159,9,1,0
BRDA:181,10,0,0
BRDA:181,10,1,0
BRDA:182,11,0,0
BRDA:182,11,1,0
BRDA:183,12,0,0
BRDA:183,12,1,0
BRDA:191,13,0,0
BRDA:191,13,1,0
BRDA:205,14,0,0
BRDA:205,14,1,0
BRDA:206,15,0,0
BRDA:206,15,1,0
BRDA:209,16,0,0
BRDA:209,16,1,0
BRDA:214,17,0,0
BRDA:214,17,1,0
BRDA:229,18,0,0
BRDA:229,18,1,0
BRDA:230,19,0,0
BRDA:230,19,1,0
BRDA:236,20,0,0
BRDA:236,20,1,0
BRDA:241,21,0,0
BRDA:241,21,1,0
BRDA:255,22,0,0
BRDA:255,22,1,0
BRF:44
BRH:0
end_of_record
TN:
SF:/home/tally/Repositories/Tellor/tellorX/contracts/Transition.sol
FN:14,init
FN:26,getLastNewValueById
FN:66,getNewValueCountbyRequestId
FN:87,getTimestampbyRequestIDandIndex
FN:106,retrieveData
FN:121,decimals
FN:133,getAddressVars
FN:144,getUintVar
FN:151,name
FN:158,symbol
FN:166,totalSupply
FN:175,isMigrated
FN:183,getNewCurrentVariables
FN:193,
FN:218,_sliceUint
FNF:15
FNH:0
FNDA:0,init
FNDA:0,getLastNewValueById
FNDA:0,getNewValueCountbyRequestId
FNDA:0,getTimestampbyRequestIDandIndex
FNDA:0,retrieveData
FNDA:0,decimals
FNDA:0,getAddressVars
FNDA:0,getUintVar
FNDA:0,name
FNDA:0,symbol
FNDA:0,totalSupply
FNDA:0,isMigrated
FNDA:0,getNewCurrentVariables
FNDA:0,
FNDA:0,_sliceUint
DA:16,0
DA:17,0
DA:18,0
DA:19,0
DA:20,0
DA:21,0
DA:22,0
DA:32,0
DA:33,0
DA:34,0
DA:42,0
DA:43,0
DA:44,0
DA:54,0
DA:72,0
DA:73,0
DA:74,0
DA:77,0
DA:92,0
DA:93,0
DA:96,0
DA:111,0
DA:112,0
DA:114,0
DA:122,0
DA:134,0
DA:145,0
DA:152,0
DA:159,0
DA:167,0
DA:176,0
DA:184,0
DA:185,0
DA:186,0
DA:187,0
DA:194,0
DA:195,0
DA:196,0
DA:197,0
DA:199,0
DA:203,0
DA:204,0
DA:219,0
DA:220,0
DA:221,0
DA:223,0
LF:46
LH:0
BRDA:16,1,0,0
BRDA:16,1,1,0
BRDA:17,2,0,0
BRDA:17,2,1,0
BRDA:33,3,0,0
BRDA:33,3,1,0
BRDA:43,4,0,0
BRDA:43,4,1,0
BRDA:73,5,0,0
BRDA:73,5,1,0
BRDA:111,6,0,0
BRDA:111,6,1,0
BRDA:199,7,0,0
BRDA:199,7,1,0
BRF:14
BRH:0
end_of_record
TN:
SF:/home/tally/Repositories/Tellor/tellorX/contracts/Treasury.sol
FN:53,buyTreasury
FN:75,delegateVotingPower
FN:87,issueTreasury
FN:105,payTreasury
FN:170,getTreasuryAccount
FN:182,getTreasuryCount
FN:186,getTreasuryDetails
FN:195,getTreasuryFundsByUser
FN:204,getTreasuryOwners
FN:211,verify
FN:221,wasPaid
FNF:11
FNH:0
FNDA:0,buyTreasury
FNDA:0,delegateVotingPower
FNDA:0,issueTreasury
FNDA:0,payTreasury
FNDA:0,getTreasuryAccount
FNDA:0,getTreasuryCount
FNDA:0,getTreasuryDetails
FNDA:0,getTreasuryFundsByUser
FNDA:0,getTreasuryOwners
FNDA:0,verify
FNDA:0,wasPaid
DA:55,0
DA:56,0
DA:58,0
DA:59,0
DA:61,0
DA:62,0
DA:63,0
DA:64,0
DA:65,0
DA:66,0
DA:67,0
DA:76,0
DA:77,0
DA:88,0
DA:90,0
DA:91,0
DA:92,0
DA:93,0
DA:94,0
DA:95,0
DA:96,0
DA:107,0
DA:108,0
DA:109,0
DA:110,0
DA:112,0
DA:113,0
DA:114,0
DA:116,0
DA:117,0
DA:118,0
DA:119,0
DA:120,0
DA:121,0
DA:122,0
DA:123,0
DA:127,0
DA:128,0
DA:131,0
DA:132,0
DA:137,0
DA:138,0
DA:139,0
DA:141,0
DA:145,0
DA:146,0
DA:147,0
DA:149,0
DA:150,0
DA:153,0
DA:154,0
DA:155,0
DA:156,0
DA:157,0
DA:171,0
DA:183,0
DA:187,0
DA:196,0
DA:205,0
DA:212,0
DA:222,0
LF:61
LH:0
BRDA:55,1,0,0
BRDA:55,1,1,0
BRDA:59,2,0,0
BRDA:59,2,1,0
BRDA:76,3,0,0
BRDA:76,3,1,0
BRDA:88,4,0,0
BRDA:88,4,1,0
BRDA:108,5,0,0
BRDA:108,5,1,0
BRDA:109,6,0,0
BRDA:109,6,1,0
BRDA:110,7,0,0
BRDA:110,7,1,0
BRDA:116,8,0,0
BRDA:116,8,1,0
BRDA:118,9,0,0
BRDA:118,9,1,0
BRDA:122,10,0,0
BRDA:122,10,1,0
BRDA:131,11,0,0
BRDA:131,11,1,0
BRDA:138,12,0,0
BRDA:138,12,1,0
BRDA:146,13,0,0
BRDA:146,13,1,0
BRDA:149,14,0,0
BRDA:149,14,1,0
BRF:28
BRH:0
end_of_record
