TN:
SF:/Users/tallywiesenberg/Repositories/Tellor/tellorX/contracts/Controller.sol
FN:21,constructor
FN:28,changeControllerContract
FN:45,changeGovernanceContract
FN:59,changeOracleContract
FN:73,changeTreasuryContract
FN:88,changeUint
FN:99,migrate
FN:114,mint
FN:126,verify
FN:136,_isValid
FNF:10
FNH:0
FNDA:0,constructor
FNDA:0,changeControllerContract
FNDA:0,changeGovernanceContract
FNDA:0,changeOracleContract
FNDA:0,changeTreasuryContract
FNDA:0,changeUint
FNDA:0,migrate
FNDA:0,mint
FNDA:0,verify
FNDA:0,_isValid
DA:29,0
DA:33,0
DA:34,0
DA:35,0
DA:46,0
DA:50,0
DA:51,0
DA:60,0
DA:64,0
DA:65,0
DA:74,0
DA:78,0
DA:79,0
DA:89,0
DA:93,0
DA:100,0
DA:101,0
DA:105,0
DA:115,0
DA:120,0
DA:127,0
DA:137,0
DA:140,0
DA:144,0
LF:24
LH:0
BRDA:29,1,0,0
BRDA:29,1,1,0
BRDA:33,2,0,0
BRDA:33,2,1,0
BRDA:46,3,0,0
BRDA:46,3,1,0
BRDA:50,4,0,0
BRDA:50,4,1,0
BRDA:60,5,0,0
BRDA:60,5,1,0
BRDA:64,6,0,0
BRDA:64,6,1,0
BRDA:74,7,0,0
BRDA:74,7,1,0
BRDA:78,8,0,0
BRDA:78,8,1,0
BRDA:89,9,0,0
BRDA:89,9,1,0
BRDA:100,10,0,0
BRDA:100,10,1,0
BRDA:115,11,0,0
BRDA:115,11,1,0
BRDA:140,12,0,0
BRDA:140,12,1,0
BRF:24
BRH:0
end_of_record
TN:
SF:/Users/tallywiesenberg/Repositories/Tellor/tellorX/contracts/Getters.sol
FN:23,getNewValueCountbyQueryId
FN:39,getTimestampbyQueryIdandIndex
FN:58,retrieveData
FNF:3
FNH:0
FNDA:0,getNewValueCountbyQueryId
FNDA:0,getTimestampbyQueryIdandIndex
FNDA:0,retrieveData
DA:28,0
DA:44,0
DA:63,0
LF:3
LH:0
BRF:0
BRH:0
end_of_record
TN:
SF:/Users/tallywiesenberg/Repositories/Tellor/tellorX/contracts/Governance.sol
FN:89,constructor
FN:115,beginDispute
FN:208,delegate
FN:238,delegateOfAt
FN:274,executeVote
FN:386,proposeVote
FN:452,setApprovedFunction
FN:465,tallyVotes
FN:522,updateMinDisputeFee
FN:549,vote
FN:568,voteFor
FN:591,didVote
FN:601,getDelegateInfo
FN:625,getDisputeInfo
FN:644,getOpenDisputesOnId
FN:652,getVoteCount
FN:667,getVoteInfo
FN:706,getVoteRounds
FN:718,isApprovedGovernanceContract
FN:736,isFunctionApproved
FN:743,verify
FN:756,_vote
FNF:22
FNH:0
FNDA:0,constructor
FNDA:0,beginDispute
FNDA:0,delegate
FNDA:0,delegateOfAt
FNDA:0,executeVote
FNDA:0,proposeVote
FNDA:0,setApprovedFunction
FNDA:0,tallyVotes
FNDA:0,updateMinDisputeFee
FNDA:0,vote
FNDA:0,voteFor
FNDA:0,didVote
FNDA:0,getDelegateInfo
FNDA:0,getDisputeInfo
FNDA:0,getOpenDisputesOnId
FNDA:0,getVoteCount
FNDA:0,getVoteInfo
FNDA:0,getVoteRounds
FNDA:0,isApprovedGovernanceContract
FNDA:0,isFunctionApproved
FNDA:0,verify
FNDA:0,_vote
DA:90,0
DA:104,0
DA:105,0
DA:107,0
DA:117,0
DA:120,0
DA:127,0
DA:131,0
DA:133,0
DA:134,0
DA:135,0
DA:137,0
DA:138,0
DA:139,0
DA:144,0
DA:148,0
DA:151,0
DA:152,0
DA:154,0
DA:155,0
DA:156,0
DA:160,0
DA:162,0
DA:163,0
DA:164,0
DA:165,0
DA:166,0
DA:167,0
DA:169,0
DA:170,0
DA:171,0
DA:172,0
DA:174,0
DA:176,0
DA:177,0
DA:186,0
DA:187,0
DA:190,0
DA:191,0
DA:194,0
DA:198,0
DA:200,0
DA:201,0
DA:209,0
DA:211,0
DA:216,0
DA:224,0
DA:227,0
DA:229,0
DA:243,0
DA:245,0
DA:248,0
DA:250,0
DA:251,0
DA:253,0
DA:254,0
DA:255,0
DA:256,0
DA:257,0
DA:258,0
DA:260,0
DA:262,0
DA:265,0
DA:276,0
DA:277,0
DA:278,0
DA:279,0
DA:281,0
DA:285,0
DA:290,0
DA:291,0
DA:293,0
DA:294,0
DA:295,0
DA:296,0
DA:297,0
DA:301,0
DA:303,0
DA:304,0
DA:308,0
DA:310,0
DA:311,0
DA:312,0
DA:313,0
DA:315,0
DA:320,0
DA:321,0
DA:323,0
DA:324,0
DA:329,0
DA:333,0
DA:338,0
DA:339,0
DA:340,0
DA:342,0
DA:345,0
DA:349,0
DA:352,0
DA:353,0
DA:358,0
DA:359,0
DA:360,0
DA:362,0
DA:366,0
DA:369,0
DA:373,0
DA:375,0
DA:393,0
DA:394,0
DA:395,0
DA:396,0
DA:397,0
DA:400,0
DA:403,0
DA:405,0
DA:406,0
DA:407,0
DA:413,0
DA:414,0
DA:423,0
DA:424,0
DA:425,0
DA:426,0
DA:427,0
DA:428,0
DA:429,0
DA:430,0
DA:431,0
DA:433,0
DA:443,0
DA:444,0
DA:453,0
DA:458,0
DA:467,0
DA:468,0
DA:469,0
DA:471,0
DA:472,0
DA:473,0
DA:474,0
DA:475,0
DA:478,0
DA:483,0
DA:488,0
DA:491,0
DA:496,0
DA:497,0
DA:499,0
DA:502,0
DA:503,0
DA:512,0
DA:514,0
DA:515,0
DA:523,0
DA:524,0
DA:525,0
DA:526,0
DA:529,0
DA:531,0
DA:532,0
DA:536,0
DA:537,0
DA:539,0
DA:554,0
DA:558,0
DA:574,0
DA:575,0
DA:580,0
DA:592,0
DA:606,0
DA:607,0
DA:613,0
DA:635,0
DA:636,0
DA:645,0
DA:653,0
DA:680,0
DA:681,0
DA:711,0
DA:722,0
DA:725,0
DA:727,0
DA:737,0
DA:744,0
DA:763,0
DA:764,0
DA:765,0
DA:766,0
DA:767,0
DA:771,0
DA:772,0
DA:776,0
DA:777,0
DA:778,0
DA:780,0
DA:781,0
DA:782,0
DA:783,0
DA:785,0
DA:786,0
DA:787,0
DA:789,0
DA:791,0
DA:793,0
LF:204
LH:0
BRDA:120,1,0,0
BRDA:120,1,1,0
BRDA:137,2,0,0
BRDA:137,2,1,0
BRDA:139,3,0,0
BRDA:139,3,1,0
BRDA:144,4,0,0
BRDA:144,4,1,0
BRDA:170,5,0,0
BRDA:170,5,1,0
BRDA:177,6,0,0
BRDA:177,6,1,0
BRDA:190,7,0,0
BRDA:190,7,1,0
BRDA:211,8,0,0
BRDA:211,8,1,0
BRDA:245,9,0,0
BRDA:245,9,1,0
BRDA:250,10,0,0
BRDA:250,10,1,0
BRDA:257,11,0,0
BRDA:257,11,1,0
BRDA:259,12,0,0
BRDA:259,12,1,0
BRDA:277,13,0,0
BRDA:277,13,1,0
BRDA:278,14,0,0
BRDA:278,14,1,0
BRDA:279,15,0,0
BRDA:279,15,1,0
BRDA:281,16,0,0
BRDA:281,16,1,0
BRDA:285,17,0,0
BRDA:285,17,1,0
BRDA:291,18,0,0
BRDA:291,18,1,0
BRDA:293,19,0,0
BRDA:293,19,1,0
BRDA:304,20,0,0
BRDA:304,20,1,0
BRDA:313,21,0,0
BRDA:313,21,1,0
BRDA:323,22,0,0
BRDA:323,22,1,0
BRDA:331,23,0,0
BRDA:331,23,1,0
BRDA:350,24,0,0
BRDA:350,24,1,0
BRDA:396,25,0,0
BRDA:396,25,1,0
BRDA:405,26,0,0
BRDA:405,26,1,0
BRDA:407,27,0,0
BRDA:407,27,1,0
BRDA:414,28,0,0
BRDA:414,28,1,0
BRDA:433,29,0,0
BRDA:433,29,1,0
BRDA:443,30,0,0
BRDA:443,30,1,0
BRDA:453,31,0,0
BRDA:453,31,1,0
BRDA:468,32,0,0
BRDA:468,32,1,0
BRDA:469,33,0,0
BRDA:469,33,1,0
BRDA:473,34,0,0
BRDA:473,34,1,0
BRDA:478,35,0,0
BRDA:478,35,1,0
BRDA:483,36,0,0
BRDA:483,36,1,0
BRDA:489,37,0,0
BRDA:489,37,1,0
BRDA:491,38,0,0
BRDA:491,38,1,0
BRDA:502,39,0,0
BRDA:502,39,1,0
BRDA:531,40,0,0
BRDA:531,40,1,0
BRDA:536,41,0,0
BRDA:536,41,1,0
BRDA:554,42,0,0
BRDA:554,42,1,0
BRDA:575,43,0,0
BRDA:575,43,1,0
BRDA:606,44,0,0
BRDA:606,44,1,0
BRDA:722,45,0,0
BRDA:722,45,1,0
BRDA:763,46,0,0
BRDA:763,46,1,0
BRDA:765,47,0,0
BRDA:765,47,1,0
BRDA:781,48,0,0
BRDA:781,48,1,0
BRDA:782,49,0,0
BRDA:782,49,1,0
BRDA:783,50,0,0
BRDA:783,50,1,0
BRDA:786,51,0,0
BRDA:786,51,1,0
BRDA:788,52,0,0
BRDA:788,52,1,0
BRF:104
BRH:0
end_of_record
TN:
SF:/Users/tallywiesenberg/Repositories/Tellor/tellorX/contracts/interfaces/IController.sol
FNF:0
FNH:0
LF:0
LH:0
BRF:0
BRH:0
end_of_record
TN:
SF:/Users/tallywiesenberg/Repositories/Tellor/tellorX/contracts/interfaces/IGovernance.sol
FNF:0
FNH:0
LF:0
LH:0
BRF:0
BRH:0
end_of_record
TN:
SF:/Users/tallywiesenberg/Repositories/Tellor/tellorX/contracts/interfaces/IOracle.sol
FNF:0
FNH:0
LF:0
LH:0
BRF:0
BRH:0
end_of_record
TN:
SF:/Users/tallywiesenberg/Repositories/Tellor/tellorX/contracts/interfaces/ITellor.sol
FNF:0
FNH:0
LF:0
LH:0
BRF:0
BRH:0
end_of_record
TN:
SF:/Users/tallywiesenberg/Repositories/Tellor/tellorX/contracts/interfaces/ITreasury.sol
FNF:0
FNH:0
LF:0
LH:0
BRF:0
BRH:0
end_of_record
TN:
SF:/Users/tallywiesenberg/Repositories/Tellor/tellorX/contracts/Oracle.sol
FN:51,changeMiningLock
FN:67,changeTimeBasedReward
FN:83,removeValue
FN:110,submitValue
FN:175,tipQuery
FN:214,getBlockNumberByTimestamp
FN:227,getCurrentReward
FN:246,getCurrentValue
FN:253,getMiningLock
FN:263,getReporterByTimestamp
FN:276,getReportsSubmittedByAddress
FN:290,getReportTimestampByIndex
FN:302,getTimeBasedReward
FN:311,getTimestampCountById
FN:324,getTimeOfLastNewValue
FN:334,getTimestampIndexByTimestamp
FN:347,getTipsById
FN:356,getTipsByUser
FN:366,getValueByTimestamp
FN:377,verify
FNF:20
FNH:0
FNDA:0,changeMiningLock
FNDA:0,changeTimeBasedReward
FNDA:0,removeValue
FNDA:0,submitValue
FNDA:0,tipQuery
FNDA:0,getBlockNumberByTimestamp
FNDA:0,getCurrentReward
FNDA:0,getCurrentValue
FNDA:0,getMiningLock
FNDA:0,getReporterByTimestamp
FNDA:0,getReportsSubmittedByAddress
FNDA:0,getReportTimestampByIndex
FNDA:0,getTimeBasedReward
FNDA:0,getTimestampCountById
FNDA:0,getTimeOfLastNewValue
FNDA:0,getTimestampIndexByTimestamp
FNDA:0,getTipsById
FNDA:0,getTipsByUser
FNDA:0,getValueByTimestamp
FNDA:0,verify
DA:52,0
DA:57,0
DA:58,0
DA:59,0
DA:68,0
DA:73,0
DA:74,0
DA:84,0
DA:91,0
DA:92,0
DA:94,0
DA:95,0
DA:96,0
DA:99,0
DA:100,0
DA:101,0
DA:102,0
DA:116,0
DA:117,0
DA:122,0
DA:126,0
DA:130,0
DA:135,0
DA:136,0
DA:138,0
DA:139,0
DA:141,0
DA:146,0
DA:151,0
DA:152,0
DA:153,0
DA:154,0
DA:155,0
DA:157,0
DA:158,0
DA:159,0
DA:160,0
DA:162,0
DA:164,0
DA:165,0
DA:166,0
DA:181,0
DA:182,0
DA:190,0
DA:198,0
DA:199,0
DA:201,0
DA:202,0
DA:203,0
DA:204,0
DA:219,0
DA:232,0
DA:233,0
DA:234,0
DA:235,0
DA:236,0
DA:238,0
DA:247,0
DA:254,0
DA:268,0
DA:281,0
DA:295,0
DA:303,0
DA:316,0
DA:325,0
DA:339,0
DA:348,0
DA:357,0
DA:371,0
DA:378,0
LF:70
LH:0
BRDA:52,1,0,0
BRDA:52,1,1,0
BRDA:57,2,0,0
BRDA:57,2,1,0
BRDA:68,3,0,0
BRDA:68,3,1,0
BRDA:84,4,0,0
BRDA:84,4,1,0
BRDA:117,5,0,0
BRDA:117,5,1,0
BRDA:122,6,0,0
BRDA:122,6,1,0
BRDA:126,7,0,0
BRDA:126,7,1,0
BRDA:130,8,0,0
BRDA:130,8,1,0
BRDA:139,9,0,0
BRDA:139,9,1,0
BRDA:141,10,0,0
BRDA:141,10,1,0
BRDA:146,11,0,0
BRDA:146,11,1,0
BRDA:159,12,0,0
BRDA:159,12,1,0
BRDA:181,13,0,0
BRDA:181,13,1,0
BRDA:182,14,0,0
BRDA:182,14,1,0
BRDA:190,15,0,0
BRDA:190,15,1,0
BRDA:235,16,0,0
BRDA:235,16,1,0
BRF:32
BRH:0
end_of_record
TN:
SF:/Users/tallywiesenberg/Repositories/Tellor/tellorX/contracts/tellor3/Extension.sol
FN:35,depositStake
FN:45,requestStakingWithdraw
FN:65,tallyVotes
FN:110,updateMinDisputeFee
FN:128,updateTellor
FN:165,withdrawStake
FN:188,_newStake
FNF:7
FNH:0
FNDA:0,depositStake
FNDA:0,requestStakingWithdraw
FNDA:0,tallyVotes
FNDA:0,updateMinDisputeFee
FNDA:0,updateTellor
FNDA:0,withdrawStake
FNDA:0,_newStake
DA:36,0
DA:37,0
DA:46,0
DA:48,0
DA:50,0
DA:53,0
DA:55,0
DA:57,0
DA:58,0
DA:66,0
DA:68,0
DA:70,0
DA:75,0
DA:79,0
DA:80,0
DA:82,0
DA:84,0
DA:86,0
DA:88,0
DA:89,0
DA:92,0
DA:95,0
DA:96,0
DA:97,0
DA:111,0
DA:112,0
DA:113,0
DA:129,0
DA:130,0
DA:132,0
DA:140,0
DA:141,0
DA:142,0
DA:146,0
DA:147,0
DA:148,0
DA:152,0
DA:153,0
DA:154,0
DA:155,0
DA:158,0
DA:166,0
DA:169,0
DA:174,0
DA:178,0
DA:179,0
DA:189,0
DA:196,0
DA:201,0
DA:202,0
DA:206,0
LF:51
LH:0
BRDA:48,1,0,0
BRDA:48,1,1,0
BRDA:68,2,0,0
BRDA:68,2,1,0
BRDA:70,3,0,0
BRDA:70,3,1,0
BRDA:75,4,0,0
BRDA:75,4,1,0
BRDA:80,5,0,0
BRDA:80,5,1,0
BRDA:82,6,0,0
BRDA:82,6,1,0
BRDA:88,7,0,0
BRDA:88,7,1,0
BRDA:91,8,0,0
BRDA:91,8,1,0
BRDA:141,9,0,0
BRDA:141,9,1,0
BRDA:142,10,0,0
BRDA:142,10,1,0
BRDA:146,11,0,0
BRDA:146,11,1,0
BRDA:147,12,0,0
BRDA:147,12,1,0
BRDA:148,13,0,0
BRDA:148,13,1,0
BRDA:169,14,0,0
BRDA:169,14,1,0
BRDA:174,15,0,0
BRDA:174,15,1,0
BRDA:189,16,0,0
BRDA:189,16,1,0
BRDA:196,17,0,0
BRDA:196,17,1,0
BRF:34
BRH:0
end_of_record
TN:
SF:/Users/tallywiesenberg/Repositories/Tellor/tellorX/contracts/tellor3/ITellor.sol
FNF:0
FNH:0
LF:0
LH:0
BRF:0
BRH:0
end_of_record
TN:
SF:/Users/tallywiesenberg/Repositories/Tellor/tellorX/contracts/tellor3/Mocks/TellorTest.sol
FN:14,constructor
FN:18,theLazyCoon
FN:24,testSubmitMiningSolution
FN:39,manuallySetDifficulty
FN:43,bumpVersion
FN:47,verify
FNF:6
FNH:0
FNDA:0,constructor
FNDA:0,theLazyCoon
FNDA:0,testSubmitMiningSolution
FNDA:0,manuallySetDifficulty
FNDA:0,bumpVersion
FNDA:0,verify
DA:19,0
DA:20,0
DA:29,0
DA:30,0
DA:35,0
DA:40,0
DA:44,0
DA:48,0
LF:8
LH:0
BRDA:30,1,0,0
BRDA:30,1,1,0
BRF:2
BRH:0
end_of_record
TN:
SF:/Users/tallywiesenberg/Repositories/Tellor/tellorX/contracts/tellor3/Mocks/UtilitiesTest.sol
FN:18,constructor
FN:26,testgetMax5
FN:34,testGetMin
FNF:3
FNH:0
FNDA:0,constructor
FNDA:0,testgetMax5
FNDA:0,testGetMin
DA:31,0
DA:36,0
LF:2
LH:0
BRF:0
BRH:0
end_of_record
TN:
SF:/Users/tallywiesenberg/Repositories/Tellor/tellorX/contracts/tellor3/SafeMath.sol
FN:10,add
FN:16,add
FN:26,max
FN:30,max
FN:34,min
FN:38,mul
FN:44,sub
FN:49,sub
FNF:8
FNH:0
FNDA:0,add
FNDA:0,add
FNDA:0,max
FNDA:0,max
FNDA:0,min
FNDA:0,mul
FNDA:0,sub
FNDA:0,sub
DA:11,0
DA:12,0
DA:13,0
DA:17,0
DA:18,0
DA:19,0
DA:21,0
DA:22,0
DA:27,0
DA:31,0
DA:35,0
DA:39,0
DA:40,0
DA:41,0
DA:45,0
DA:46,0
DA:50,0
DA:51,0
DA:52,0
DA:54,0
DA:55,0
LF:21
LH:0
BRDA:17,1,0,0
BRDA:17,1,1,0
BRDA:50,2,0,0
BRDA:50,2,1,0
BRF:4
BRH:0
end_of_record
TN:
SF:/Users/tallywiesenberg/Repositories/Tellor/tellorX/contracts/tellor3/Tellor.sol
FN:59,constructor
FN:69,addTip
FN:93,migrate
FN:104,migrateFor
FN:119,submitMiningSolution
FN:143,_adjustDifficulty
FN:162,_getMin
FN:182,_getTopRequestIDs
FN:204,_migrate
FN:218,_migrateFor
FN:235,_newBlock
FN:324,_payReward
FN:349,_submitMiningSolution
FN:427,_updateOnDeck
FN:471,_verifyNonce
FN:502,
FNF:16
FNH:0
FNDA:0,constructor
FNDA:0,addTip
FNDA:0,migrate
FNDA:0,migrateFor
FNDA:0,submitMiningSolution
FNDA:0,_adjustDifficulty
FNDA:0,_getMin
FNDA:0,_getTopRequestIDs
FNDA:0,_migrate
FNDA:0,_migrateFor
FNDA:0,_newBlock
FNDA:0,_payReward
FNDA:0,_submitMiningSolution
FNDA:0,_updateOnDeck
FNDA:0,_verifyNonce
FNDA:0,
DA:60,0
DA:70,0
DA:71,0
DA:72,0
DA:73,0
DA:74,0
DA:76,0
DA:78,0
DA:80,0
DA:81,0
DA:94,0
DA:109,0
DA:110,0
DA:124,0
DA:125,0
DA:130,0
DA:131,0
DA:133,0
DA:134,0
DA:147,0
DA:148,0
DA:149,0
DA:150,0
DA:151,0
DA:152,0
DA:154,0
DA:167,0
DA:168,0
DA:169,0
DA:170,0
DA:171,0
DA:172,0
DA:187,0
DA:188,0
DA:189,0
DA:190,0
DA:191,0
DA:192,0
DA:194,0
DA:205,0
DA:206,0
DA:207,0
DA:223,0
DA:224,0
DA:225,0
DA:238,0
DA:239,0
DA:240,0
DA:241,0
DA:242,0
DA:244,0
DA:245,0
DA:246,0
DA:247,0
DA:248,0
DA:249,0
DA:250,0
DA:251,0
DA:252,0
DA:255,0
DA:258,0
DA:260,0
DA:261,0
DA:262,0
DA:265,0
DA:267,0
DA:268,0
DA:269,0
DA:270,0
DA:272,0
DA:274,0
DA:275,0
DA:276,0
DA:277,0
DA:278,0
DA:280,0
DA:288,0
DA:289,0
DA:294,0
DA:295,0
DA:296,0
DA:297,0
DA:298,0
DA:299,0
DA:302,0
DA:306,0
DA:309,0
DA:310,0
DA:328,0
DA:329,0
DA:330,0
DA:331,0
DA:332,0
DA:333,0
DA:334,0
DA:335,0
DA:336,0
DA:337,0
DA:338,0
DA:354,0
DA:355,0
DA:359,0
DA:363,0
DA:367,0
DA:371,0
DA:375,0
DA:379,0
DA:380,0
DA:381,0
DA:383,0
DA:388,0
DA:390,0
DA:392,0
DA:393,0
DA:394,0
DA:395,0
DA:396,0
DA:397,0
DA:398,0
DA:399,0
DA:400,0
DA:401,0
DA:402,0
DA:403,0
DA:405,0
DA:413,0
DA:415,0
DA:416,0
DA:418,0
DA:428,0
DA:429,0
DA:432,0
DA:439,0
DA:443,0
DA:444,0
DA:445,0
DA:446,0
DA:450,0
DA:451,0
DA:452,0
DA:454,0
DA:455,0
DA:459,0
DA:472,0
DA:503,0
DA:504,0
DA:505,0
LF:147
LH:0
BRDA:70,1,0,0
BRDA:70,1,1,0
BRDA:71,2,0,0
BRDA:71,2,1,0
BRDA:73,3,0,0
BRDA:73,3,1,0
BRDA:76,4,0,0
BRDA:76,4,1,0
BRDA:109,5,0,0
BRDA:109,5,1,0
BRDA:125,6,0,0
BRDA:125,6,1,0
BRDA:130,7,0,0
BRDA:130,7,1,0
BRDA:151,8,0,0
BRDA:151,8,1,0
BRDA:170,9,0,0
BRDA:170,9,1,0
BRDA:191,10,0,0
BRDA:191,10,1,0
BRDA:205,11,0,0
BRDA:205,11,1,0
BRDA:223,12,0,0
BRDA:223,12,1,0
BRDA:223,13,0,0
BRDA:223,13,1,0
BRDA:260,14,0,0
BRDA:260,14,1,0
BRDA:355,15,0,0
BRDA:355,15,1,0
BRDA:359,16,0,0
BRDA:359,16,1,0
BRDA:363,17,0,0
BRDA:363,17,1,0
BRDA:367,18,0,0
BRDA:367,18,1,0
BRDA:371,19,0,0
BRDA:371,19,1,0
BRDA:375,20,0,0
BRDA:375,20,1,0
BRDA:383,21,0,0
BRDA:383,21,1,0
BRDA:402,22,0,0
BRDA:402,22,1,0
BRDA:413,23,0,0
BRDA:413,23,1,0
BRDA:432,24,0,0
BRDA:432,24,1,0
BRDA:443,25,0,0
BRDA:443,25,1,0
BRDA:450,26,0,0
BRDA:450,26,1,0
BRDA:472,27,0,0
BRDA:472,27,1,0
BRF:54
BRH:0
end_of_record
TN:
SF:/Users/tallywiesenberg/Repositories/Tellor/tellorX/contracts/tellor3/TellorGetters.sol
FN:22,didMine
FN:36,didVote
FN:52,getAddressVars
FN:77,getAllDisputeVars
FN:121,getDisputeIdByDisputeHash
FN:137,getDisputeUintVars
FN:150,getLastNewValueById
FN:177,getMinedBlockNum
FN:191,getMinersByRequestIdAndTimestamp
FN:205,getNewValueCountbyRequestId
FN:218,getRequestIdByRequestQIndex
FN:231,getRequestQ
FN:244,getRequestUintVars
FN:258,getRequestVars
FN:276,getStakerInfo
FN:293,getSubmissionsByTimestamp
FN:307,getTimestampbyRequestIDandIndex
FN:322,getUintVar
FN:332,isInDispute
FN:346,retrieveData
FN:358,totalSupply
FN:365,name
FN:372,symbol
FN:379,decimals
FN:387,getNewCurrentVariables
FN:411,getNewVariablesOnDeck
FN:427,getTopRequestIDs
FNF:27
FNH:0
FNDA:0,didMine
FNDA:0,didVote
FNDA:0,getAddressVars
FNDA:0,getAllDisputeVars
FNDA:0,getDisputeIdByDisputeHash
FNDA:0,getDisputeUintVars
FNDA:0,getLastNewValueById
FNDA:0,getMinedBlockNum
FNDA:0,getMinersByRequestIdAndTimestamp
FNDA:0,getNewValueCountbyRequestId
FNDA:0,getRequestIdByRequestQIndex
FNDA:0,getRequestQ
FNDA:0,getRequestUintVars
FNDA:0,getRequestVars
FNDA:0,getStakerInfo
FNDA:0,getSubmissionsByTimestamp
FNDA:0,getTimestampbyRequestIDandIndex
FNDA:0,getUintVar
FNDA:0,isInDispute
FNDA:0,retrieveData
FNDA:0,totalSupply
FNDA:0,name
FNDA:0,symbol
FNDA:0,decimals
FNDA:0,getNewCurrentVariables
FNDA:0,getNewVariablesOnDeck
FNDA:0,getTopRequestIDs
DA:27,0
DA:41,0
DA:53,0
DA:92,0
DA:93,0
DA:126,0
DA:142,0
DA:155,0
DA:156,0
DA:157,0
DA:167,0
DA:182,0
DA:195,0
DA:210,0
DA:223,0
DA:224,0
DA:232,0
DA:249,0
DA:263,0
DA:264,0
DA:281,0
DA:298,0
DA:312,0
DA:323,0
DA:337,0
DA:351,0
DA:359,0
DA:366,0
DA:373,0
DA:380,0
DA:397,0
DA:398,0
DA:400,0
DA:416,0
DA:417,0
DA:418,0
DA:432,0
DA:433,0
DA:434,0
DA:435,0
DA:436,0
DA:437,0
DA:439,0
LF:43
LH:0
BRDA:156,1,0,0
BRDA:156,1,1,0
BRDA:223,2,0,0
BRDA:223,2,1,0
BRDA:436,3,0,0
BRDA:436,3,1,0
BRF:6
BRH:0
end_of_record
TN:
SF:/Users/tallywiesenberg/Repositories/Tellor/tellorX/contracts/tellor3/TellorMaster.sol
FN:17,constructor
FN:55,changeDeity
FN:64,changeOwner
FN:73,changeTellorContract
FN:86,_delegate
FN:123,
FNF:6
FNH:0
FNDA:0,constructor
FNDA:0,changeDeity
FNDA:0,changeOwner
FNDA:0,changeTellorContract
FNDA:0,_delegate
FNDA:0,
DA:18,0
DA:19,0
DA:20,0
DA:21,0
DA:22,0
DA:23,0
DA:24,0
DA:25,0
DA:26,0
DA:27,0
DA:28,0
DA:29,0
DA:31,0
DA:32,0
DA:33,0
DA:34,0
DA:35,0
DA:38,0
DA:39,0
DA:40,0
DA:41,0
DA:44,0
DA:48,0
DA:56,0
DA:57,0
DA:65,0
DA:66,0
DA:74,0
DA:75,0
DA:77,0
DA:88,0
DA:124,0
DA:125,0
LF:33
LH:0
BRDA:56,1,0,0
BRDA:56,1,1,0
BRDA:65,2,0,0
BRDA:65,2,1,0
BRDA:74,3,0,0
BRDA:74,3,1,0
BRF:6
BRH:0
end_of_record
TN:
SF:/Users/tallywiesenberg/Repositories/Tellor/tellorX/contracts/tellor3/TellorStake.sol
FN:47,beginDispute
FN:123,proposeFork
FN:157,unlockDisputeFee
FN:261,verify
FN:270,vote
FN:305,_updateLastId
FN:332,_verify
FNF:7
FNH:0
FNDA:0,beginDispute
FNDA:0,proposeFork
FNDA:0,unlockDisputeFee
FNDA:0,verify
FNDA:0,vote
FNDA:0,_updateLastId
FNDA:0,_verify
DA:52,0
DA:53,0
DA:54,0
DA:57,0
DA:58,0
DA:59,0
DA:62,0
DA:63,0
DA:65,0
DA:66,0
DA:67,0
DA:69,0
DA:70,0
DA:71,0
DA:73,0
DA:74,0
DA:75,0
DA:76,0
DA:80,0
DA:84,0
DA:87,0
DA:88,0
DA:89,0
DA:90,0
DA:91,0
DA:92,0
DA:93,0
DA:94,0
DA:96,0
DA:97,0
DA:98,0
DA:100,0
DA:104,0
DA:105,0
DA:106,0
DA:107,0
DA:111,0
DA:112,0
DA:113,0
DA:115,0
DA:116,0
DA:124,0
DA:125,0
DA:126,0
DA:127,0
DA:128,0
DA:129,0
DA:130,0
DA:131,0
DA:132,0
DA:136,0
DA:138,0
DA:139,0
DA:140,0
DA:142,0
DA:143,0
DA:144,0
DA:145,0
DA:146,0
DA:147,0
DA:148,0
DA:158,0
DA:159,0
DA:160,0
DA:168,0
DA:169,0
DA:171,0
DA:172,0
DA:174,0
DA:175,0
DA:176,0
DA:178,0
DA:179,0
DA:180,0
DA:181,0
DA:182,0
DA:186,0
DA:187,0
DA:188,0
DA:190,0
DA:192,0
DA:194,0
DA:195,0
DA:196,0
DA:198,0
DA:199,0
DA:200,0
DA:205,0
DA:207,0
DA:208,0
DA:211,0
DA:212,0
DA:214,0
DA:216,0
DA:223,0
DA:224,0
DA:226,0
DA:228,0
DA:230,0
DA:233,0
DA:234,0
DA:236,0
DA:237,0
DA:240,0
DA:241,0
DA:243,0
DA:250,0
DA:251,0
DA:252,0
DA:262,0
DA:271,0
DA:272,0
DA:273,0
DA:275,0
DA:277,0
DA:279,0
DA:281,0
DA:286,0
DA:288,0
DA:291,0
DA:292,0
DA:294,0
DA:297,0
DA:306,0
DA:307,0
DA:308,0
DA:311,0
DA:312,0
DA:314,0
DA:319,0
DA:320,0
DA:333,0
DA:337,0
LF:133
LH:0
BRDA:53,1,0,0
BRDA:53,1,1,0
BRDA:54,2,0,0
BRDA:54,2,1,0
BRDA:66,3,0,0
BRDA:66,3,1,0
BRDA:69,4,0,0
BRDA:69,4,1,0
BRDA:75,5,0,0
BRDA:75,5,1,0
BRDA:111,6,0,0
BRDA:111,6,1,0
BRDA:124,7,0,0
BRDA:124,7,1,0
BRDA:131,8,0,0
BRDA:131,8,1,0
BRDA:158,9,0,0
BRDA:158,9,1,0
BRDA:168,10,0,0
BRDA:168,10,1,0
BRDA:175,11,0,0
BRDA:175,11,1,0
BRDA:179,12,0,0
BRDA:179,12,1,0
BRDA:180,13,0,0
BRDA:180,13,1,0
BRDA:181,14,0,0
BRDA:181,14,1,0
BRDA:182,15,0,0
BRDA:182,15,1,0
BRDA:188,16,0,0
BRDA:188,16,1,0
BRDA:195,17,0,0
BRDA:195,17,1,0
BRDA:198,18,0,0
BRDA:198,18,1,0
BRDA:211,19,0,0
BRDA:211,19,1,0
BRDA:223,20,0,0
BRDA:223,20,1,0
BRDA:228,21,0,0
BRDA:228,21,1,0
BRDA:233,22,0,0
BRDA:233,22,1,0
BRDA:240,23,0,0
BRDA:240,23,1,0
BRDA:251,24,0,0
BRDA:251,24,1,0
BRDA:271,25,0,0
BRDA:271,25,1,0
BRDA:273,26,0,0
BRDA:273,26,1,0
BRDA:277,27,0,0
BRDA:277,27,1,0
BRDA:279,28,0,0
BRDA:279,28,1,0
BRDA:281,29,0,0
BRDA:281,29,1,0
BRDA:291,30,0,0
BRDA:291,30,1,0
BRDA:311,31,0,0
BRDA:311,31,1,0
BRDA:314,32,0,0
BRDA:314,32,1,0
BRDA:319,33,0,0
BRDA:319,33,1,0
BRDA:320,34,0,0
BRDA:320,34,1,0
BRDA:337,35,0,0
BRDA:337,35,1,0
BRF:70
BRH:0
end_of_record
TN:
SF:/Users/tallywiesenberg/Repositories/Tellor/tellorX/contracts/tellor3/TellorStorage.sol
FNF:0
FNH:0
LF:0
LH:0
BRF:0
BRH:0
end_of_record
TN:
SF:/Users/tallywiesenberg/Repositories/Tellor/tellorX/contracts/tellor3/TellorTransfer.sol
FN:32,allowance
FN:47,allowedToTrade
FN:71,approve
FN:84,balanceOf
FN:94,balanceOfAt
FN:129,transfer
FN:144,transferFrom
FN:166,_doTransfer
FN:194,_doMint
FN:218,_doBurn
FN:243,_updateBalanceAtNow
FNF:11
FNH:0
FNDA:0,allowance
FNDA:0,allowedToTrade
FNDA:0,approve
FNDA:0,balanceOf
FNDA:0,balanceOfAt
FNDA:0,transfer
FNDA:0,transferFrom
FNDA:0,_doTransfer
FNDA:0,_doMint
FNDA:0,_doBurn
FNDA:0,_updateBalanceAtNow
DA:37,0
DA:52,0
DA:57,0
DA:58,0
DA:60,0
DA:62,0
DA:72,0
DA:74,0
DA:75,0
DA:76,0
DA:85,0
DA:99,0
DA:100,0
DA:103,0
DA:105,0
DA:106,0
DA:108,0
DA:109,0
DA:110,0
DA:111,0
DA:112,0
DA:113,0
DA:115,0
DA:117,0
DA:120,0
DA:133,0
DA:134,0
DA:149,0
DA:153,0
DA:154,0
DA:155,0
DA:171,0
DA:172,0
DA:173,0
DA:177,0
DA:178,0
DA:179,0
DA:180,0
DA:181,0
DA:185,0
DA:186,0
DA:195,0
DA:196,0
DA:197,0
DA:198,0
DA:199,0
DA:203,0
DA:204,0
DA:208,0
DA:209,0
DA:210,0
DA:219,0
DA:220,0
DA:224,0
DA:225,0
DA:226,0
DA:230,0
DA:231,0
DA:235,0
DA:236,0
DA:244,0
DA:245,0
DA:249,0
DA:256,0
DA:258,0
LF:65
LH:0
BRDA:52,1,0,0
BRDA:52,1,1,0
BRDA:57,2,0,0
BRDA:57,2,1,0
BRDA:72,3,0,0
BRDA:72,3,1,0
BRDA:100,4,0,0
BRDA:100,4,1,0
BRDA:105,5,0,0
BRDA:105,5,1,0
BRDA:112,6,0,0
BRDA:112,6,1,0
BRDA:114,7,0,0
BRDA:114,7,1,0
BRDA:149,8,0,0
BRDA:149,8,1,0
BRDA:171,9,0,0
BRDA:171,9,1,0
BRDA:172,10,0,0
BRDA:172,10,1,0
BRDA:173,11,0,0
BRDA:173,11,1,0
BRDA:181,12,0,0
BRDA:181,12,1,0
BRDA:195,13,0,0
BRDA:195,13,1,0
BRDA:196,14,0,0
BRDA:196,14,1,0
BRDA:199,15,0,0
BRDA:199,15,1,0
BRDA:204,16,0,0
BRDA:204,16,1,0
BRDA:219,17,0,0
BRDA:219,17,1,0
BRDA:220,18,0,0
BRDA:220,18,1,0
BRDA:226,19,0,0
BRDA:226,19,1,0
BRDA:231,20,0,0
BRDA:231,20,1,0
BRDA:245,21,0,0
BRDA:245,21,1,0
BRF:42
BRH:0
end_of_record
TN:
SF:/Users/tallywiesenberg/Repositories/Tellor/tellorX/contracts/tellor3/TellorVariables.sol
FNF:0
FNH:0
LF:0
LH:0
BRF:0
BRH:0
end_of_record
TN:
SF:/Users/tallywiesenberg/Repositories/Tellor/tellorX/contracts/tellor3/Utilities.sol
FN:16,_getMax5
FNF:1
FNH:0
FNDA:0,_getMax5
DA:21,0
DA:22,0
DA:23,0
DA:24,0
DA:25,0
DA:26,0
DA:27,0
DA:28,0
DA:31,0
DA:32,0
DA:33,0
DA:34,0
DA:35,0
DA:36,0
DA:37,0
DA:38,0
DA:39,0
LF:17
LH:0
BRDA:26,1,0,0
BRDA:26,1,1,0
BRDA:32,2,0,0
BRDA:32,2,1,0
BRDA:37,3,0,0
BRDA:37,3,1,0
BRF:6
BRH:0
end_of_record
TN:
SF:/Users/tallywiesenberg/Repositories/Tellor/tellorX/contracts/TellorStaking.sol
FN:27,changeStakingStatus
FN:40,depositStake
FN:67,requestStakingWithdraw
FN:86,slashReporter
FN:106,withdrawStake
FN:122,getStakerInfo
FNF:6
FNH:0
FNDA:0,changeStakingStatus
FNDA:0,depositStake
FNDA:0,requestStakingWithdraw
FNDA:0,slashReporter
FNDA:0,withdrawStake
FNDA:0,getStakerInfo
DA:28,0
DA:33,0
DA:34,0
DA:42,0
DA:49,0
DA:55,0
DA:56,0
DA:60,0
DA:61,0
DA:69,0
DA:70,0
DA:72,0
DA:73,0
DA:75,0
DA:76,0
DA:77,0
DA:87,0
DA:92,0
DA:94,0
DA:95,0
DA:99,0
DA:107,0
DA:109,0
DA:110,0
DA:111,0
DA:112,0
DA:127,0
LF:27
LH:0
BRDA:28,1,0,0
BRDA:28,1,1,0
BRDA:42,2,0,0
BRDA:42,2,1,0
BRDA:49,3,0,0
BRDA:49,3,1,0
BRDA:70,4,0,0
BRDA:70,4,1,0
BRDA:87,5,0,0
BRDA:87,5,1,0
BRDA:94,6,0,0
BRDA:94,6,1,0
BRDA:98,7,0,0
BRDA:98,7,1,0
BRDA:109,8,0,0
BRDA:109,8,1,0
BRDA:110,9,0,0
BRDA:110,9,1,0
BRF:18
BRH:0
end_of_record
TN:
SF:/Users/tallywiesenberg/Repositories/Tellor/tellorX/contracts/TellorVars.sol
FNF:0
FNH:0
LF:0
LH:0
BRF:0
BRH:0
end_of_record
TN:
SF:/Users/tallywiesenberg/Repositories/Tellor/tellorX/contracts/testing/IPriceFeed.sol
FNF:0
FNH:0
LF:0
LH:0
BRF:0
BRH:0
end_of_record
TN:
SF:/Users/tallywiesenberg/Repositories/Tellor/tellorX/contracts/testing/IsUsingTellor.sol
FN:8,constructor
FNF:1
FNH:0
FNDA:0,constructor
LF:0
LH:0
BRF:0
BRH:0
end_of_record
TN:
SF:/Users/tallywiesenberg/Repositories/Tellor/tellorX/contracts/testing/MedianOracle.sol
FN:7,pushReport
FNF:1
FNH:0
FNDA:0,pushReport
DA:8,0
LF:1
LH:0
BRF:0
BRH:0
end_of_record
TN:
SF:/Users/tallywiesenberg/Repositories/Tellor/tellorX/contracts/testing/TellorProvider.sol
FN:31,constructor
FN:36,pushTellor
FN:47,verifyTellorReports
FN:54,getTellorData
FNF:4
FNH:0
FNDA:0,constructor
FNDA:0,pushTellor
FNDA:0,verifyTellorReports
FNDA:0,getTellorData
DA:32,0
DA:33,0
DA:37,0
DA:39,0
DA:40,0
DA:42,0
DA:44,0
DA:49,0
DA:50,0
DA:55,0
DA:56,0
DA:57,0
DA:58,0
DA:59,0
DA:61,0
LF:15
LH:0
BRDA:39,1,0,0
BRDA:39,1,1,0
BRDA:49,2,0,0
BRDA:49,2,1,0
BRDA:56,3,0,0
BRDA:56,3,1,0
BRF:6
BRH:0
end_of_record
TN:
SF:/Users/tallywiesenberg/Repositories/Tellor/tellorX/contracts/testing/TestController.sol
FN:14,constructor
FN:20,changeAddressVar
FN:24,sliceUintTest
FNF:3
FNH:0
FNDA:0,constructor
FNDA:0,changeAddressVar
FNDA:0,sliceUintTest
DA:17,0
DA:21,0
DA:25,0
LF:3
LH:0
BRF:0
BRH:0
end_of_record
TN:
SF:/Users/tallywiesenberg/Repositories/Tellor/tellorX/contracts/testing/TestGovernance.sol
FN:14,
FNF:1
FNH:0
FNDA:0,
DA:10,0
DA:15,0
LF:2
LH:0
BRF:0
BRH:0
end_of_record
TN:
SF:/Users/tallywiesenberg/Repositories/Tellor/tellorX/contracts/testing/TestToken.sol
FN:13,mint
FNF:1
FNH:0
FNDA:0,mint
DA:10,0
DA:14,0
LF:2
LH:0
BRF:0
BRH:0
end_of_record
TN:
SF:/Users/tallywiesenberg/Repositories/Tellor/tellorX/contracts/testing/UsingTellor.sol
FN:560,constructor
FN:570,retrieveData
FN:584,isInDispute
FN:597,getNewValueCountbyRequestId
FN:612,getTimestampbyRequestIDandIndex
FN:627,getCurrentValue
FN:645,getIndexForDataBefore
FN:713,getDataBefore
FNF:8
FNH:0
FNDA:0,constructor
FNDA:0,retrieveData
FNDA:0,isInDispute
FNDA:0,getNewValueCountbyRequestId
FNDA:0,getTimestampbyRequestIDandIndex
FNDA:0,getCurrentValue
FNDA:0,getIndexForDataBefore
FNDA:0,getDataBefore
DA:561,0
DA:575,0
DA:589,0
DA:602,0
DA:617,0
DA:636,0
DA:637,0
DA:639,0
DA:640,0
DA:641,0
DA:650,0
DA:651,0
DA:652,0
DA:653,0
DA:654,0
DA:655,0
DA:658,0
DA:659,0
DA:660,0
DA:661,0
DA:664,0
DA:665,0
DA:666,0
DA:670,0
DA:672,0
DA:677,0
DA:679,0
DA:682,0
DA:685,0
DA:690,0
DA:692,0
DA:695,0
DA:702,0
DA:722,0
DA:724,0
DA:725,0
DA:727,0
DA:729,0
DA:730,0
LF:39
LH:0
BRDA:640,1,0,0
BRDA:640,1,1,0
BRDA:651,2,0,0
BRDA:651,2,1,0
BRDA:659,3,0,0
BRDA:659,3,1,0
BRDA:661,4,0,0
BRDA:661,4,1,0
BRDA:670,5,0,0
BRDA:670,5,1,0
BRDA:677,6,0,0
BRDA:677,6,1,0
BRDA:690,7,0,0
BRDA:690,7,1,0
BRDA:724,8,0,0
BRDA:724,8,1,0
BRDA:729,9,0,0
BRDA:729,9,1,0
BRF:18
BRH:0
end_of_record
TN:
SF:/Users/tallywiesenberg/Repositories/Tellor/tellorX/contracts/Token.sol
FN:30,allowance
FN:45,allowedToTrade
FN:66,approve
FN:83,approveAndTransferFrom
FN:104,balanceOf
FN:114,balanceOfAt
FN:148,burn
FN:157,transfer
FN:172,transferFrom
FN:192,_doBurn
FN:211,_doMint
FN:230,_doTransfer
FN:256,_updateBalanceAtNow
FNF:13
FNH:0
FNDA:0,allowance
FNDA:0,allowedToTrade
FNDA:0,approve
FNDA:0,approveAndTransferFrom
FNDA:0,balanceOf
FNDA:0,balanceOfAt
FNDA:0,burn
FNDA:0,transfer
FNDA:0,transferFrom
FNDA:0,_doBurn
FNDA:0,_doMint
FNDA:0,_doTransfer
FNDA:0,_updateBalanceAtNow
DA:35,0
DA:50,0
DA:55,0
DA:57,0
DA:70,0
DA:71,0
DA:72,0
DA:73,0
DA:88,0
DA:95,0
DA:96,0
DA:105,0
DA:119,0
DA:120,0
DA:123,0
DA:125,0
DA:126,0
DA:128,0
DA:129,0
DA:130,0
DA:131,0
DA:132,0
DA:133,0
DA:135,0
DA:137,0
DA:140,0
DA:149,0
DA:161,0
DA:162,0
DA:177,0
DA:181,0
DA:182,0
DA:183,0
DA:194,0
DA:195,0
DA:199,0
DA:200,0
DA:202,0
DA:203,0
DA:213,0
DA:214,0
DA:215,0
DA:216,0
DA:218,0
DA:219,0
DA:220,0
DA:236,0
DA:237,0
DA:238,0
DA:243,0
DA:244,0
DA:245,0
DA:247,0
DA:248,0
DA:249,0
DA:257,0
DA:259,0
DA:264,0
DA:272,0
DA:275,0
LF:60
LH:0
BRDA:50,1,0,0
BRDA:50,1,1,0
BRDA:70,2,0,0
BRDA:70,2,1,0
BRDA:88,3,0,0
BRDA:88,3,1,0
BRDA:120,4,0,0
BRDA:120,4,1,0
BRDA:125,5,0,0
BRDA:125,5,1,0
BRDA:132,6,0,0
BRDA:132,6,1,0
BRDA:134,7,0,0
BRDA:134,7,1,0
BRDA:177,8,0,0
BRDA:177,8,1,0
BRDA:194,9,0,0
BRDA:194,9,1,0
BRDA:195,10,0,0
BRDA:195,10,1,0
BRDA:213,11,0,0
BRDA:213,11,1,0
BRDA:214,12,0,0
BRDA:214,12,1,0
BRDA:236,13,0,0
BRDA:236,13,1,0
BRDA:237,14,0,0
BRDA:237,14,1,0
BRDA:238,15,0,0
BRDA:238,15,1,0
BRDA:259,16,0,0
BRDA:259,16,1,0
BRF:32
BRH:0
end_of_record
TN:
SF:/Users/tallywiesenberg/Repositories/Tellor/tellorX/contracts/Transition.sol
FN:24,constructor
FN:41,init
FN:65,decimals
FN:77,getAddressVars
FN:102,getAllDisputeVars
FN:146,getDisputeIdByDisputeHash
FN:162,getDisputeUintVars
FN:176,getLastNewValueById
FN:219,getNewCurrentVariables
FN:244,getNewValueCountbyRequestId
FN:265,getTimestampbyRequestIDandIndex
FN:290,getUintVar
FN:299,isMigrated
FN:306,name
FN:316,retrieveData
FN:336,symbol
FN:344,totalSupply
FN:352,
FN:393,_sliceUint
FNF:19
FNH:0
FNDA:0,constructor
FNDA:0,init
FNDA:0,decimals
FNDA:0,getAddressVars
FNDA:0,getAllDisputeVars
FNDA:0,getDisputeIdByDisputeHash
FNDA:0,getDisputeUintVars
FNDA:0,getLastNewValueById
FNDA:0,getNewCurrentVariables
FNDA:0,getNewValueCountbyRequestId
FNDA:0,getTimestampbyRequestIDandIndex
FNDA:0,getUintVar
FNDA:0,isMigrated
FNDA:0,name
FNDA:0,retrieveData
FNDA:0,symbol
FNDA:0,totalSupply
FNDA:0,
FNDA:0,_sliceUint
DA:29,0
DA:33,0
DA:34,0
DA:35,0
DA:42,0
DA:47,0
DA:48,0
DA:49,0
DA:51,0
DA:52,0
DA:55,0
DA:56,0
DA:66,0
DA:78,0
DA:117,0
DA:118,0
DA:151,0
DA:167,0
DA:182,0
DA:184,0
DA:186,0
DA:199,0
DA:200,0
DA:201,0
DA:211,0
DA:229,0
DA:230,0
DA:231,0
DA:232,0
DA:250,0
DA:252,0
DA:253,0
DA:255,0
DA:271,0
DA:277,0
DA:279,0
DA:291,0
DA:300,0
DA:307,0
DA:321,0
DA:322,0
DA:324,0
DA:337,0
DA:345,0
DA:353,0
DA:355,0
DA:356,0
DA:357,0
DA:360,0
DA:373,0
DA:374,0
DA:394,0
DA:395,0
DA:396,0
DA:397,0
DA:399,0
LF:56
LH:0
BRDA:29,1,0,0
BRDA:29,1,1,0
BRDA:42,2,0,0
BRDA:42,2,1,0
BRDA:184,3,0,0
BRDA:184,3,1,0
BRDA:200,4,0,0
BRDA:200,4,1,0
BRDA:252,5,0,0
BRDA:252,5,1,0
BRDA:321,6,0,0
BRDA:321,6,1,0
BRDA:360,7,0,0
BRDA:360,7,1,0
BRF:14
BRH:0
end_of_record
TN:
SF:/Users/tallywiesenberg/Repositories/Tellor/tellorX/contracts/Treasury.sol
FN:52,buyTreasury
FN:95,delegateVotingPower
FN:111,issueTreasury
FN:147,payTreasury
FN:242,getTreasuryAccount
FN:262,getTreasuryCount
FN:266,getTreasuryDetails
FN:289,getTreasuryFundsByUser
FN:302,getTreasuryOwners
FN:313,verify
FN:323,wasPaid
FNF:11
FNH:0
FNDA:0,buyTreasury
FNDA:0,delegateVotingPower
FNDA:0,issueTreasury
FNDA:0,payTreasury
FNDA:0,getTreasuryAccount
FNDA:0,getTreasuryCount
FNDA:0,getTreasuryDetails
FNDA:0,getTreasuryFundsByUser
FNDA:0,getTreasuryOwners
FNDA:0,verify
FNDA:0,wasPaid
DA:54,0
DA:55,0
DA:63,0
DA:65,0
DA:66,0
DA:70,0
DA:75,0
DA:78,0
DA:79,0
DA:82,0
DA:84,0
DA:85,0
DA:86,0
DA:87,0
DA:96,0
DA:101,0
DA:116,0
DA:121,0
DA:126,0
DA:130,0
DA:132,0
DA:133,0
DA:134,0
DA:135,0
DA:136,0
DA:137,0
DA:138,0
DA:149,0
DA:150,0
DA:154,0
DA:158,0
DA:163,0
DA:164,0
DA:165,0
DA:169,0
DA:170,0
DA:172,0
DA:173,0
DA:176,0
DA:180,0
DA:181,0
DA:182,0
DA:187,0
DA:188,0
DA:191,0
DA:192,0
DA:197,0
DA:201,0
DA:202,0
DA:204,0
DA:208,0
DA:210,0
DA:211,0
DA:215,0
DA:216,0
DA:219,0
DA:220,0
DA:224,0
DA:225,0
DA:226,0
DA:251,0
DA:263,0
DA:276,0
DA:294,0
DA:307,0
DA:314,0
DA:328,0
LF:67
LH:0
BRDA:54,1,0,0
BRDA:54,1,1,0
BRDA:55,2,0,0
BRDA:55,2,1,0
BRDA:66,3,0,0
BRDA:66,3,1,0
BRDA:70,4,0,0
BRDA:70,4,1,0
BRDA:78,5,0,0
BRDA:78,5,1,0
BRDA:96,6,0,0
BRDA:96,6,1,0
BRDA:116,7,0,0
BRDA:116,7,1,0
BRDA:121,8,0,0
BRDA:121,8,1,0
BRDA:126,9,0,0
BRDA:126,9,1,0
BRDA:130,10,0,0
BRDA:130,10,1,0
BRDA:150,11,0,0
BRDA:150,11,1,0
BRDA:154,12,0,0
BRDA:154,12,1,0
BRDA:158,13,0,0
BRDA:158,13,1,0
BRDA:169,14,0,0
BRDA:169,14,1,0
BRDA:172,15,0,0
BRDA:172,15,1,0
BRDA:181,16,0,0
BRDA:181,16,1,0
BRDA:191,17,0,0
BRDA:191,17,1,0
BRDA:201,18,0,0
BRDA:201,18,1,0
BRDA:210,19,0,0
BRDA:210,19,1,0
BRDA:215,20,0,0
BRDA:215,20,1,0
BRF:40
BRH:0
end_of_record
